{"C:\\Users\\pc\\Desktop\\Famers-digital-Market\\src\\index.ts": {"path":"C:\\Users\\pc\\Desktop\\Famers-digital-Market\\src\\index.ts","statementMap":{"0":{"start":{"line":1,"column":0},"end":{"line":1,"column":47}},"1":{"start":{"line":2,"column":0},"end":{"line":2,"column":24}},"2":{"start":{"line":3,"column":0},"end":{"line":3,"column":28}},"3":{"start":{"line":4,"column":0},"end":{"line":4,"column":24}},"4":{"start":{"line":5,"column":0},"end":{"line":5,"column":45}},"5":{"start":{"line":6,"column":0},"end":{"line":6,"column":64}},"6":{"start":{"line":7,"column":0},"end":{"line":7,"column":47}},"7":{"start":{"line":8,"column":0},"end":{"line":8,"column":51}},"8":{"start":{"line":9,"column":0},"end":{"line":9,"column":48}},"9":{"start":{"line":10,"column":0},"end":{"line":10,"column":55}},"10":{"start":{"line":11,"column":0},"end":{"line":11,"column":47}},"11":{"start":{"line":12,"column":0},"end":{"line":12,"column":64}},"12":{"start":{"line":13,"column":0},"end":{"line":13,"column":51}},"13":{"start":{"line":14,"column":0},"end":{"line":14,"column":51}},"14":{"start":{"line":15,"column":0},"end":{"line":15,"column":68}},"15":{"start":{"line":16,"column":0},"end":{"line":16,"column":49}},"16":{"start":{"line":17,"column":0},"end":{"line":17,"column":45}},"17":{"start":{"line":18,"column":0},"end":{"line":18,"column":65}},"18":{"start":{"line":19,"column":0},"end":{"line":19,"column":45}},"19":{"start":{"line":20,"column":0},"end":{"line":20,"column":74}},"20":{"start":{"line":23,"column":0},"end":{"line":23,"column":16}},"21":{"start":{"line":25,"column":22},"end":{"line":66,"column":1}},"22":{"start":{"line":26,"column":16},"end":{"line":26,"column":25}},"23":{"start":{"line":29,"column":4},"end":{"line":29,"column":28}},"24":{"start":{"line":30,"column":4},"end":{"line":34,"column":8}},"25":{"start":{"line":35,"column":4},"end":{"line":35,"column":35}},"26":{"start":{"line":36,"column":4},"end":{"line":36,"column":20}},"27":{"start":{"line":39,"column":4},"end":{"line":39,"column":77}},"28":{"start":{"line":40,"column":4},"end":{"line":40,"column":76}},"29":{"start":{"line":43,"column":4},"end":{"line":43,"column":68}},"30":{"start":{"line":44,"column":4},"end":{"line":44,"column":93}},"31":{"start":{"line":45,"column":4},"end":{"line":45,"column":68}},"32":{"start":{"line":46,"column":4},"end":{"line":46,"column":78}},"33":{"start":{"line":49,"column":4},"end":{"line":49,"column":37}},"34":{"start":{"line":50,"column":4},"end":{"line":50,"column":39}},"35":{"start":{"line":51,"column":4},"end":{"line":51,"column":43}},"36":{"start":{"line":52,"column":4},"end":{"line":52,"column":41}},"37":{"start":{"line":53,"column":4},"end":{"line":53,"column":47}},"38":{"start":{"line":54,"column":4},"end":{"line":54,"column":40}},"39":{"start":{"line":55,"column":4},"end":{"line":55,"column":44}},"40":{"start":{"line":56,"column":4},"end":{"line":56,"column":44}},"41":{"start":{"line":57,"column":4},"end":{"line":57,"column":41}},"42":{"start":{"line":58,"column":4},"end":{"line":58,"column":37}},"43":{"start":{"line":61,"column":4},"end":{"line":63,"column":7}},"44":{"start":{"line":62,"column":8},"end":{"line":62,"column":53}},"45":{"start":{"line":65,"column":4},"end":{"line":65,"column":15}},"46":{"start":{"line":68,"column":12},"end":{"line":68,"column":27}},"47":{"start":{"line":69,"column":0},"end":{"line":69,"column":19}}},"fnMap":{"0":{"name":"(anonymous_1)","decl":{"start":{"line":25,"column":22},"end":{"line":25,"column":38}},"loc":{"start":{"line":25,"column":40},"end":{"line":66,"column":1}}},"1":{"name":"(anonymous_2)","decl":{"start":{"line":61,"column":17},"end":{"line":61,"column":18}},"loc":{"start":{"line":61,"column":28},"end":{"line":63,"column":5}}}},"branchMap":{},"s":{"0":0,"1":0,"2":0,"3":0,"4":0,"5":0,"6":0,"7":0,"8":0,"9":0,"10":0,"11":0,"12":0,"13":0,"14":0,"15":0,"16":0,"17":0,"18":0,"19":0,"20":0,"21":0,"22":0,"23":0,"24":0,"25":0,"26":0,"27":0,"28":0,"29":0,"30":0,"31":0,"32":0,"33":0,"34":0,"35":0,"36":0,"37":0,"38":0,"39":0,"40":0,"41":0,"42":0,"43":0,"44":0,"45":0,"46":0,"47":0},"f":{"0":0,"1":0},"b":{}}
,"C:\\Users\\pc\\Desktop\\Famers-digital-Market\\src\\server.ts": {"path":"C:\\Users\\pc\\Desktop\\Famers-digital-Market\\src\\server.ts","statementMap":{"0":{"start":{"line":1,"column":0},"end":{"line":1,"column":28}},"1":{"start":{"line":2,"column":0},"end":{"line":2,"column":26}},"2":{"start":{"line":3,"column":0},"end":{"line":3,"column":38}},"3":{"start":{"line":6,"column":0},"end":{"line":6,"column":16}},"4":{"start":{"line":9,"column":13},"end":{"line":9,"column":37}},"5":{"start":{"line":12,"column":0},"end":{"line":14,"column":3}},"6":{"start":{"line":13,"column":4},"end":{"line":13,"column":65}},"7":{"start":{"line":17,"column":0},"end":{"line":19,"column":72}},"8":{"start":{"line":18,"column":16},"end":{"line":18,"column":62}},"9":{"start":{"line":19,"column":20},"end":{"line":19,"column":70}}},"fnMap":{"0":{"name":"(anonymous_1)","decl":{"start":{"line":12,"column":17},"end":{"line":12,"column":20}},"loc":{"start":{"line":12,"column":22},"end":{"line":14,"column":1}}},"1":{"name":"(anonymous_2)","decl":{"start":{"line":18,"column":10},"end":{"line":18,"column":13}},"loc":{"start":{"line":18,"column":16},"end":{"line":18,"column":62}}},"2":{"name":"(anonymous_3)","decl":{"start":{"line":19,"column":11},"end":{"line":19,"column":12}},"loc":{"start":{"line":19,"column":20},"end":{"line":19,"column":70}}}},"branchMap":{"0":{"loc":{"start":{"line":9,"column":13},"end":{"line":9,"column":37}},"type":"binary-expr","locations":[{"start":{"line":9,"column":13},"end":{"line":9,"column":29}},{"start":{"line":9,"column":33},"end":{"line":9,"column":37}}]}},"s":{"0":0,"1":0,"2":0,"3":0,"4":0,"5":0,"6":0,"7":0,"8":0,"9":0},"f":{"0":0,"1":0,"2":0},"b":{"0":[0,0]}}
,"C:\\Users\\pc\\Desktop\\Famers-digital-Market\\src\\controllers\\authControllers.ts": {"path":"C:\\Users\\pc\\Desktop\\Famers-digital-Market\\src\\controllers\\authControllers.ts","statementMap":{"0":{"start":{"line":2,"column":0},"end":{"line":2,"column":54}},"1":{"start":{"line":4,"column":0},"end":{"line":4,"column":62}},"2":{"start":{"line":6,"column":13},"end":{"line":79,"column":2}},"3":{"start":{"line":8,"column":4},"end":{"line":16,"column":5}},"4":{"start":{"line":9,"column":6},"end":{"line":9,"column":49}},"5":{"start":{"line":10,"column":21},"end":{"line":10,"column":57}},"6":{"start":{"line":11,"column":6},"end":{"line":11,"column":47}},"7":{"start":{"line":12,"column":6},"end":{"line":12,"column":23}},"8":{"start":{"line":14,"column":6},"end":{"line":14,"column":52}},"9":{"start":{"line":15,"column":6},"end":{"line":15,"column":53}},"10":{"start":{"line":20,"column":4},"end":{"line":30,"column":5}},"11":{"start":{"line":21,"column":34},"end":{"line":21,"column":42}},"12":{"start":{"line":22,"column":6},"end":{"line":24,"column":7}},"13":{"start":{"line":23,"column":8},"end":{"line":23,"column":84}},"14":{"start":{"line":26,"column":21},"end":{"line":26,"column":68}},"15":{"start":{"line":27,"column":6},"end":{"line":27,"column":23}},"16":{"start":{"line":29,"column":6},"end":{"line":29,"column":53}},"17":{"start":{"line":35,"column":4},"end":{"line":47,"column":5}},"18":{"start":{"line":36,"column":20},"end":{"line":36,"column":45}},"19":{"start":{"line":38,"column":6},"end":{"line":40,"column":7}},"20":{"start":{"line":39,"column":8},"end":{"line":39,"column":83}},"21":{"start":{"line":42,"column":21},"end":{"line":42,"column":57}},"22":{"start":{"line":44,"column":6},"end":{"line":44,"column":23}},"23":{"start":{"line":46,"column":6},"end":{"line":46,"column":53}},"24":{"start":{"line":52,"column":4},"end":{"line":77,"column":5}},"25":{"start":{"line":53,"column":6},"end":{"line":55,"column":7}},"26":{"start":{"line":54,"column":8},"end":{"line":54,"column":76}},"27":{"start":{"line":58,"column":19},"end":{"line":58,"column":65}},"28":{"start":{"line":59,"column":6},"end":{"line":61,"column":7}},"29":{"start":{"line":60,"column":8},"end":{"line":60,"column":67}},"30":{"start":{"line":64,"column":22},"end":{"line":72,"column":8}},"31":{"start":{"line":74,"column":6},"end":{"line":74,"column":24}},"32":{"start":{"line":76,"column":6},"end":{"line":76,"column":53}}},"fnMap":{"0":{"name":"(anonymous_0)","decl":{"start":{"line":7,"column":12},"end":{"line":7,"column":17}},"loc":{"start":{"line":7,"column":50},"end":{"line":17,"column":3}}},"1":{"name":"(anonymous_1)","decl":{"start":{"line":19,"column":9},"end":{"line":19,"column":14}},"loc":{"start":{"line":19,"column":47},"end":{"line":31,"column":3}}},"2":{"name":"(anonymous_2)","decl":{"start":{"line":34,"column":15},"end":{"line":34,"column":20}},"loc":{"start":{"line":34,"column":53},"end":{"line":48,"column":3}}},"3":{"name":"(anonymous_3)","decl":{"start":{"line":51,"column":14},"end":{"line":51,"column":19}},"loc":{"start":{"line":51,"column":56},"end":{"line":78,"column":3}}}},"branchMap":{"0":{"loc":{"start":{"line":22,"column":6},"end":{"line":24,"column":7}},"type":"if","locations":[{"start":{"line":22,"column":6},"end":{"line":24,"column":7}},{"start":{},"end":{}}]},"1":{"loc":{"start":{"line":22,"column":10},"end":{"line":22,"column":29}},"type":"binary-expr","locations":[{"start":{"line":22,"column":10},"end":{"line":22,"column":16}},{"start":{"line":22,"column":20},"end":{"line":22,"column":29}}]},"2":{"loc":{"start":{"line":38,"column":6},"end":{"line":40,"column":7}},"type":"if","locations":[{"start":{"line":38,"column":6},"end":{"line":40,"column":7}},{"start":{},"end":{}}]},"3":{"loc":{"start":{"line":53,"column":6},"end":{"line":55,"column":7}},"type":"if","locations":[{"start":{"line":53,"column":6},"end":{"line":55,"column":7}},{"start":{},"end":{}}]},"4":{"loc":{"start":{"line":59,"column":6},"end":{"line":61,"column":7}},"type":"if","locations":[{"start":{"line":59,"column":6},"end":{"line":61,"column":7}},{"start":{},"end":{}}]}},"s":{"0":2,"1":2,"2":2,"3":3,"4":3,"5":3,"6":1,"7":1,"8":2,"9":2,"10":4,"11":4,"12":4,"13":2,"14":2,"15":1,"16":1,"17":3,"18":3,"19":3,"20":1,"21":2,"22":1,"23":1,"24":4,"25":4,"26":1,"27":3,"28":2,"29":1,"30":1,"31":1,"32":1},"f":{"0":3,"1":4,"2":3,"3":4},"b":{"0":[2,2],"1":[4,3],"2":[1,2],"3":[1,3],"4":[1,1]}}
,"C:\\Users\\pc\\Desktop\\Famers-digital-Market\\src\\controllers\\buyerControllers.ts": {"path":"C:\\Users\\pc\\Desktop\\Famers-digital-Market\\src\\controllers\\buyerControllers.ts","statementMap":{"0":{"start":{"line":3,"column":0},"end":{"line":3,"column":57}},"1":{"start":{"line":5,"column":13},"end":{"line":41,"column":2}},"2":{"start":{"line":7,"column":4},"end":{"line":12,"column":5}},"3":{"start":{"line":8,"column":21},"end":{"line":8,"column":54}},"4":{"start":{"line":9,"column":6},"end":{"line":9,"column":23}},"5":{"start":{"line":11,"column":6},"end":{"line":11,"column":53}},"6":{"start":{"line":16,"column":4},"end":{"line":21,"column":5}},"7":{"start":{"line":17,"column":20},"end":{"line":17,"column":67}},"8":{"start":{"line":18,"column":6},"end":{"line":18,"column":22}},"9":{"start":{"line":20,"column":6},"end":{"line":20,"column":53}},"10":{"start":{"line":25,"column":4},"end":{"line":30,"column":5}},"11":{"start":{"line":26,"column":21},"end":{"line":26,"column":77}},"12":{"start":{"line":27,"column":6},"end":{"line":27,"column":23}},"13":{"start":{"line":29,"column":6},"end":{"line":29,"column":53}},"14":{"start":{"line":34,"column":4},"end":{"line":39,"column":5}},"15":{"start":{"line":35,"column":21},"end":{"line":35,"column":67}},"16":{"start":{"line":36,"column":6},"end":{"line":36,"column":23}},"17":{"start":{"line":38,"column":6},"end":{"line":38,"column":53}}},"fnMap":{"0":{"name":"(anonymous_0)","decl":{"start":{"line":6,"column":16},"end":{"line":6,"column":21}},"loc":{"start":{"line":6,"column":54},"end":{"line":13,"column":3}}},"1":{"name":"(anonymous_1)","decl":{"start":{"line":15,"column":16},"end":{"line":15,"column":21}},"loc":{"start":{"line":15,"column":54},"end":{"line":22,"column":3}}},"2":{"name":"(anonymous_2)","decl":{"start":{"line":24,"column":15},"end":{"line":24,"column":20}},"loc":{"start":{"line":24,"column":53},"end":{"line":31,"column":3}}},"3":{"name":"(anonymous_3)","decl":{"start":{"line":33,"column":15},"end":{"line":33,"column":20}},"loc":{"start":{"line":33,"column":53},"end":{"line":40,"column":3}}}},"branchMap":{},"s":{"0":2,"1":2,"2":2,"3":2,"4":1,"5":1,"6":2,"7":2,"8":1,"9":1,"10":2,"11":2,"12":1,"13":1,"14":2,"15":2,"16":1,"17":1},"f":{"0":2,"1":2,"2":2,"3":2},"b":{}}
,"C:\\Users\\pc\\Desktop\\Famers-digital-Market\\src\\controllers\\cartController.ts": {"path":"C:\\Users\\pc\\Desktop\\Famers-digital-Market\\src\\controllers\\cartController.ts","statementMap":{"0":{"start":{"line":3,"column":0},"end":{"line":3,"column":55}},"1":{"start":{"line":4,"column":0},"end":{"line":4,"column":64}},"2":{"start":{"line":6,"column":13},"end":{"line":139,"column":2}},"3":{"start":{"line":9,"column":4},"end":{"line":44,"column":5}},"4":{"start":{"line":10,"column":22},"end":{"line":10,"column":46}},"5":{"start":{"line":11,"column":6},"end":{"line":11,"column":57}},"6":{"start":{"line":14,"column":18},"end":{"line":14,"column":59}},"7":{"start":{"line":15,"column":6},"end":{"line":15,"column":43}},"8":{"start":{"line":17,"column":6},"end":{"line":23,"column":7}},"9":{"start":{"line":18,"column":8},"end":{"line":18,"column":85}},"10":{"start":{"line":20,"column":8},"end":{"line":20,"column":79}},"11":{"start":{"line":21,"column":8},"end":{"line":21,"column":58}},"12":{"start":{"line":22,"column":8},"end":{"line":22,"column":53}},"13":{"start":{"line":25,"column":6},"end":{"line":28,"column":7}},"14":{"start":{"line":26,"column":8},"end":{"line":26,"column":77}},"15":{"start":{"line":27,"column":8},"end":{"line":27,"column":83}},"16":{"start":{"line":30,"column":22},"end":{"line":30,"column":36}},"17":{"start":{"line":31,"column":6},"end":{"line":31,"column":40}},"18":{"start":{"line":33,"column":39},"end":{"line":33,"column":47}},"19":{"start":{"line":35,"column":6},"end":{"line":37,"column":7}},"20":{"start":{"line":36,"column":8},"end":{"line":36,"column":91}},"21":{"start":{"line":39,"column":21},"end":{"line":39,"column":79}},"22":{"start":{"line":40,"column":6},"end":{"line":40,"column":35}},"23":{"start":{"line":42,"column":6},"end":{"line":42,"column":50}},"24":{"start":{"line":43,"column":6},"end":{"line":43,"column":53}},"25":{"start":{"line":49,"column":4},"end":{"line":61,"column":5}},"26":{"start":{"line":50,"column":22},"end":{"line":50,"column":46}},"27":{"start":{"line":51,"column":20},"end":{"line":51,"column":61}},"28":{"start":{"line":53,"column":6},"end":{"line":55,"column":7}},"29":{"start":{"line":54,"column":8},"end":{"line":54,"column":76}},"30":{"start":{"line":57,"column":24},"end":{"line":57,"column":65}},"31":{"start":{"line":58,"column":6},"end":{"line":58,"column":26}},"32":{"start":{"line":60,"column":6},"end":{"line":60,"column":53}},"33":{"start":{"line":66,"column":4},"end":{"line":84,"column":5}},"34":{"start":{"line":67,"column":22},"end":{"line":67,"column":46}},"35":{"start":{"line":68,"column":20},"end":{"line":68,"column":61}},"36":{"start":{"line":70,"column":6},"end":{"line":72,"column":7}},"37":{"start":{"line":71,"column":8},"end":{"line":71,"column":76}},"38":{"start":{"line":74,"column":39},"end":{"line":74,"column":47}},"39":{"start":{"line":76,"column":6},"end":{"line":78,"column":7}},"40":{"start":{"line":77,"column":8},"end":{"line":77,"column":91}},"41":{"start":{"line":80,"column":21},"end":{"line":80,"column":91}},"42":{"start":{"line":81,"column":6},"end":{"line":81,"column":23}},"43":{"start":{"line":83,"column":6},"end":{"line":83,"column":53}},"44":{"start":{"line":89,"column":4},"end":{"line":103,"column":5}},"45":{"start":{"line":90,"column":22},"end":{"line":90,"column":46}},"46":{"start":{"line":91,"column":20},"end":{"line":91,"column":61}},"47":{"start":{"line":93,"column":6},"end":{"line":95,"column":7}},"48":{"start":{"line":94,"column":8},"end":{"line":94,"column":76}},"49":{"start":{"line":97,"column":24},"end":{"line":97,"column":45}},"50":{"start":{"line":99,"column":21},"end":{"line":99,"column":80}},"51":{"start":{"line":100,"column":6},"end":{"line":100,"column":23}},"52":{"start":{"line":102,"column":6},"end":{"line":102,"column":53}},"53":{"start":{"line":108,"column":4},"end":{"line":120,"column":5}},"54":{"start":{"line":109,"column":22},"end":{"line":109,"column":46}},"55":{"start":{"line":110,"column":20},"end":{"line":110,"column":61}},"56":{"start":{"line":112,"column":6},"end":{"line":114,"column":7}},"57":{"start":{"line":113,"column":8},"end":{"line":113,"column":76}},"58":{"start":{"line":116,"column":21},"end":{"line":116,"column":64}},"59":{"start":{"line":117,"column":6},"end":{"line":117,"column":23}},"60":{"start":{"line":119,"column":6},"end":{"line":119,"column":53}},"61":{"start":{"line":125,"column":4},"end":{"line":137,"column":5}},"62":{"start":{"line":126,"column":22},"end":{"line":126,"column":46}},"63":{"start":{"line":127,"column":20},"end":{"line":127,"column":61}},"64":{"start":{"line":129,"column":6},"end":{"line":131,"column":7}},"65":{"start":{"line":130,"column":8},"end":{"line":130,"column":76}},"66":{"start":{"line":133,"column":20},"end":{"line":133,"column":66}},"67":{"start":{"line":134,"column":6},"end":{"line":134,"column":26}},"68":{"start":{"line":136,"column":6},"end":{"line":136,"column":53}}},"fnMap":{"0":{"name":"(anonymous_0)","decl":{"start":{"line":8,"column":13},"end":{"line":8,"column":18}},"loc":{"start":{"line":8,"column":51},"end":{"line":45,"column":3}}},"1":{"name":"(anonymous_1)","decl":{"start":{"line":48,"column":11},"end":{"line":48,"column":16}},"loc":{"start":{"line":48,"column":49},"end":{"line":62,"column":3}}},"2":{"name":"(anonymous_2)","decl":{"start":{"line":65,"column":18},"end":{"line":65,"column":23}},"loc":{"start":{"line":65,"column":56},"end":{"line":85,"column":3}}},"3":{"name":"(anonymous_3)","decl":{"start":{"line":88,"column":18},"end":{"line":88,"column":23}},"loc":{"start":{"line":88,"column":56},"end":{"line":104,"column":3}}},"4":{"name":"(anonymous_4)","decl":{"start":{"line":107,"column":13},"end":{"line":107,"column":18}},"loc":{"start":{"line":107,"column":51},"end":{"line":121,"column":3}}},"5":{"name":"(anonymous_5)","decl":{"start":{"line":124,"column":16},"end":{"line":124,"column":21}},"loc":{"start":{"line":124,"column":54},"end":{"line":138,"column":3}}}},"branchMap":{"0":{"loc":{"start":{"line":17,"column":6},"end":{"line":23,"column":7}},"type":"if","locations":[{"start":{"line":17,"column":6},"end":{"line":23,"column":7}},{"start":{},"end":{}}]},"1":{"loc":{"start":{"line":25,"column":6},"end":{"line":28,"column":7}},"type":"if","locations":[{"start":{"line":25,"column":6},"end":{"line":28,"column":7}},{"start":{},"end":{}}]},"2":{"loc":{"start":{"line":35,"column":6},"end":{"line":37,"column":7}},"type":"if","locations":[{"start":{"line":35,"column":6},"end":{"line":37,"column":7}},{"start":{},"end":{}}]},"3":{"loc":{"start":{"line":35,"column":10},"end":{"line":35,"column":51}},"type":"binary-expr","locations":[{"start":{"line":35,"column":10},"end":{"line":35,"column":21}},{"start":{"line":35,"column":25},"end":{"line":35,"column":34}},{"start":{"line":35,"column":38},"end":{"line":35,"column":51}}]},"4":{"loc":{"start":{"line":53,"column":6},"end":{"line":55,"column":7}},"type":"if","locations":[{"start":{"line":53,"column":6},"end":{"line":55,"column":7}},{"start":{},"end":{}}]},"5":{"loc":{"start":{"line":70,"column":6},"end":{"line":72,"column":7}},"type":"if","locations":[{"start":{"line":70,"column":6},"end":{"line":72,"column":7}},{"start":{},"end":{}}]},"6":{"loc":{"start":{"line":76,"column":6},"end":{"line":78,"column":7}},"type":"if","locations":[{"start":{"line":76,"column":6},"end":{"line":78,"column":7}},{"start":{},"end":{}}]},"7":{"loc":{"start":{"line":76,"column":10},"end":{"line":76,"column":37}},"type":"binary-expr","locations":[{"start":{"line":76,"column":10},"end":{"line":76,"column":21}},{"start":{"line":76,"column":25},"end":{"line":76,"column":37}}]},"8":{"loc":{"start":{"line":93,"column":6},"end":{"line":95,"column":7}},"type":"if","locations":[{"start":{"line":93,"column":6},"end":{"line":95,"column":7}},{"start":{},"end":{}}]},"9":{"loc":{"start":{"line":112,"column":6},"end":{"line":114,"column":7}},"type":"if","locations":[{"start":{"line":112,"column":6},"end":{"line":114,"column":7}},{"start":{},"end":{}}]},"10":{"loc":{"start":{"line":129,"column":6},"end":{"line":131,"column":7}},"type":"if","locations":[{"start":{"line":129,"column":6},"end":{"line":131,"column":7}},{"start":{},"end":{}}]}},"s":{"0":2,"1":2,"2":2,"3":6,"4":6,"5":6,"6":6,"7":6,"8":6,"9":2,"10":2,"11":2,"12":2,"13":6,"14":1,"15":1,"16":5,"17":5,"18":5,"19":5,"20":2,"21":3,"22":2,"23":1,"24":1,"25":3,"26":3,"27":3,"28":3,"29":1,"30":2,"31":1,"32":1,"33":3,"34":3,"35":3,"36":3,"37":0,"38":3,"39":3,"40":2,"41":1,"42":1,"43":0,"44":2,"45":2,"46":2,"47":2,"48":1,"49":1,"50":1,"51":1,"52":0,"53":2,"54":2,"55":2,"56":2,"57":1,"58":1,"59":1,"60":0,"61":2,"62":2,"63":2,"64":2,"65":1,"66":1,"67":1,"68":0},"f":{"0":6,"1":3,"2":3,"3":2,"4":2,"5":2},"b":{"0":[2,4],"1":[1,5],"2":[2,3],"3":[5,4,3],"4":[1,2],"5":[0,3],"6":[2,1],"7":[3,2],"8":[1,1],"9":[1,1],"10":[1,1]}}
,"C:\\Users\\pc\\Desktop\\Famers-digital-Market\\src\\controllers\\farmersController.ts": {"path":"C:\\Users\\pc\\Desktop\\Famers-digital-Market\\src\\controllers\\farmersController.ts","statementMap":{"0":{"start":{"line":3,"column":0},"end":{"line":3,"column":60}},"1":{"start":{"line":5,"column":13},"end":{"line":47,"column":2}},"2":{"start":{"line":7,"column":4},"end":{"line":12,"column":5}},"3":{"start":{"line":8,"column":22},"end":{"line":8,"column":57}},"4":{"start":{"line":9,"column":6},"end":{"line":9,"column":24}},"5":{"start":{"line":11,"column":6},"end":{"line":11,"column":53}},"6":{"start":{"line":16,"column":4},"end":{"line":21,"column":5}},"7":{"start":{"line":17,"column":21},"end":{"line":17,"column":77}},"8":{"start":{"line":18,"column":6},"end":{"line":18,"column":23}},"9":{"start":{"line":20,"column":6},"end":{"line":20,"column":53}},"10":{"start":{"line":25,"column":4},"end":{"line":36,"column":5}},"11":{"start":{"line":26,"column":36},"end":{"line":26,"column":44}},"12":{"start":{"line":28,"column":6},"end":{"line":30,"column":7}},"13":{"start":{"line":29,"column":8},"end":{"line":29,"column":105}},"14":{"start":{"line":32,"column":21},"end":{"line":32,"column":99}},"15":{"start":{"line":33,"column":6},"end":{"line":33,"column":23}},"16":{"start":{"line":35,"column":6},"end":{"line":35,"column":53}},"17":{"start":{"line":40,"column":4},"end":{"line":45,"column":5}},"18":{"start":{"line":41,"column":21},"end":{"line":41,"column":76}},"19":{"start":{"line":42,"column":6},"end":{"line":42,"column":23}},"20":{"start":{"line":44,"column":6},"end":{"line":44,"column":53}}},"fnMap":{"0":{"name":"(anonymous_0)","decl":{"start":{"line":6,"column":17},"end":{"line":6,"column":22}},"loc":{"start":{"line":6,"column":56},"end":{"line":13,"column":3}}},"1":{"name":"(anonymous_1)","decl":{"start":{"line":15,"column":17},"end":{"line":15,"column":22}},"loc":{"start":{"line":15,"column":55},"end":{"line":22,"column":3}}},"2":{"name":"(anonymous_2)","decl":{"start":{"line":24,"column":16},"end":{"line":24,"column":21}},"loc":{"start":{"line":24,"column":54},"end":{"line":37,"column":3}}},"3":{"name":"(anonymous_3)","decl":{"start":{"line":39,"column":16},"end":{"line":39,"column":21}},"loc":{"start":{"line":39,"column":54},"end":{"line":46,"column":3}}}},"branchMap":{"0":{"loc":{"start":{"line":28,"column":6},"end":{"line":30,"column":7}},"type":"if","locations":[{"start":{"line":28,"column":6},"end":{"line":30,"column":7}},{"start":{},"end":{}}]},"1":{"loc":{"start":{"line":28,"column":10},"end":{"line":28,"column":31}},"type":"binary-expr","locations":[{"start":{"line":28,"column":10},"end":{"line":28,"column":19}},{"start":{"line":28,"column":23},"end":{"line":28,"column":31}}]}},"s":{"0":3,"1":3,"2":3,"3":3,"4":2,"5":1,"6":4,"7":4,"8":2,"9":2,"10":8,"11":8,"12":8,"13":3,"14":5,"15":4,"16":1,"17":3,"18":3,"19":2,"20":1},"f":{"0":3,"1":4,"2":8,"3":3},"b":{"0":[3,5],"1":[8,4]}}
,"C:\\Users\\pc\\Desktop\\Famers-digital-Market\\src\\controllers\\logisticsController.ts": {"path":"C:\\Users\\pc\\Desktop\\Famers-digital-Market\\src\\controllers\\logisticsController.ts","statementMap":{"0":{"start":{"line":3,"column":0},"end":{"line":3,"column":65}},"1":{"start":{"line":5,"column":13},"end":{"line":84,"column":2}},"2":{"start":{"line":7,"column":4},"end":{"line":12,"column":5}},"3":{"start":{"line":8,"column":24},"end":{"line":8,"column":64}},"4":{"start":{"line":9,"column":6},"end":{"line":9,"column":26}},"5":{"start":{"line":11,"column":6},"end":{"line":11,"column":53}},"6":{"start":{"line":16,"column":4},"end":{"line":21,"column":5}},"7":{"start":{"line":17,"column":23},"end":{"line":17,"column":78}},"8":{"start":{"line":18,"column":6},"end":{"line":18,"column":25}},"9":{"start":{"line":20,"column":6},"end":{"line":20,"column":53}},"10":{"start":{"line":25,"column":4},"end":{"line":30,"column":5}},"11":{"start":{"line":26,"column":21},"end":{"line":26,"column":69}},"12":{"start":{"line":27,"column":6},"end":{"line":27,"column":35}},"13":{"start":{"line":29,"column":6},"end":{"line":29,"column":53}},"14":{"start":{"line":34,"column":4},"end":{"line":39,"column":5}},"15":{"start":{"line":35,"column":21},"end":{"line":35,"column":119}},"16":{"start":{"line":36,"column":6},"end":{"line":36,"column":35}},"17":{"start":{"line":38,"column":6},"end":{"line":38,"column":53}},"18":{"start":{"line":43,"column":4},"end":{"line":55,"column":5}},"19":{"start":{"line":44,"column":20},"end":{"line":44,"column":36}},"20":{"start":{"line":45,"column":6},"end":{"line":45,"column":52}},"21":{"start":{"line":46,"column":6},"end":{"line":48,"column":7}},"22":{"start":{"line":47,"column":8},"end":{"line":47,"column":66}},"23":{"start":{"line":49,"column":25},"end":{"line":49,"column":82}},"24":{"start":{"line":50,"column":6},"end":{"line":50,"column":51}},"25":{"start":{"line":51,"column":6},"end":{"line":51,"column":27}},"26":{"start":{"line":53,"column":6},"end":{"line":53,"column":54}},"27":{"start":{"line":54,"column":6},"end":{"line":54,"column":53}},"28":{"start":{"line":59,"column":4},"end":{"line":64,"column":5}},"29":{"start":{"line":60,"column":21},"end":{"line":60,"column":113}},"30":{"start":{"line":61,"column":6},"end":{"line":61,"column":23}},"31":{"start":{"line":63,"column":6},"end":{"line":63,"column":53}},"32":{"start":{"line":68,"column":4},"end":{"line":73,"column":5}},"33":{"start":{"line":69,"column":21},"end":{"line":69,"column":85}},"34":{"start":{"line":70,"column":6},"end":{"line":70,"column":23}},"35":{"start":{"line":72,"column":6},"end":{"line":72,"column":53}},"36":{"start":{"line":77,"column":4},"end":{"line":82,"column":5}},"37":{"start":{"line":78,"column":21},"end":{"line":78,"column":75}},"38":{"start":{"line":79,"column":6},"end":{"line":79,"column":23}},"39":{"start":{"line":81,"column":6},"end":{"line":81,"column":53}}},"fnMap":{"0":{"name":"(anonymous_0)","decl":{"start":{"line":6,"column":19},"end":{"line":6,"column":24}},"loc":{"start":{"line":6,"column":57},"end":{"line":13,"column":3}}},"1":{"name":"(anonymous_1)","decl":{"start":{"line":15,"column":20},"end":{"line":15,"column":25}},"loc":{"start":{"line":15,"column":58},"end":{"line":22,"column":3}}},"2":{"name":"(anonymous_2)","decl":{"start":{"line":24,"column":19},"end":{"line":24,"column":24}},"loc":{"start":{"line":24,"column":57},"end":{"line":31,"column":3}}},"3":{"name":"(anonymous_3)","decl":{"start":{"line":33,"column":22},"end":{"line":33,"column":27}},"loc":{"start":{"line":33,"column":60},"end":{"line":40,"column":3}}},"4":{"name":"(anonymous_4)","decl":{"start":{"line":42,"column":19},"end":{"line":42,"column":24}},"loc":{"start":{"line":42,"column":57},"end":{"line":56,"column":3}}},"5":{"name":"(anonymous_5)","decl":{"start":{"line":58,"column":24},"end":{"line":58,"column":29}},"loc":{"start":{"line":58,"column":62},"end":{"line":65,"column":3}}},"6":{"name":"(anonymous_6)","decl":{"start":{"line":67,"column":19},"end":{"line":67,"column":24}},"loc":{"start":{"line":67,"column":57},"end":{"line":74,"column":3}}},"7":{"name":"(anonymous_7)","decl":{"start":{"line":76,"column":19},"end":{"line":76,"column":24}},"loc":{"start":{"line":76,"column":57},"end":{"line":83,"column":3}}}},"branchMap":{"0":{"loc":{"start":{"line":46,"column":6},"end":{"line":48,"column":7}},"type":"if","locations":[{"start":{"line":46,"column":6},"end":{"line":48,"column":7}},{"start":{},"end":{}}]}},"s":{"0":2,"1":2,"2":2,"3":2,"4":1,"5":1,"6":2,"7":2,"8":1,"9":1,"10":2,"11":2,"12":1,"13":1,"14":2,"15":2,"16":1,"17":1,"18":3,"19":3,"20":3,"21":3,"22":1,"23":2,"24":1,"25":1,"26":1,"27":1,"28":2,"29":2,"30":1,"31":1,"32":2,"33":2,"34":1,"35":1,"36":2,"37":2,"38":1,"39":1},"f":{"0":2,"1":2,"2":2,"3":2,"4":3,"5":2,"6":2,"7":2},"b":{"0":[1,2]}}
,"C:\\Users\\pc\\Desktop\\Famers-digital-Market\\src\\controllers\\orderController.ts": {"path":"C:\\Users\\pc\\Desktop\\Famers-digital-Market\\src\\controllers\\orderController.ts","statementMap":{"0":{"start":{"line":3,"column":0},"end":{"line":3,"column":57}},"1":{"start":{"line":4,"column":0},"end":{"line":4,"column":64}},"2":{"start":{"line":5,"column":0},"end":{"line":5,"column":68}},"3":{"start":{"line":7,"column":13},"end":{"line":98,"column":2}},"4":{"start":{"line":9,"column":4},"end":{"line":31,"column":5}},"5":{"start":{"line":10,"column":22},"end":{"line":10,"column":46}},"6":{"start":{"line":11,"column":6},"end":{"line":11,"column":55}},"7":{"start":{"line":14,"column":20},"end":{"line":14,"column":61}},"8":{"start":{"line":15,"column":6},"end":{"line":15,"column":43}},"9":{"start":{"line":17,"column":6},"end":{"line":20,"column":7}},"10":{"start":{"line":18,"column":8},"end":{"line":18,"column":69}},"11":{"start":{"line":19,"column":8},"end":{"line":19,"column":76}},"12":{"start":{"line":22,"column":22},"end":{"line":22,"column":36}},"13":{"start":{"line":23,"column":6},"end":{"line":23,"column":40}},"14":{"start":{"line":25,"column":21},"end":{"line":25,"column":78}},"15":{"start":{"line":26,"column":6},"end":{"line":26,"column":45}},"16":{"start":{"line":27,"column":6},"end":{"line":27,"column":79}},"17":{"start":{"line":29,"column":6},"end":{"line":29,"column":50}},"18":{"start":{"line":30,"column":6},"end":{"line":30,"column":53}},"19":{"start":{"line":35,"column":4},"end":{"line":40,"column":5}},"20":{"start":{"line":36,"column":21},"end":{"line":36,"column":54}},"21":{"start":{"line":37,"column":6},"end":{"line":37,"column":23}},"22":{"start":{"line":39,"column":6},"end":{"line":39,"column":53}},"23":{"start":{"line":44,"column":4},"end":{"line":49,"column":5}},"24":{"start":{"line":45,"column":20},"end":{"line":45,"column":67}},"25":{"start":{"line":46,"column":6},"end":{"line":46,"column":22}},"26":{"start":{"line":48,"column":6},"end":{"line":48,"column":53}},"27":{"start":{"line":53,"column":4},"end":{"line":78,"column":5}},"28":{"start":{"line":54,"column":20},"end":{"line":54,"column":36}},"29":{"start":{"line":57,"column":6},"end":{"line":73,"column":7}},"30":{"start":{"line":59,"column":22},"end":{"line":59,"column":69}},"31":{"start":{"line":60,"column":8},"end":{"line":62,"column":9}},"32":{"start":{"line":61,"column":10},"end":{"line":61,"column":78}},"33":{"start":{"line":63,"column":8},"end":{"line":63,"column":69}},"34":{"start":{"line":64,"column":13},"end":{"line":73,"column":7}},"35":{"start":{"line":66,"column":23},"end":{"line":66,"column":72}},"36":{"start":{"line":67,"column":8},"end":{"line":69,"column":9}},"37":{"start":{"line":68,"column":10},"end":{"line":68,"column":79}},"38":{"start":{"line":70,"column":8},"end":{"line":70,"column":72}},"39":{"start":{"line":72,"column":8},"end":{"line":72,"column":66}},"40":{"start":{"line":75,"column":6},"end":{"line":75,"column":23}},"41":{"start":{"line":77,"column":6},"end":{"line":77,"column":53}},"42":{"start":{"line":82,"column":4},"end":{"line":87,"column":5}},"43":{"start":{"line":83,"column":21},"end":{"line":83,"column":90}},"44":{"start":{"line":84,"column":6},"end":{"line":84,"column":23}},"45":{"start":{"line":86,"column":6},"end":{"line":86,"column":53}},"46":{"start":{"line":91,"column":4},"end":{"line":96,"column":5}},"47":{"start":{"line":92,"column":21},"end":{"line":92,"column":63}},"48":{"start":{"line":93,"column":6},"end":{"line":93,"column":23}},"49":{"start":{"line":95,"column":6},"end":{"line":95,"column":53}}},"fnMap":{"0":{"name":"(anonymous_0)","decl":{"start":{"line":8,"column":15},"end":{"line":8,"column":20}},"loc":{"start":{"line":8,"column":53},"end":{"line":32,"column":3}}},"1":{"name":"(anonymous_1)","decl":{"start":{"line":34,"column":16},"end":{"line":34,"column":21}},"loc":{"start":{"line":34,"column":54},"end":{"line":41,"column":3}}},"2":{"name":"(anonymous_2)","decl":{"start":{"line":43,"column":16},"end":{"line":43,"column":21}},"loc":{"start":{"line":43,"column":54},"end":{"line":50,"column":3}}},"3":{"name":"(anonymous_3)","decl":{"start":{"line":52,"column":15},"end":{"line":52,"column":20}},"loc":{"start":{"line":52,"column":53},"end":{"line":79,"column":3}}},"4":{"name":"(anonymous_4)","decl":{"start":{"line":81,"column":21},"end":{"line":81,"column":26}},"loc":{"start":{"line":81,"column":59},"end":{"line":88,"column":3}}},"5":{"name":"(anonymous_5)","decl":{"start":{"line":90,"column":25},"end":{"line":90,"column":30}},"loc":{"start":{"line":90,"column":63},"end":{"line":97,"column":3}}}},"branchMap":{"0":{"loc":{"start":{"line":17,"column":6},"end":{"line":20,"column":7}},"type":"if","locations":[{"start":{"line":17,"column":6},"end":{"line":20,"column":7}},{"start":{},"end":{}}]},"1":{"loc":{"start":{"line":57,"column":6},"end":{"line":73,"column":7}},"type":"if","locations":[{"start":{"line":57,"column":6},"end":{"line":73,"column":7}},{"start":{"line":64,"column":13},"end":{"line":73,"column":7}}]},"2":{"loc":{"start":{"line":60,"column":8},"end":{"line":62,"column":9}},"type":"if","locations":[{"start":{"line":60,"column":8},"end":{"line":62,"column":9}},{"start":{},"end":{}}]},"3":{"loc":{"start":{"line":64,"column":13},"end":{"line":73,"column":7}},"type":"if","locations":[{"start":{"line":64,"column":13},"end":{"line":73,"column":7}},{"start":{"line":71,"column":13},"end":{"line":73,"column":7}}]},"4":{"loc":{"start":{"line":67,"column":8},"end":{"line":69,"column":9}},"type":"if","locations":[{"start":{"line":67,"column":8},"end":{"line":69,"column":9}},{"start":{},"end":{}}]}},"s":{"0":1,"1":1,"2":1,"3":1,"4":0,"5":0,"6":0,"7":0,"8":0,"9":0,"10":0,"11":0,"12":0,"13":0,"14":0,"15":0,"16":0,"17":0,"18":0,"19":0,"20":0,"21":0,"22":0,"23":0,"24":0,"25":0,"26":0,"27":0,"28":0,"29":0,"30":0,"31":0,"32":0,"33":0,"34":0,"35":0,"36":0,"37":0,"38":0,"39":0,"40":0,"41":0,"42":0,"43":0,"44":0,"45":0,"46":0,"47":0,"48":0,"49":0},"f":{"0":0,"1":0,"2":0,"3":0,"4":0,"5":0},"b":{"0":[0,0],"1":[0,0],"2":[0,0],"3":[0,0],"4":[0,0]}}
,"C:\\Users\\pc\\Desktop\\Famers-digital-Market\\src\\controllers\\paymentController.ts": {"path":"C:\\Users\\pc\\Desktop\\Famers-digital-Market\\src\\controllers\\paymentController.ts","statementMap":{"0":{"start":{"line":3,"column":0},"end":{"line":3,"column":61}},"1":{"start":{"line":5,"column":13},"end":{"line":70,"column":2}},"2":{"start":{"line":7,"column":4},"end":{"line":12,"column":5}},"3":{"start":{"line":8,"column":21},"end":{"line":8,"column":65}},"4":{"start":{"line":9,"column":6},"end":{"line":9,"column":35}},"5":{"start":{"line":11,"column":6},"end":{"line":11,"column":53}},"6":{"start":{"line":16,"column":4},"end":{"line":21,"column":5}},"7":{"start":{"line":17,"column":23},"end":{"line":17,"column":60}},"8":{"start":{"line":18,"column":6},"end":{"line":18,"column":25}},"9":{"start":{"line":20,"column":6},"end":{"line":20,"column":53}},"10":{"start":{"line":25,"column":4},"end":{"line":30,"column":5}},"11":{"start":{"line":26,"column":22},"end":{"line":26,"column":73}},"12":{"start":{"line":27,"column":6},"end":{"line":27,"column":24}},"13":{"start":{"line":29,"column":6},"end":{"line":29,"column":53}},"14":{"start":{"line":34,"column":4},"end":{"line":39,"column":5}},"15":{"start":{"line":35,"column":23},"end":{"line":35,"column":83}},"16":{"start":{"line":36,"column":6},"end":{"line":36,"column":25}},"17":{"start":{"line":38,"column":6},"end":{"line":38,"column":53}},"18":{"start":{"line":43,"column":4},"end":{"line":49,"column":5}},"19":{"start":{"line":44,"column":23},"end":{"line":44,"column":47}},"20":{"start":{"line":45,"column":21},"end":{"line":45,"column":97}},"21":{"start":{"line":46,"column":6},"end":{"line":46,"column":23}},"22":{"start":{"line":48,"column":6},"end":{"line":48,"column":53}},"23":{"start":{"line":53,"column":4},"end":{"line":59,"column":5}},"24":{"start":{"line":54,"column":23},"end":{"line":54,"column":47}},"25":{"start":{"line":55,"column":21},"end":{"line":55,"column":96}},"26":{"start":{"line":56,"column":6},"end":{"line":56,"column":23}},"27":{"start":{"line":58,"column":6},"end":{"line":58,"column":53}},"28":{"start":{"line":63,"column":4},"end":{"line":68,"column":5}},"29":{"start":{"line":64,"column":23},"end":{"line":64,"column":64}},"30":{"start":{"line":65,"column":6},"end":{"line":65,"column":25}},"31":{"start":{"line":67,"column":6},"end":{"line":67,"column":53}}},"fnMap":{"0":{"name":"(anonymous_0)","decl":{"start":{"line":6,"column":17},"end":{"line":6,"column":22}},"loc":{"start":{"line":6,"column":55},"end":{"line":13,"column":3}}},"1":{"name":"(anonymous_1)","decl":{"start":{"line":15,"column":18},"end":{"line":15,"column":23}},"loc":{"start":{"line":15,"column":56},"end":{"line":22,"column":3}}},"2":{"name":"(anonymous_2)","decl":{"start":{"line":24,"column":18},"end":{"line":24,"column":23}},"loc":{"start":{"line":24,"column":56},"end":{"line":31,"column":3}}},"3":{"name":"(anonymous_3)","decl":{"start":{"line":33,"column":22},"end":{"line":33,"column":27}},"loc":{"start":{"line":33,"column":60},"end":{"line":40,"column":3}}},"4":{"name":"(anonymous_4)","decl":{"start":{"line":42,"column":18},"end":{"line":42,"column":23}},"loc":{"start":{"line":42,"column":56},"end":{"line":50,"column":3}}},"5":{"name":"(anonymous_5)","decl":{"start":{"line":52,"column":17},"end":{"line":52,"column":22}},"loc":{"start":{"line":52,"column":55},"end":{"line":60,"column":3}}},"6":{"name":"(anonymous_6)","decl":{"start":{"line":62,"column":22},"end":{"line":62,"column":27}},"loc":{"start":{"line":62,"column":60},"end":{"line":69,"column":3}}}},"branchMap":{},"s":{"0":1,"1":1,"2":0,"3":0,"4":0,"5":0,"6":0,"7":0,"8":0,"9":0,"10":0,"11":0,"12":0,"13":0,"14":0,"15":0,"16":0,"17":0,"18":0,"19":0,"20":0,"21":0,"22":0,"23":0,"24":0,"25":0,"26":0,"27":0,"28":0,"29":0,"30":0,"31":0},"f":{"0":0,"1":0,"2":0,"3":0,"4":0,"5":0,"6":0},"b":{}}
,"C:\\Users\\pc\\Desktop\\Famers-digital-Market\\src\\controllers\\productController.ts": {"path":"C:\\Users\\pc\\Desktop\\Famers-digital-Market\\src\\controllers\\productController.ts","statementMap":{"0":{"start":{"line":3,"column":0},"end":{"line":3,"column":61}},"1":{"start":{"line":4,"column":0},"end":{"line":4,"column":68}},"2":{"start":{"line":6,"column":13},"end":{"line":121,"column":2}},"3":{"start":{"line":8,"column":4},"end":{"line":60,"column":5}},"4":{"start":{"line":9,"column":6},"end":{"line":9,"column":55}},"5":{"start":{"line":10,"column":6},"end":{"line":10,"column":56}},"6":{"start":{"line":11,"column":6},"end":{"line":11,"column":45}},"7":{"start":{"line":13,"column":22},"end":{"line":13,"column":46}},"8":{"start":{"line":14,"column":6},"end":{"line":14,"column":38}},"9":{"start":{"line":16,"column":6},"end":{"line":19,"column":7}},"10":{"start":{"line":17,"column":8},"end":{"line":17,"column":57}},"11":{"start":{"line":18,"column":8},"end":{"line":18,"column":76}},"12":{"start":{"line":22,"column":19},"end":{"line":22,"column":62}},"13":{"start":{"line":23,"column":6},"end":{"line":23,"column":45}},"14":{"start":{"line":25,"column":6},"end":{"line":31,"column":7}},"15":{"start":{"line":26,"column":8},"end":{"line":26,"column":86}},"16":{"start":{"line":28,"column":8},"end":{"line":28,"column":101}},"17":{"start":{"line":29,"column":8},"end":{"line":29,"column":61}},"18":{"start":{"line":30,"column":8},"end":{"line":30,"column":55}},"19":{"start":{"line":33,"column":6},"end":{"line":36,"column":7}},"20":{"start":{"line":34,"column":8},"end":{"line":34,"column":78}},"21":{"start":{"line":35,"column":8},"end":{"line":35,"column":84}},"22":{"start":{"line":38,"column":23},"end":{"line":38,"column":39}},"23":{"start":{"line":39,"column":6},"end":{"line":39,"column":42}},"24":{"start":{"line":42,"column":26},"end":{"line":51,"column":8}},"25":{"start":{"line":52,"column":6},"end":{"line":52,"column":58}},"26":{"start":{"line":54,"column":21},"end":{"line":54,"column":68}},"27":{"start":{"line":55,"column":6},"end":{"line":55,"column":59}},"28":{"start":{"line":56,"column":6},"end":{"line":56,"column":35}},"29":{"start":{"line":58,"column":6},"end":{"line":58,"column":63}},"30":{"start":{"line":59,"column":6},"end":{"line":59,"column":53}},"31":{"start":{"line":64,"column":4},"end":{"line":69,"column":5}},"32":{"start":{"line":65,"column":23},"end":{"line":65,"column":60}},"33":{"start":{"line":66,"column":6},"end":{"line":66,"column":25}},"34":{"start":{"line":68,"column":6},"end":{"line":68,"column":53}},"35":{"start":{"line":73,"column":4},"end":{"line":78,"column":5}},"36":{"start":{"line":74,"column":22},"end":{"line":74,"column":73}},"37":{"start":{"line":75,"column":6},"end":{"line":75,"column":24}},"38":{"start":{"line":77,"column":6},"end":{"line":77,"column":53}},"39":{"start":{"line":82,"column":4},"end":{"line":88,"column":5}},"40":{"start":{"line":83,"column":24},"end":{"line":83,"column":50}},"41":{"start":{"line":84,"column":23},"end":{"line":84,"column":73}},"42":{"start":{"line":85,"column":6},"end":{"line":85,"column":25}},"43":{"start":{"line":87,"column":6},"end":{"line":87,"column":53}},"44":{"start":{"line":92,"column":4},"end":{"line":97,"column":5}},"45":{"start":{"line":93,"column":21},"end":{"line":93,"column":81}},"46":{"start":{"line":94,"column":6},"end":{"line":94,"column":23}},"47":{"start":{"line":96,"column":6},"end":{"line":96,"column":53}},"48":{"start":{"line":101,"column":4},"end":{"line":106,"column":5}},"49":{"start":{"line":102,"column":21},"end":{"line":102,"column":71}},"50":{"start":{"line":103,"column":6},"end":{"line":103,"column":23}},"51":{"start":{"line":105,"column":6},"end":{"line":105,"column":53}},"52":{"start":{"line":110,"column":4},"end":{"line":119,"column":5}},"53":{"start":{"line":111,"column":42},"end":{"line":111,"column":51}},"54":{"start":{"line":112,"column":23},"end":{"line":114,"column":null}},"55":{"start":{"line":116,"column":6},"end":{"line":116,"column":25}},"56":{"start":{"line":118,"column":6},"end":{"line":118,"column":53}}},"fnMap":{"0":{"name":"(anonymous_0)","decl":{"start":{"line":7,"column":17},"end":{"line":7,"column":22}},"loc":{"start":{"line":7,"column":55},"end":{"line":61,"column":3}}},"1":{"name":"(anonymous_1)","decl":{"start":{"line":63,"column":18},"end":{"line":63,"column":23}},"loc":{"start":{"line":63,"column":56},"end":{"line":70,"column":3}}},"2":{"name":"(anonymous_2)","decl":{"start":{"line":72,"column":18},"end":{"line":72,"column":23}},"loc":{"start":{"line":72,"column":56},"end":{"line":79,"column":3}}},"3":{"name":"(anonymous_3)","decl":{"start":{"line":81,"column":17},"end":{"line":81,"column":22}},"loc":{"start":{"line":81,"column":55},"end":{"line":89,"column":3}}},"4":{"name":"(anonymous_4)","decl":{"start":{"line":91,"column":17},"end":{"line":91,"column":22}},"loc":{"start":{"line":91,"column":55},"end":{"line":98,"column":3}}},"5":{"name":"(anonymous_5)","decl":{"start":{"line":100,"column":17},"end":{"line":100,"column":22}},"loc":{"start":{"line":100,"column":55},"end":{"line":107,"column":3}}},"6":{"name":"(anonymous_6)","decl":{"start":{"line":109,"column":18},"end":{"line":109,"column":23}},"loc":{"start":{"line":109,"column":56},"end":{"line":120,"column":3}}}},"branchMap":{"0":{"loc":{"start":{"line":16,"column":6},"end":{"line":19,"column":7}},"type":"if","locations":[{"start":{"line":16,"column":6},"end":{"line":19,"column":7}},{"start":{},"end":{}}]},"1":{"loc":{"start":{"line":25,"column":6},"end":{"line":31,"column":7}},"type":"if","locations":[{"start":{"line":25,"column":6},"end":{"line":31,"column":7}},{"start":{},"end":{}}]},"2":{"loc":{"start":{"line":33,"column":6},"end":{"line":36,"column":7}},"type":"if","locations":[{"start":{"line":33,"column":6},"end":{"line":36,"column":7}},{"start":{},"end":{}}]}},"s":{"0":2,"1":2,"2":2,"3":5,"4":5,"5":5,"6":5,"7":5,"8":4,"9":4,"10":0,"11":0,"12":4,"13":4,"14":4,"15":2,"16":2,"17":2,"18":2,"19":4,"20":1,"21":1,"22":3,"23":3,"24":3,"25":3,"26":3,"27":2,"28":2,"29":2,"30":2,"31":2,"32":2,"33":1,"34":1,"35":2,"36":2,"37":1,"38":1,"39":2,"40":2,"41":2,"42":1,"43":1,"44":2,"45":2,"46":1,"47":1,"48":2,"49":2,"50":1,"51":1,"52":3,"53":3,"54":3,"55":2,"56":1},"f":{"0":5,"1":2,"2":2,"3":2,"4":2,"5":2,"6":3},"b":{"0":[0,4],"1":[2,2],"2":[1,3]}}
,"C:\\Users\\pc\\Desktop\\Famers-digital-Market\\src\\controllers\\uploadController.ts": {"path":"C:\\Users\\pc\\Desktop\\Famers-digital-Market\\src\\controllers\\uploadController.ts","statementMap":{"0":{"start":{"line":3,"column":0},"end":{"line":3,"column":28}},"1":{"start":{"line":4,"column":0},"end":{"line":4,"column":24}},"2":{"start":{"line":5,"column":0},"end":{"line":5,"column":20}},"3":{"start":{"line":8,"column":16},"end":{"line":23,"column":2}},"4":{"start":{"line":10,"column":22},"end":{"line":10,"column":69}},"5":{"start":{"line":12,"column":4},"end":{"line":14,"column":5}},"6":{"start":{"line":13,"column":6},"end":{"line":13,"column":51}},"7":{"start":{"line":15,"column":4},"end":{"line":15,"column":24}},"8":{"start":{"line":19,"column":25},"end":{"line":19,"column":75}},"9":{"start":{"line":20,"column":22},"end":{"line":20,"column":53}},"10":{"start":{"line":21,"column":4},"end":{"line":21,"column":52}},"11":{"start":{"line":26,"column":19},"end":{"line":36,"column":1}},"12":{"start":{"line":27,"column":23},"end":{"line":27,"column":46}},"13":{"start":{"line":28,"column":18},"end":{"line":28,"column":82}},"14":{"start":{"line":29,"column":19},"end":{"line":29,"column":51}},"15":{"start":{"line":31,"column":2},"end":{"line":35,"column":3}},"16":{"start":{"line":32,"column":4},"end":{"line":32,"column":26}},"17":{"start":{"line":34,"column":4},"end":{"line":34,"column":51}},"18":{"start":{"line":39,"column":15},"end":{"line":45,"column":2}},"19":{"start":{"line":47,"column":13},"end":{"line":87,"column":2}},"20":{"start":{"line":52,"column":6},"end":{"line":67,"column":7}},"21":{"start":{"line":53,"column":8},"end":{"line":55,"column":9}},"22":{"start":{"line":54,"column":10},"end":{"line":54,"column":71}},"23":{"start":{"line":58,"column":25},"end":{"line":58,"column":65}},"24":{"start":{"line":60,"column":8},"end":{"line":64,"column":11}},"25":{"start":{"line":66,"column":8},"end":{"line":66,"column":55}},"26":{"start":{"line":73,"column":4},"end":{"line":85,"column":5}},"27":{"start":{"line":74,"column":23},"end":{"line":74,"column":42}},"28":{"start":{"line":75,"column":23},"end":{"line":75,"column":80}},"29":{"start":{"line":77,"column":6},"end":{"line":82,"column":7}},"30":{"start":{"line":78,"column":8},"end":{"line":78,"column":32}},"31":{"start":{"line":79,"column":8},"end":{"line":79,"column":60}},"32":{"start":{"line":81,"column":8},"end":{"line":81,"column":61}},"33":{"start":{"line":84,"column":6},"end":{"line":84,"column":53}}},"fnMap":{"0":{"name":"(anonymous_1)","decl":{"start":{"line":9,"column":15},"end":{"line":9,"column":16}},"loc":{"start":{"line":9,"column":33},"end":{"line":16,"column":3}}},"1":{"name":"(anonymous_2)","decl":{"start":{"line":17,"column":12},"end":{"line":17,"column":13}},"loc":{"start":{"line":17,"column":30},"end":{"line":22,"column":3}}},"2":{"name":"(anonymous_3)","decl":{"start":{"line":26,"column":19},"end":{"line":26,"column":20}},"loc":{"start":{"line":26,"column":94},"end":{"line":36,"column":1}}},"3":{"name":"(anonymous_4)","decl":{"start":{"line":51,"column":4},"end":{"line":51,"column":9}},"loc":{"start":{"line":51,"column":42},"end":{"line":68,"column":5}}},"4":{"name":"(anonymous_5)","decl":{"start":{"line":72,"column":22},"end":{"line":72,"column":27}},"loc":{"start":{"line":72,"column":60},"end":{"line":86,"column":3}}}},"branchMap":{"0":{"loc":{"start":{"line":12,"column":4},"end":{"line":14,"column":5}},"type":"if","locations":[{"start":{"line":12,"column":4},"end":{"line":14,"column":5}},{"start":{},"end":{}}]},"1":{"loc":{"start":{"line":31,"column":2},"end":{"line":35,"column":3}},"type":"if","locations":[{"start":{"line":31,"column":2},"end":{"line":35,"column":3}},{"start":{"line":33,"column":9},"end":{"line":35,"column":3}}]},"2":{"loc":{"start":{"line":31,"column":6},"end":{"line":31,"column":25}},"type":"binary-expr","locations":[{"start":{"line":31,"column":6},"end":{"line":31,"column":14}},{"start":{"line":31,"column":18},"end":{"line":31,"column":25}}]},"3":{"loc":{"start":{"line":53,"column":8},"end":{"line":55,"column":9}},"type":"if","locations":[{"start":{"line":53,"column":8},"end":{"line":55,"column":9}},{"start":{},"end":{}}]},"4":{"loc":{"start":{"line":77,"column":6},"end":{"line":82,"column":7}},"type":"if","locations":[{"start":{"line":77,"column":6},"end":{"line":82,"column":7}},{"start":{"line":80,"column":13},"end":{"line":82,"column":7}}]}},"s":{"0":1,"1":1,"2":1,"3":1,"4":0,"5":0,"6":0,"7":0,"8":0,"9":0,"10":0,"11":1,"12":0,"13":0,"14":0,"15":0,"16":0,"17":0,"18":1,"19":1,"20":0,"21":0,"22":0,"23":0,"24":0,"25":0,"26":0,"27":0,"28":0,"29":0,"30":0,"31":0,"32":0,"33":0},"f":{"0":0,"1":0,"2":0,"3":0,"4":0},"b":{"0":[0,0],"1":[0,0],"2":[0,0],"3":[0,0],"4":[0,0]}}
,"C:\\Users\\pc\\Desktop\\Famers-digital-Market\\src\\controllers\\userControllers.ts": {"path":"C:\\Users\\pc\\Desktop\\Famers-digital-Market\\src\\controllers\\userControllers.ts","statementMap":{"0":{"start":{"line":2,"column":0},"end":{"line":2,"column":55}},"1":{"start":{"line":5,"column":13},"end":{"line":69,"column":2}},"2":{"start":{"line":7,"column":4},"end":{"line":12,"column":5}},"3":{"start":{"line":8,"column":20},"end":{"line":8,"column":51}},"4":{"start":{"line":9,"column":6},"end":{"line":9,"column":22}},"5":{"start":{"line":11,"column":6},"end":{"line":11,"column":53}},"6":{"start":{"line":16,"column":4},"end":{"line":26,"column":5}},"7":{"start":{"line":18,"column":6},"end":{"line":20,"column":7}},"8":{"start":{"line":19,"column":8},"end":{"line":19,"column":66}},"9":{"start":{"line":22,"column":19},"end":{"line":22,"column":64}},"10":{"start":{"line":23,"column":6},"end":{"line":23,"column":21}},"11":{"start":{"line":25,"column":6},"end":{"line":25,"column":53}},"12":{"start":{"line":30,"column":4},"end":{"line":35,"column":5}},"13":{"start":{"line":31,"column":21},"end":{"line":31,"column":61}},"14":{"start":{"line":32,"column":6},"end":{"line":32,"column":23}},"15":{"start":{"line":34,"column":6},"end":{"line":34,"column":53}},"16":{"start":{"line":39,"column":4},"end":{"line":44,"column":5}},"17":{"start":{"line":40,"column":21},"end":{"line":40,"column":83}},"18":{"start":{"line":41,"column":6},"end":{"line":41,"column":23}},"19":{"start":{"line":43,"column":6},"end":{"line":43,"column":53}},"20":{"start":{"line":48,"column":4},"end":{"line":58,"column":5}},"21":{"start":{"line":50,"column":6},"end":{"line":52,"column":7}},"22":{"start":{"line":51,"column":8},"end":{"line":51,"column":66}},"23":{"start":{"line":54,"column":21},"end":{"line":54,"column":75}},"24":{"start":{"line":55,"column":6},"end":{"line":55,"column":23}},"25":{"start":{"line":57,"column":6},"end":{"line":57,"column":53}},"26":{"start":{"line":62,"column":4},"end":{"line":67,"column":5}},"27":{"start":{"line":63,"column":21},"end":{"line":63,"column":65}},"28":{"start":{"line":64,"column":6},"end":{"line":64,"column":23}},"29":{"start":{"line":66,"column":6},"end":{"line":66,"column":53}}},"fnMap":{"0":{"name":"(anonymous_0)","decl":{"start":{"line":6,"column":15},"end":{"line":6,"column":20}},"loc":{"start":{"line":6,"column":58},"end":{"line":13,"column":3}}},"1":{"name":"(anonymous_1)","decl":{"start":{"line":15,"column":15},"end":{"line":15,"column":20}},"loc":{"start":{"line":15,"column":57},"end":{"line":27,"column":3}}},"2":{"name":"(anonymous_2)","decl":{"start":{"line":29,"column":16},"end":{"line":29,"column":21}},"loc":{"start":{"line":29,"column":54},"end":{"line":36,"column":3}}},"3":{"name":"(anonymous_3)","decl":{"start":{"line":38,"column":13},"end":{"line":38,"column":18}},"loc":{"start":{"line":38,"column":51},"end":{"line":45,"column":3}}},"4":{"name":"(anonymous_4)","decl":{"start":{"line":47,"column":14},"end":{"line":47,"column":19}},"loc":{"start":{"line":47,"column":56},"end":{"line":59,"column":3}}},"5":{"name":"(anonymous_5)","decl":{"start":{"line":61,"column":14},"end":{"line":61,"column":19}},"loc":{"start":{"line":61,"column":56},"end":{"line":68,"column":3}}}},"branchMap":{"0":{"loc":{"start":{"line":18,"column":6},"end":{"line":20,"column":7}},"type":"if","locations":[{"start":{"line":18,"column":6},"end":{"line":20,"column":7}},{"start":{},"end":{}}]},"1":{"loc":{"start":{"line":18,"column":10},"end":{"line":18,"column":76}},"type":"binary-expr","locations":[{"start":{"line":18,"column":10},"end":{"line":18,"column":36}},{"start":{"line":18,"column":40},"end":{"line":18,"column":76}}]},"2":{"loc":{"start":{"line":50,"column":6},"end":{"line":52,"column":7}},"type":"if","locations":[{"start":{"line":50,"column":6},"end":{"line":52,"column":7}},{"start":{},"end":{}}]},"3":{"loc":{"start":{"line":50,"column":10},"end":{"line":50,"column":76}},"type":"binary-expr","locations":[{"start":{"line":50,"column":10},"end":{"line":50,"column":36}},{"start":{"line":50,"column":40},"end":{"line":50,"column":76}}]}},"s":{"0":2,"1":2,"2":2,"3":2,"4":1,"5":1,"6":4,"7":4,"8":1,"9":3,"10":2,"11":1,"12":2,"13":2,"14":1,"15":1,"16":2,"17":2,"18":1,"19":1,"20":4,"21":4,"22":1,"23":3,"24":2,"25":1,"26":2,"27":2,"28":1,"29":1},"f":{"0":2,"1":4,"2":2,"3":2,"4":4,"5":2},"b":{"0":[1,3],"1":[4,2],"2":[1,3],"3":[4,3]}}
,"C:\\Users\\pc\\Desktop\\Famers-digital-Market\\src\\db\\config.ts": {"path":"C:\\Users\\pc\\Desktop\\Famers-digital-Market\\src\\db\\config.ts","statementMap":{"0":{"start":{"line":2,"column":0},"end":{"line":2,"column":28}},"1":{"start":{"line":3,"column":0},"end":{"line":3,"column":28}},"2":{"start":{"line":4,"column":0},"end":{"line":4,"column":24}},"3":{"start":{"line":6,"column":0},"end":{"line":6,"column":16}},"4":{"start":{"line":9,"column":91},"end":{"line":9,"column":102}},"5":{"start":{"line":12,"column":0},"end":{"line":12,"column":45}},"6":{"start":{"line":13,"column":0},"end":{"line":13,"column":41}},"7":{"start":{"line":14,"column":0},"end":{"line":14,"column":39}},"8":{"start":{"line":15,"column":0},"end":{"line":15,"column":37}},"9":{"start":{"line":16,"column":0},"end":{"line":16,"column":45}},"10":{"start":{"line":19,"column":30},"end":{"line":34,"column":2}},"11":{"start":{"line":56,"column":9},"end":{"line":56,"column":18}},"12":{"start":{"line":37,"column":23},"end":{"line":46,"column":1}},"13":{"start":{"line":38,"column":2},"end":{"line":45,"column":3}},"14":{"start":{"line":39,"column":17},"end":{"line":39,"column":45}},"15":{"start":{"line":40,"column":4},"end":{"line":40,"column":43}},"16":{"start":{"line":41,"column":4},"end":{"line":41,"column":16}},"17":{"start":{"line":43,"column":4},"end":{"line":43,"column":50}},"18":{"start":{"line":44,"column":4},"end":{"line":44,"column":16}},"19":{"start":{"line":37,"column":13},"end":{"line":37,"column":23}},"20":{"start":{"line":49,"column":13},"end":{"line":53,"column":2}},"21":{"start":{"line":55,"column":0},"end":{"line":55,"column":19}}},"fnMap":{"0":{"name":"(anonymous_1)","decl":{"start":{"line":37,"column":23},"end":{"line":37,"column":28}},"loc":{"start":{"line":37,"column":63},"end":{"line":46,"column":1}}}},"branchMap":{"0":{"loc":{"start":{"line":24,"column":8},"end":{"line":24,"column":44}},"type":"cond-expr","locations":[{"start":{"line":24,"column":19},"end":{"line":24,"column":37}},{"start":{"line":24,"column":40},"end":{"line":24,"column":44}}]},"1":{"loc":{"start":{"line":52,"column":8},"end":{"line":52,"column":36}},"type":"cond-expr","locations":[{"start":{"line":52,"column":15},"end":{"line":52,"column":29}},{"start":{"line":52,"column":32},"end":{"line":52,"column":36}}]}},"s":{"0":34,"1":34,"2":34,"3":34,"4":34,"5":34,"6":34,"7":34,"8":34,"9":34,"10":34,"11":34,"12":34,"13":74,"14":74,"15":74,"16":74,"17":0,"18":0,"19":34,"20":34,"21":34},"f":{"0":74},"b":{"0":[34,0],"1":[34,0]}}
,"C:\\Users\\pc\\Desktop\\Famers-digital-Market\\src\\middleware\\authMiddleware.ts": {"path":"C:\\Users\\pc\\Desktop\\Famers-digital-Market\\src\\middleware\\authMiddleware.ts","statementMap":{"0":{"start":{"line":2,"column":0},"end":{"line":2,"column":47}},"1":{"start":{"line":9,"column":30},"end":{"line":34,"column":1}},"2":{"start":{"line":10,"column":23},"end":{"line":10,"column":48}},"3":{"start":{"line":11,"column":4},"end":{"line":11,"column":83}},"4":{"start":{"line":11,"column":21},"end":{"line":11,"column":83}},"5":{"start":{"line":13,"column":28},"end":{"line":13,"column":49}},"6":{"start":{"line":14,"column":4},"end":{"line":16,"column":5}},"7":{"start":{"line":15,"column":8},"end":{"line":15,"column":68}},"8":{"start":{"line":18,"column":4},"end":{"line":33,"column":5}},"9":{"start":{"line":19,"column":24},"end":{"line":19,"column":80}},"10":{"start":{"line":21,"column":8},"end":{"line":23,"column":9}},"11":{"start":{"line":22,"column":12},"end":{"line":22,"column":78}},"12":{"start":{"line":25,"column":8},"end":{"line":28,"column":10}},"13":{"start":{"line":30,"column":8},"end":{"line":30,"column":15}},"14":{"start":{"line":32,"column":8},"end":{"line":32,"column":77}},"15":{"start":{"line":9,"column":13},"end":{"line":9,"column":30}},"16":{"start":{"line":36,"column":27},"end":{"line":48,"column":1}},"17":{"start":{"line":37,"column":4},"end":{"line":47,"column":6}},"18":{"start":{"line":38,"column":8},"end":{"line":40,"column":9}},"19":{"start":{"line":39,"column":12},"end":{"line":39,"column":80}},"20":{"start":{"line":42,"column":8},"end":{"line":44,"column":9}},"21":{"start":{"line":43,"column":12},"end":{"line":43,"column":81}},"22":{"start":{"line":46,"column":8},"end":{"line":46,"column":15}},"23":{"start":{"line":36,"column":13},"end":{"line":36,"column":27}}},"fnMap":{"0":{"name":"(anonymous_1)","decl":{"start":{"line":9,"column":30},"end":{"line":9,"column":31}},"loc":{"start":{"line":9,"column":86},"end":{"line":34,"column":1}}},"1":{"name":"(anonymous_2)","decl":{"start":{"line":36,"column":27},"end":{"line":36,"column":28}},"loc":{"start":{"line":36,"column":92},"end":{"line":48,"column":1}}},"2":{"name":"(anonymous_3)","decl":{"start":{"line":37,"column":11},"end":{"line":37,"column":12}},"loc":{"start":{"line":37,"column":67},"end":{"line":47,"column":5}}}},"branchMap":{"0":{"loc":{"start":{"line":11,"column":4},"end":{"line":11,"column":83}},"type":"if","locations":[{"start":{"line":11,"column":4},"end":{"line":11,"column":83}},{"start":{},"end":{}}]},"1":{"loc":{"start":{"line":14,"column":4},"end":{"line":16,"column":5}},"type":"if","locations":[{"start":{"line":14,"column":4},"end":{"line":16,"column":5}},{"start":{},"end":{}}]},"2":{"loc":{"start":{"line":14,"column":8},"end":{"line":14,"column":37}},"type":"binary-expr","locations":[{"start":{"line":14,"column":8},"end":{"line":14,"column":27}},{"start":{"line":14,"column":31},"end":{"line":14,"column":37}}]},"3":{"loc":{"start":{"line":21,"column":8},"end":{"line":23,"column":9}},"type":"if","locations":[{"start":{"line":21,"column":8},"end":{"line":23,"column":9}},{"start":{},"end":{}}]},"4":{"loc":{"start":{"line":21,"column":12},"end":{"line":21,"column":45}},"type":"binary-expr","locations":[{"start":{"line":21,"column":12},"end":{"line":21,"column":28}},{"start":{"line":21,"column":32},"end":{"line":21,"column":45}}]},"5":{"loc":{"start":{"line":38,"column":8},"end":{"line":40,"column":9}},"type":"if","locations":[{"start":{"line":38,"column":8},"end":{"line":40,"column":9}},{"start":{},"end":{}}]},"6":{"loc":{"start":{"line":42,"column":8},"end":{"line":44,"column":9}},"type":"if","locations":[{"start":{"line":42,"column":8},"end":{"line":44,"column":9}},{"start":{},"end":{}}]}},"s":{"0":10,"1":10,"2":0,"3":0,"4":0,"5":0,"6":0,"7":0,"8":0,"9":0,"10":0,"11":0,"12":0,"13":0,"14":0,"15":10,"16":10,"17":4,"18":0,"19":0,"20":0,"21":0,"22":0,"23":10},"f":{"0":0,"1":4,"2":0},"b":{"0":[0,0],"1":[0,0],"2":[0,0],"3":[0,0],"4":[0,0],"5":[0,0],"6":[0,0]}}
,"C:\\Users\\pc\\Desktop\\Famers-digital-Market\\src\\middleware\\logger.ts": {"path":"C:\\Users\\pc\\Desktop\\Famers-digital-Market\\src\\middleware\\logger.ts","statementMap":{"0":{"start":{"line":3,"column":22},"end":{"line":14,"column":1}},"1":{"start":{"line":4,"column":18},"end":{"line":4,"column":28}},"2":{"start":{"line":5,"column":4},"end":{"line":5,"column":92}},"3":{"start":{"line":8,"column":4},"end":{"line":11,"column":7}},"4":{"start":{"line":9,"column":25},"end":{"line":9,"column":43}},"5":{"start":{"line":10,"column":8},"end":{"line":10,"column":114}},"6":{"start":{"line":13,"column":4},"end":{"line":13,"column":11}},"7":{"start":{"line":3,"column":13},"end":{"line":3,"column":22}}},"fnMap":{"0":{"name":"(anonymous_0)","decl":{"start":{"line":3,"column":22},"end":{"line":3,"column":23}},"loc":{"start":{"line":3,"column":74},"end":{"line":14,"column":1}}},"1":{"name":"(anonymous_1)","decl":{"start":{"line":8,"column":21},"end":{"line":8,"column":24}},"loc":{"start":{"line":8,"column":26},"end":{"line":11,"column":5}}}},"branchMap":{},"s":{"0":0,"1":0,"2":0,"3":0,"4":0,"5":0,"6":0,"7":0},"f":{"0":0,"1":0},"b":{}}
,"C:\\Users\\pc\\Desktop\\Famers-digital-Market\\src\\middleware\\rateLimiter.ts": {"path":"C:\\Users\\pc\\Desktop\\Famers-digital-Market\\src\\middleware\\rateLimiter.ts","statementMap":{"0":{"start":{"line":1,"column":0},"end":{"line":1,"column":58}},"1":{"start":{"line":4,"column":20},"end":{"line":7,"column":2}},"2":{"start":{"line":9,"column":37},"end":{"line":16,"column":1}},"3":{"start":{"line":10,"column":4},"end":{"line":15,"column":5}},"4":{"start":{"line":11,"column":8},"end":{"line":11,"column":55}},"5":{"start":{"line":12,"column":8},"end":{"line":12,"column":15}},"6":{"start":{"line":14,"column":8},"end":{"line":14,"column":87}},"7":{"start":{"line":9,"column":13},"end":{"line":9,"column":37}}},"fnMap":{"0":{"name":"(anonymous_0)","decl":{"start":{"line":9,"column":37},"end":{"line":9,"column":42}},"loc":{"start":{"line":9,"column":95},"end":{"line":16,"column":1}}}},"branchMap":{"0":{"loc":{"start":{"line":11,"column":34},"end":{"line":11,"column":53}},"type":"binary-expr","locations":[{"start":{"line":11,"column":34},"end":{"line":11,"column":40}},{"start":{"line":11,"column":44},"end":{"line":11,"column":53}}]}},"s":{"0":0,"1":0,"2":0,"3":0,"4":0,"5":0,"6":0,"7":0},"f":{"0":0},"b":{"0":[0,0]}}
,"C:\\Users\\pc\\Desktop\\Famers-digital-Market\\src\\repository\\authRepository.ts": {"path":"C:\\Users\\pc\\Desktop\\Famers-digital-Market\\src\\repository\\authRepository.ts","statementMap":{"0":{"start":{"line":1,"column":0},"end":{"line":1,"column":39}},"1":{"start":{"line":3,"column":13},"end":{"line":140,"column":2}},"2":{"start":{"line":9,"column":17},"end":{"line":9,"column":32}},"3":{"start":{"line":10,"column":19},"end":{"line":13,"column":56}},"4":{"start":{"line":14,"column":4},"end":{"line":14,"column":31}},"5":{"start":{"line":18,"column":17},"end":{"line":18,"column":32}},"6":{"start":{"line":19,"column":19},"end":{"line":22,"column":60}},"7":{"start":{"line":23,"column":4},"end":{"line":23,"column":31}},"8":{"start":{"line":27,"column":17},"end":{"line":27,"column":32}},"9":{"start":{"line":28,"column":19},"end":{"line":31,"column":54}},"10":{"start":{"line":32,"column":4},"end":{"line":32,"column":31}},"11":{"start":{"line":43,"column":71},"end":{"line":43,"column":75}},"12":{"start":{"line":44,"column":17},"end":{"line":44,"column":32}},"13":{"start":{"line":45,"column":19},"end":{"line":58,"column":8}},"14":{"start":{"line":59,"column":4},"end":{"line":59,"column":31}},"15":{"start":{"line":63,"column":17},"end":{"line":63,"column":32}},"16":{"start":{"line":64,"column":20},"end":{"line":67,"column":29}},"17":{"start":{"line":65,"column":6},"end":{"line":65,"column":28}},"18":{"start":{"line":66,"column":6},"end":{"line":66,"column":17}},"19":{"start":{"line":69,"column":22},"end":{"line":69,"column":81}},"20":{"start":{"line":69,"column":51},"end":{"line":69,"column":69}},"21":{"start":{"line":71,"column":4},"end":{"line":73,"column":6}},"22":{"start":{"line":77,"column":17},"end":{"line":77,"column":32}},"23":{"start":{"line":78,"column":4},"end":{"line":80,"column":6}},"24":{"start":{"line":84,"column":17},"end":{"line":84,"column":32}},"25":{"start":{"line":85,"column":4},"end":{"line":87,"column":6}},"26":{"start":{"line":91,"column":17},"end":{"line":91,"column":32}},"27":{"start":{"line":92,"column":4},"end":{"line":94,"column":6}},"28":{"start":{"line":103,"column":17},"end":{"line":103,"column":32}},"29":{"start":{"line":104,"column":4},"end":{"line":111,"column":9}},"30":{"start":{"line":116,"column":17},"end":{"line":116,"column":32}},"31":{"start":{"line":117,"column":19},"end":{"line":125,"column":8}},"32":{"start":{"line":127,"column":4},"end":{"line":127,"column":31}},"33":{"start":{"line":132,"column":17},"end":{"line":132,"column":32}},"34":{"start":{"line":133,"column":4},"end":{"line":138,"column":9}}},"fnMap":{"0":{"name":"(anonymous_0)","decl":{"start":{"line":8,"column":14},"end":{"line":8,"column":19}},"loc":{"start":{"line":8,"column":38},"end":{"line":15,"column":3}}},"1":{"name":"(anonymous_1)","decl":{"start":{"line":17,"column":11},"end":{"line":17,"column":16}},"loc":{"start":{"line":17,"column":37},"end":{"line":24,"column":3}}},"2":{"name":"(anonymous_2)","decl":{"start":{"line":26,"column":17},"end":{"line":26,"column":22}},"loc":{"start":{"line":26,"column":40},"end":{"line":33,"column":3}}},"3":{"name":"(anonymous_3)","decl":{"start":{"line":35,"column":14},"end":{"line":35,"column":19}},"loc":{"start":{"line":42,"column":7},"end":{"line":60,"column":3}}},"4":{"name":"(anonymous_4)","decl":{"start":{"line":62,"column":14},"end":{"line":62,"column":19}},"loc":{"start":{"line":62,"column":67},"end":{"line":74,"column":3}}},"5":{"name":"(anonymous_5)","decl":{"start":{"line":64,"column":48},"end":{"line":64,"column":49}},"loc":{"start":{"line":64,"column":70},"end":{"line":67,"column":5}}},"6":{"name":"(anonymous_6)","decl":{"start":{"line":69,"column":44},"end":{"line":69,"column":47}},"loc":{"start":{"line":69,"column":51},"end":{"line":69,"column":69}}},"7":{"name":"(anonymous_7)","decl":{"start":{"line":76,"column":23},"end":{"line":76,"column":28}},"loc":{"start":{"line":76,"column":49},"end":{"line":81,"column":3}}},"8":{"name":"(anonymous_8)","decl":{"start":{"line":83,"column":22},"end":{"line":83,"column":27}},"loc":{"start":{"line":83,"column":48},"end":{"line":88,"column":3}}},"9":{"name":"(anonymous_9)","decl":{"start":{"line":90,"column":26},"end":{"line":90,"column":31}},"loc":{"start":{"line":90,"column":52},"end":{"line":95,"column":3}}},"10":{"name":"(anonymous_10)","decl":{"start":{"line":102,"column":25},"end":{"line":102,"column":30}},"loc":{"start":{"line":102,"column":66},"end":{"line":112,"column":3}}},"11":{"name":"(anonymous_11)","decl":{"start":{"line":115,"column":18},"end":{"line":115,"column":23}},"loc":{"start":{"line":115,"column":42},"end":{"line":128,"column":3}}},"12":{"name":"(anonymous_12)","decl":{"start":{"line":131,"column":15},"end":{"line":131,"column":20}},"loc":{"start":{"line":131,"column":39},"end":{"line":139,"column":3}}}},"branchMap":{"0":{"loc":{"start":{"line":49,"column":22},"end":{"line":49,"column":35}},"type":"binary-expr","locations":[{"start":{"line":49,"column":22},"end":{"line":49,"column":27}},{"start":{"line":49,"column":31},"end":{"line":49,"column":35}}]}},"s":{"0":4,"1":4,"2":10,"3":10,"4":10,"5":1,"6":1,"7":1,"8":3,"9":3,"10":3,"11":8,"12":8,"13":8,"14":8,"15":2,"16":2,"17":6,"18":6,"19":2,"20":6,"21":2,"22":5,"23":5,"24":3,"25":3,"26":1,"27":1,"28":9,"29":9,"30":1,"31":1,"32":1,"33":1,"34":1},"f":{"0":10,"1":1,"2":3,"3":8,"4":2,"5":6,"6":6,"7":5,"8":3,"9":1,"10":9,"11":1,"12":1},"b":{"0":[8,5]}}
,"C:\\Users\\pc\\Desktop\\Famers-digital-Market\\src\\repository\\buyerRepository.ts": {"path":"C:\\Users\\pc\\Desktop\\Famers-digital-Market\\src\\repository\\buyerRepository.ts","statementMap":{"0":{"start":{"line":2,"column":0},"end":{"line":2,"column":39}},"1":{"start":{"line":4,"column":13},"end":{"line":71,"column":2}},"2":{"start":{"line":6,"column":17},"end":{"line":6,"column":32}},"3":{"start":{"line":7,"column":19},"end":{"line":7,"column":69}},"4":{"start":{"line":8,"column":4},"end":{"line":8,"column":28}},"5":{"start":{"line":12,"column":17},"end":{"line":12,"column":32}},"6":{"start":{"line":13,"column":19},"end":{"line":16,"column":57}},"7":{"start":{"line":17,"column":4},"end":{"line":17,"column":31}},"8":{"start":{"line":21,"column":17},"end":{"line":21,"column":32}},"9":{"start":{"line":22,"column":19},"end":{"line":25,"column":61}},"10":{"start":{"line":26,"column":4},"end":{"line":26,"column":31}},"11":{"start":{"line":30,"column":17},"end":{"line":30,"column":32}},"12":{"start":{"line":31,"column":19},"end":{"line":39,"column":8}},"13":{"start":{"line":40,"column":4},"end":{"line":40,"column":31}},"14":{"start":{"line":44,"column":71},"end":{"line":44,"column":75}},"15":{"start":{"line":46,"column":17},"end":{"line":46,"column":32}},"16":{"start":{"line":47,"column":4},"end":{"line":61,"column":8}},"17":{"start":{"line":65,"column":17},"end":{"line":65,"column":32}},"18":{"start":{"line":66,"column":4},"end":{"line":69,"column":56}}},"fnMap":{"0":{"name":"(anonymous_0)","decl":{"start":{"line":5,"column":10},"end":{"line":5,"column":15}},"loc":{"start":{"line":5,"column":21},"end":{"line":9,"column":3}}},"1":{"name":"(anonymous_1)","decl":{"start":{"line":11,"column":11},"end":{"line":11,"column":16}},"loc":{"start":{"line":11,"column":32},"end":{"line":18,"column":3}}},"2":{"name":"(anonymous_2)","decl":{"start":{"line":20,"column":15},"end":{"line":20,"column":20}},"loc":{"start":{"line":20,"column":40},"end":{"line":27,"column":3}}},"3":{"name":"(anonymous_3)","decl":{"start":{"line":29,"column":10},"end":{"line":29,"column":15}},"loc":{"start":{"line":29,"column":65},"end":{"line":41,"column":3}}},"4":{"name":"(anonymous_4)","decl":{"start":{"line":43,"column":10},"end":{"line":43,"column":15}},"loc":{"start":{"line":43,"column":42},"end":{"line":62,"column":3}}},"5":{"name":"(anonymous_5)","decl":{"start":{"line":64,"column":10},"end":{"line":64,"column":15}},"loc":{"start":{"line":64,"column":31},"end":{"line":70,"column":3}}}},"branchMap":{"0":{"loc":{"start":{"line":34,"column":25},"end":{"line":34,"column":46}},"type":"binary-expr","locations":[{"start":{"line":34,"column":25},"end":{"line":34,"column":38}},{"start":{"line":34,"column":42},"end":{"line":34,"column":46}}]}},"s":{"0":5,"1":5,"2":1,"3":1,"4":1,"5":1,"6":1,"7":1,"8":1,"9":1,"10":1,"11":1,"12":1,"13":1,"14":1,"15":1,"16":1,"17":1,"18":1},"f":{"0":1,"1":1,"2":1,"3":1,"4":1,"5":1},"b":{"0":[1,0]}}
,"C:\\Users\\pc\\Desktop\\Famers-digital-Market\\src\\repository\\farmersRepository.ts": {"path":"C:\\Users\\pc\\Desktop\\Famers-digital-Market\\src\\repository\\farmersRepository.ts","statementMap":{"0":{"start":{"line":2,"column":0},"end":{"line":2,"column":39}},"1":{"start":{"line":15,"column":13},"end":{"line":76,"column":2}},"2":{"start":{"line":17,"column":17},"end":{"line":17,"column":32}},"3":{"start":{"line":18,"column":19},"end":{"line":18,"column":70}},"4":{"start":{"line":19,"column":4},"end":{"line":19,"column":28}},"5":{"start":{"line":23,"column":17},"end":{"line":23,"column":32}},"6":{"start":{"line":24,"column":19},"end":{"line":27,"column":59}},"7":{"start":{"line":28,"column":4},"end":{"line":28,"column":31}},"8":{"start":{"line":32,"column":17},"end":{"line":32,"column":32}},"9":{"start":{"line":33,"column":19},"end":{"line":36,"column":62}},"10":{"start":{"line":37,"column":4},"end":{"line":37,"column":31}},"11":{"start":{"line":41,"column":17},"end":{"line":41,"column":32}},"12":{"start":{"line":42,"column":19},"end":{"line":51,"column":8}},"13":{"start":{"line":52,"column":4},"end":{"line":52,"column":31}},"14":{"start":{"line":56,"column":17},"end":{"line":56,"column":32}},"15":{"start":{"line":57,"column":4},"end":{"line":66,"column":9}},"16":{"start":{"line":70,"column":17},"end":{"line":70,"column":32}},"17":{"start":{"line":71,"column":4},"end":{"line":74,"column":58}}},"fnMap":{"0":{"name":"(anonymous_0)","decl":{"start":{"line":16,"column":10},"end":{"line":16,"column":15}},"loc":{"start":{"line":16,"column":21},"end":{"line":20,"column":3}}},"1":{"name":"(anonymous_1)","decl":{"start":{"line":22,"column":11},"end":{"line":22,"column":16}},"loc":{"start":{"line":22,"column":32},"end":{"line":29,"column":3}}},"2":{"name":"(anonymous_2)","decl":{"start":{"line":31,"column":15},"end":{"line":31,"column":20}},"loc":{"start":{"line":31,"column":40},"end":{"line":38,"column":3}}},"3":{"name":"(anonymous_3)","decl":{"start":{"line":40,"column":10},"end":{"line":40,"column":15}},"loc":{"start":{"line":40,"column":37},"end":{"line":53,"column":3}}},"4":{"name":"(anonymous_4)","decl":{"start":{"line":55,"column":10},"end":{"line":55,"column":15}},"loc":{"start":{"line":55,"column":55},"end":{"line":67,"column":3}}},"5":{"name":"(anonymous_5)","decl":{"start":{"line":69,"column":10},"end":{"line":69,"column":15}},"loc":{"start":{"line":69,"column":31},"end":{"line":75,"column":3}}}},"branchMap":{},"s":{"0":7,"1":7,"2":1,"3":1,"4":1,"5":1,"6":1,"7":1,"8":1,"9":1,"10":1,"11":1,"12":1,"13":1,"14":1,"15":1,"16":1,"17":1},"f":{"0":1,"1":1,"2":1,"3":1,"4":1,"5":1},"b":{}}
,"C:\\Users\\pc\\Desktop\\Famers-digital-Market\\src\\repository\\logisticsRepository.ts": {"path":"C:\\Users\\pc\\Desktop\\Famers-digital-Market\\src\\repository\\logisticsRepository.ts","statementMap":{"0":{"start":{"line":2,"column":0},"end":{"line":2,"column":39}},"1":{"start":{"line":4,"column":13},"end":{"line":142,"column":2}},"2":{"start":{"line":6,"column":17},"end":{"line":6,"column":32}},"3":{"start":{"line":7,"column":19},"end":{"line":22,"column":8}},"4":{"start":{"line":23,"column":4},"end":{"line":23,"column":44}},"5":{"start":{"line":27,"column":17},"end":{"line":27,"column":32}},"6":{"start":{"line":28,"column":19},"end":{"line":34,"column":6}},"7":{"start":{"line":35,"column":4},"end":{"line":35,"column":28}},"8":{"start":{"line":39,"column":17},"end":{"line":39,"column":32}},"9":{"start":{"line":40,"column":19},"end":{"line":49,"column":8}},"10":{"start":{"line":51,"column":4},"end":{"line":51,"column":31}},"11":{"start":{"line":55,"column":17},"end":{"line":55,"column":32}},"12":{"start":{"line":56,"column":19},"end":{"line":59,"column":66}},"13":{"start":{"line":61,"column":4},"end":{"line":61,"column":31}},"14":{"start":{"line":65,"column":4},"end":{"line":65,"column":73}},"15":{"start":{"line":66,"column":17},"end":{"line":66,"column":32}},"16":{"start":{"line":67,"column":19},"end":{"line":76,"column":8}},"17":{"start":{"line":78,"column":4},"end":{"line":78,"column":63}},"18":{"start":{"line":79,"column":4},"end":{"line":79,"column":28}},"19":{"start":{"line":83,"column":17},"end":{"line":83,"column":32}},"20":{"start":{"line":84,"column":20},"end":{"line":84,"column":50}},"21":{"start":{"line":86,"column":23},"end":{"line":86,"column":25}},"22":{"start":{"line":87,"column":17},"end":{"line":87,"column":23}},"23":{"start":{"line":89,"column":4},"end":{"line":92,"column":5}},"24":{"start":{"line":90,"column":6},"end":{"line":90,"column":62}},"25":{"start":{"line":91,"column":6},"end":{"line":91,"column":61}},"26":{"start":{"line":93,"column":4},"end":{"line":96,"column":5}},"27":{"start":{"line":94,"column":6},"end":{"line":94,"column":64}},"28":{"start":{"line":95,"column":6},"end":{"line":95,"column":63}},"29":{"start":{"line":97,"column":4},"end":{"line":100,"column":5}},"30":{"start":{"line":98,"column":6},"end":{"line":98,"column":62}},"31":{"start":{"line":99,"column":6},"end":{"line":99,"column":61}},"32":{"start":{"line":101,"column":4},"end":{"line":104,"column":5}},"33":{"start":{"line":102,"column":6},"end":{"line":102,"column":58}},"34":{"start":{"line":103,"column":6},"end":{"line":103,"column":57}},"35":{"start":{"line":105,"column":4},"end":{"line":108,"column":5}},"36":{"start":{"line":106,"column":6},"end":{"line":106,"column":68}},"37":{"start":{"line":107,"column":6},"end":{"line":107,"column":67}},"38":{"start":{"line":109,"column":4},"end":{"line":112,"column":5}},"39":{"start":{"line":110,"column":6},"end":{"line":110,"column":62}},"40":{"start":{"line":111,"column":6},"end":{"line":111,"column":61}},"41":{"start":{"line":113,"column":4},"end":{"line":116,"column":5}},"42":{"start":{"line":114,"column":6},"end":{"line":114,"column":62}},"43":{"start":{"line":115,"column":6},"end":{"line":115,"column":61}},"44":{"start":{"line":117,"column":4},"end":{"line":120,"column":5}},"45":{"start":{"line":118,"column":6},"end":{"line":118,"column":42}},"46":{"start":{"line":119,"column":6},"end":{"line":119,"column":41}},"47":{"start":{"line":122,"column":4},"end":{"line":122,"column":48}},"48":{"start":{"line":124,"column":4},"end":{"line":124,"column":42}},"49":{"start":{"line":124,"column":35},"end":{"line":124,"column":42}},"50":{"start":{"line":126,"column":18},"end":{"line":130,"column":6}},"51":{"start":{"line":132,"column":4},"end":{"line":132,"column":31}},"52":{"start":{"line":136,"column":17},"end":{"line":136,"column":32}},"53":{"start":{"line":137,"column":4},"end":{"line":140,"column":63}}},"fnMap":{"0":{"name":"(anonymous_0)","decl":{"start":{"line":5,"column":10},"end":{"line":5,"column":15}},"loc":{"start":{"line":5,"column":30},"end":{"line":24,"column":3}}},"1":{"name":"(anonymous_1)","decl":{"start":{"line":26,"column":10},"end":{"line":26,"column":15}},"loc":{"start":{"line":26,"column":21},"end":{"line":36,"column":3}}},"2":{"name":"(anonymous_2)","decl":{"start":{"line":38,"column":11},"end":{"line":38,"column":16}},"loc":{"start":{"line":38,"column":32},"end":{"line":52,"column":3}}},"3":{"name":"(anonymous_3)","decl":{"start":{"line":54,"column":16},"end":{"line":54,"column":21}},"loc":{"start":{"line":54,"column":42},"end":{"line":62,"column":3}}},"4":{"name":"(anonymous_4)","decl":{"start":{"line":64,"column":16},"end":{"line":64,"column":21}},"loc":{"start":{"line":64,"column":42},"end":{"line":80,"column":3}}},"5":{"name":"(anonymous_5)","decl":{"start":{"line":82,"column":10},"end":{"line":82,"column":15}},"loc":{"start":{"line":82,"column":42},"end":{"line":133,"column":3}}},"6":{"name":"(anonymous_6)","decl":{"start":{"line":135,"column":10},"end":{"line":135,"column":15}},"loc":{"start":{"line":135,"column":31},"end":{"line":141,"column":3}}}},"branchMap":{"0":{"loc":{"start":{"line":9,"column":25},"end":{"line":9,"column":46}},"type":"binary-expr","locations":[{"start":{"line":9,"column":25},"end":{"line":9,"column":38}},{"start":{"line":9,"column":42},"end":{"line":9,"column":46}}]},"1":{"loc":{"start":{"line":13,"column":32},"end":{"line":13,"column":65}},"type":"binary-expr","locations":[{"start":{"line":13,"column":32},"end":{"line":13,"column":52}},{"start":{"line":13,"column":56},"end":{"line":13,"column":65}}]},"2":{"loc":{"start":{"line":14,"column":30},"end":{"line":14,"column":56}},"type":"binary-expr","locations":
[...]
9":{"start":{"line":27,"column":6},"end":{"line":29,"column":7}},"10":{"start":{"line":28,"column":8},"end":{"line":28,"column":42}},"11":{"start":{"line":30,"column":6},"end":{"line":30,"column":46}},"12":{"start":{"line":33,"column":26},"end":{"line":33,"column":28}},"13":{"start":{"line":36,"column":4},"end":{"line":63,"column":5}},"14":{"start":{"line":37,"column":20},"end":{"line":37,"column":43}},"15":{"start":{"line":38,"column":26},"end":{"line":38,"column":105}},"16":{"start":{"line":38,"column":67},"end":{"line":38,"column":101}},"17":{"start":{"line":40,"column":24},"end":{"line":48,"column":8}},"18":{"start":{"line":50,"column":22},"end":{"line":50,"column":66}},"19":{"start":{"line":53,"column":25},"end":{"line":58,"column":9}},"20":{"start":{"line":53,"column":51},"end":{"line":58,"column":8}},"21":{"start":{"line":60,"column":6},"end":{"line":60,"column":66}},"22":{"start":{"line":62,"column":6},"end":{"line":62,"column":91}},"23":{"start":{"line":66,"column":4},"end":{"line":69,"column":60}},"24":{"start":{"line":71,"column":4},"end":{"line":71,"column":25}},"25":{"start":{"line":74,"column":28},"end":{"line":74,"column":64}},"26":{"start":{"line":77,"column":18},"end":{"line":77,"column":56}},"27":{"start":{"line":78,"column":4},"end":{"line":78,"column":73}},"28":{"start":{"line":78,"column":38},"end":{"line":78,"column":73}},"29":{"start":{"line":79,"column":4},"end":{"line":79,"column":17}},"30":{"start":{"line":82,"column":47},"end":{"line":82,"column":94}},"31":{"start":{"line":84,"column":49},"end":{"line":84,"column":98}},"32":{"start":{"line":87,"column":21},"end":{"line":87,"column":59}},"33":{"start":{"line":88,"column":4},"end":{"line":88,"column":79}},"34":{"start":{"line":88,"column":44},"end":{"line":88,"column":79}},"35":{"start":{"line":90,"column":4},"end":{"line":90,"column":56}},"36":{"start":{"line":91,"column":4},"end":{"line":91,"column":60}},"37":{"start":{"line":94,"column":37},"end":{"line":94,"column":82}}},"fnMap":{"0":{"name":"(anonymous_0)","decl":{"start":{"line":6,"column":23},"end":{"line":6,"column":28}},"loc":{"start":{"line":6,"column":68},"end":{"line":72,"column":3}}},"1":{"name":"(anonymous_1)","decl":{"start":{"line":26,"column":33},"end":{"line":26,"column":34}},"loc":{"start":{"line":26,"column":47},"end":{"line":31,"column":5}}},"2":{"name":"(anonymous_2)","decl":{"start":{"line":38,"column":39},"end":{"line":38,"column":40}},"loc":{"start":{"line":38,"column":67},"end":{"line":38,"column":101}}},"3":{"name":"(anonymous_3)","decl":{"start":{"line":53,"column":35},"end":{"line":53,"column":36}},"loc":{"start":{"line":53,"column":51},"end":{"line":58,"column":8}}},"4":{"name":"(anonymous_4)","decl":{"start":{"line":74,"column":16},"end":{"line":74,"column":21}},"loc":{"start":{"line":74,"column":28},"end":{"line":74,"column":64}}},"5":{"name":"(anonymous_5)","decl":{"start":{"line":76,"column":16},"end":{"line":76,"column":21}},"loc":{"start":{"line":76,"column":37},"end":{"line":80,"column":3}}},"6":{"name":"(anonymous_6)","decl":{"start":{"line":82,"column":20},"end":{"line":82,"column":25}},"loc":{"start":{"line":82,"column":47},"end":{"line":82,"column":94}}},"7":{"name":"(anonymous_7)","decl":{"start":{"line":84,"column":21},"end":{"line":84,"column":26}},"loc":{"start":{"line":84,"column":49},"end":{"line":84,"column":98}}},"8":{"name":"(anonymous_8)","decl":{"start":{"line":86,"column":21},"end":{"line":86,"column":26}},"loc":{"start":{"line":86,"column":58},"end":{"line":92,"column":3}}},"9":{"name":"(anonymous_9)","decl":{"start":{"line":94,"column":25},"end":{"line":94,"column":30}},"loc":{"start":{"line":94,"column":37},"end":{"line":94,"column":82}}}},"branchMap":{"0":{"loc":{"start":{"line":20,"column":4},"end":{"line":22,"column":5}},"type":"if","locations":[{"start":{"line":20,"column":4},"end":{"line":22,"column":5}},{"start":{},"end":{}}]},"1":{"loc":{"start":{"line":27,"column":6},"end":{"line":29,"column":7}},"type":"if","locations":[{"start":{"line":27,"column":6},"end":{"line":29,"column":7}},{"start":{},"end":{}}]},"2":{"loc":{"start":{"line":78,"column":4},"end":{"line":78,"column":73}},"type":"if","locations":[{"start":{"line":78,"column":4},"end":{"line":78,"column":73}},{"start":{},"end":{}}]},"3":{"loc":{"start":{"line":78,"column":8},"end":{"line":78,"column":36}},"type":"binary-expr","locations":[{"start":{"line":78,"column":8},"end":{"line":78,"column":14}},{"start":{"line":78,"column":18},"end":{"line":78,"column":36}}]},"4":{"loc":{"start":{"line":88,"column":4},"end":{"line":88,"column":79}},"type":"if","locations":[{"start":{"line":88,"column":4},"end":{"line":88,"column":79}},{"start":{},"end":{}}]},"5":{"loc":{"start":{"line":88,"column":8},"end":{"line":88,"column":42}},"type":"binary-expr","locations":[{"start":{"line":88,"column":8},"end":{"line":88,"column":17}},{"start":{"line":88,"column":21},"end":{"line":88,"column":42}}]}},"s":{"0":8,"1":8,"2":8,"3":2,"4":2,"5":2,"6":1,"7":1,"8":1,"9":1,"10":1,"11":1,"12":1,"13":1,"14":1,"15":1,"16":1,"17":1,"18":1,"19":1,"20":1,"21":1,"22":1,"23":1,"24":1,"25":1,"26":6,"27":6,"28":5,"29":1,"30":1,"31":1,"32":2,"33":2,"34":1,"35":1,"36":1,"37":1},"f":{"0":2,"1":1,"2":1,"3":1,"4":1,"5":6,"6":1,"7":1,"8":2,"9":1},"b":{"0":[1,1],"1":[1,0],"2":[5,1],"3":[6,6],"4":[1,1],"5":[2,2]}}
,"C:\\Users\\pc\\Desktop\\Famers-digital-Market\\src\\services\\paymentServices.ts": {"path":"C:\\Users\\pc\\Desktop\\Famers-digital-Market\\src\\services\\paymentServices.ts","statementMap":{"0":{"start":{"line":2,"column":0},"end":{"line":2,"column":68}},"1":{"start":{"line":3,"column":0},"end":{"line":3,"column":47}},"2":{"start":{"line":5,"column":13},"end":{"line":58,"column":2}},"3":{"start":{"line":8,"column":18},"end":{"line":8,"column":71}},"4":{"start":{"line":9,"column":4},"end":{"line":9,"column":51}},"5":{"start":{"line":9,"column":16},"end":{"line":9,"column":51}},"6":{"start":{"line":11,"column":22},"end":{"line":11,"column":72}},"7":{"start":{"line":12,"column":4},"end":{"line":12,"column":66}},"8":{"start":{"line":15,"column":30},"end":{"line":15,"column":70}},"9":{"start":{"line":18,"column":20},"end":{"line":18,"column":62}},"10":{"start":{"line":19,"column":4},"end":{"line":19,"column":55}},"11":{"start":{"line":19,"column":18},"end":{"line":19,"column":55}},"12":{"start":{"line":20,"column":4},"end":{"line":20,"column":19}},"13":{"start":{"line":23,"column":49},"end":{"line":23,"column":100}},"14":{"start":{"line":26,"column":20},"end":{"line":26,"column":62}},"15":{"start":{"line":27,"column":4},"end":{"line":27,"column":55}},"16":{"start":{"line":27,"column":18},"end":{"line":27,"column":55}},"17":{"start":{"line":29,"column":4},"end":{"line":31,"column":5}},"18":{"start":{"line":30,"column":6},"end":{"line":30,"column":58}},"19":{"start":{"line":33,"column":4},"end":{"line":33,"column":81}},"20":{"start":{"line":36,"column":4},"end":{"line":36,"column":72}},"21":{"start":{"line":38,"column":4},"end":{"line":38,"column":63}},"22":{"start":{"line":42,"column":20},"end":{"line":42,"column":62}},"23":{"start":{"line":43,"column":4},"end":{"line":43,"column":55}},"24":{"start":{"line":43,"column":18},"end":{"line":43,"column":55}},"25":{"start":{"line":45,"column":4},"end":{"line":47,"column":5}},"26":{"start":{"line":46,"column":6},"end":{"line":46,"column":58}},"27":{"start":{"line":49,"column":4},"end":{"line":49,"column":78}},"28":{"start":{"line":52,"column":4},"end":{"line":52,"column":72}},"29":{"start":{"line":54,"column":4},"end":{"line":54,"column":63}},"30":{"start":{"line":57,"column":34},"end":{"line":57,"column":78}}},"fnMap":{"0":{"name":"(anonymous_0)","decl":{"start":{"line":6,"column":17},"end":{"line":6,"column":22}},"loc":{"start":{"line":6,"column":44},"end":{"line":13,"column":3}}},"1":{"name":"(anonymous_1)","decl":{"start":{"line":15,"column":18},"end":{"line":15,"column":23}},"loc":{"start":{"line":15,"column":30},"end":{"line":15,"column":70}}},"2":{"name":"(anonymous_2)","decl":{"start":{"line":17,"column":18},"end":{"line":17,"column":23}},"loc":{"start":{"line":17,"column":39},"end":{"line":21,"column":3}}},"3":{"name":"(anonymous_3)","decl":{"start":{"line":23,"column":22},"end":{"line":23,"column":27}},"loc":{"start":{"line":23,"column":49},"end":{"line":23,"column":100}}},"4":{"name":"(anonymous_4)","decl":{"start":{"line":25,"column":18},"end":{"line":25,"column":23}},"loc":{"start":{"line":25,"column":72},"end":{"line":39,"column":3}}},"5":{"name":"(anonymous_5)","decl":{"start":{"line":41,"column":17},"end":{"line":41,"column":22}},"loc":{"start":{"line":41,"column":71},"end":{"line":55,"column":3}}},"6":{"name":"(anonymous_6)","decl":{"start":{"line":57,"column":22},"end":{"line":57,"column":27}},"loc":{"start":{"line":57,"column":34},"end":{"line":57,"column":78}}}},"branchMap":{"0":{"loc":{"start":{"line":9,"column":4},"end":{"line":9,"column":51}},"type":"if","locations":[{"start":{"line":9,"column":4},"end":{"line":9,"column":51}},{"start":{},"end":{}}]},"1":{"loc":{"start":{"line":19,"column":4},"end":{"line":19,"column":55}},"type":"if","locations":[{"start":{"line":19,"column":4},"end":{"line":19,"column":55}},{"start":{},"end":{}}]},"2":{"loc":{"start":{"line":27,"column":4},"end":{"line":27,"column":55}},"type":"if","locations":[{"start":{"line":27,"column":4},"end":{"line":27,"column":55}},{"start":{},"end":{}}]},"3":{"loc":{"start":{"line":29,"column":4},"end":{"line":31,"column":5}},"type":"if","locations":[{"start":{"line":29,"column":4},"end":{"line":31,"column":5}},{"start":{},"end":{}}]},"4":{"loc":{"start":{"line":43,"column":4},"end":{"line":43,"column":55}},"type":"if","locations":[{"start":{"line":43,"column":4},"end":{"line":43,"column":55}},{"start":{},"end":{}}]},"5":{"loc":{"start":{"line":45,"column":4},"end":{"line":47,"column":5}},"type":"if","locations":[{"start":{"line":45,"column":4},"end":{"line":47,"column":5}},{"start":{},"end":{}}]}},"s":{"0":2,"1":2,"2":2,"3":2,"4":2,"5":1,"6":1,"7":1,"8":1,"9":2,"10":2,"11":1,"12":1,"13":1,"14":3,"15":3,"16":1,"17":2,"18":1,"19":1,"20":1,"21":1,"22":1,"23":1,"24":0,"25":1,"26":0,"27":1,"28":1,"29":1,"30":1},"f":{"0":2,"1":1,"2":2,"3":1,"4":3,"5":1,"6":1},"b":{"0":[1,1],"1":[1,1],"2":[1,2],"3":[1,1],"4":[0,1],"5":[0,1]}}
,"C:\\Users\\pc\\Desktop\\Famers-digital-Market\\src\\services\\productServices.ts": {"path":"C:\\Users\\pc\\Desktop\\Famers-digital-Market\\src\\services\\productServices.ts","statementMap":{"0":{"start":{"line":2,"column":0},"end":{"line":2,"column":68}},"1":{"start":{"line":4,"column":13},"end":{"line":46,"column":2}},"2":{"start":{"line":6,"column":4},"end":{"line":6,"column":74}},"3":{"start":{"line":7,"column":4},"end":{"line":14,"column":5}},"4":{"start":{"line":8,"column":24},"end":{"line":8,"column":74}},"5":{"start":{"line":9,"column":6},"end":{"line":9,"column":73}},"6":{"start":{"line":10,"column":6},"end":{"line":10,"column":68}},"7":{"start":{"line":12,"column":6},"end":{"line":12,"column":66}},"8":{"start":{"line":13,"column":6},"end":{"line":13,"column":18}},"9":{"start":{"line":17,"column":30},"end":{"line":17,"column":70}},"10":{"start":{"line":20,"column":20},"end":{"line":20,"column":62}},"11":{"start":{"line":21,"column":4},"end":{"line":21,"column":55}},"12":{"start":{"line":21,"column":18},"end":{"line":21,"column":55}},"13":{"start":{"line":22,"column":4},"end":{"line":22,"column":19}},"14":{"start":{"line":25,"column":51},"end":{"line":25,"column":104}},"15":{"start":{"line":28,"column":21},"end":{"line":28,"column":63}},"16":{"start":{"line":29,"column":4},"end":{"line":29,"column":56}},"17":{"start":{"line":29,"column":19},"end":{"line":29,"column":56}},"18":{"start":{"line":31,"column":4},"end":{"line":31,"column":59}},"19":{"start":{"line":32,"column":4},"end":{"line":32,"column":55}},"20":{"start":{"line":36,"column":21},"end":{"line":36,"column":63}},"21":{"start":{"line":37,"column":4},"end":{"line":37,"column":56}},"22":{"start":{"line":37,"column":19},"end":{"line":37,"column":56}},"23":{"start":{"line":39,"column":4},"end":{"line":39,"column":46}},"24":{"start":{"line":40,"column":4},"end":{"line":40,"column":55}},"25":{"start":{"line":44,"column":4},"end":{"line":44,"column":72}}},"fnMap":{"0":{"name":"(anonymous_0)","decl":{"start":{"line":5,"column":17},"end":{"line":5,"column":22}},"loc":{"start":{"line":5,"column":44},"end":{"line":15,"column":3}}},"1":{"name":"(anonymous_1)","decl":{"start":{"line":17,"column":18},"end":{"line":17,"column":23}},"loc":{"start":{"line":17,"column":30},"end":{"line":17,"column":70}}},"2":{"name":"(anonymous_2)","decl":{"start":{"line":19,"column":18},"end":{"line":19,"column":23}},"loc":{"start":{"line":19,"column":39},"end":{"line":23,"column":3}}},"3":{"name":"(anonymous_3)","decl":{"start":{"line":25,"column":23},"end":{"line":25,"column":28}},"loc":{"start":{"line":25,"column":51},"end":{"line":25,"column":104}}},"4":{"name":"(anonymous_4)","decl":{"start":{"line":27,"column":17},"end":{"line":27,"column":22}},"loc":{"start":{"line":27,"column":56},"end":{"line":33,"column":3}}},"5":{"name":"(anonymous_5)","decl":{"start":{"line":35,"column":17},"end":{"line":35,"column":22}},"loc":{"start":{"line":35,"column":38},"end":{"line":41,"column":3}}},"6":{"name":"(anonymous_6)","decl":{"start":{"line":43,"column":18},"end":{"line":43,"column":23}},"loc":{"start":{"line":43,"column":66},"end":{"line":45,"column":3}}}},"branchMap":{"0":{"loc":{"start":{"line":21,"column":4},"end":{"line":21,"column":55}},"type":"if","locations":[{"start":{"line":21,"column":4},"end":{"line":21,"column":55}},{"start":{},"end":{}}]},"1":{"loc":{"start":{"line":29,"column":4},"end":{"line":29,"column":56}},"type":"if","locations":[{"start":{"line":29,"column":4},"end":{"line":29,"column":56}},{"start":{},"end":{}}]},"2":{"loc":{"start":{"line":37,"column":4},"end":{"line":37,"column":56}},"type":"if","locations":[{"start":{"line":37,"column":4},"end":{"line":37,"column":56}},{"start":{},"end":{}}]}},"s":{"0":4,"1":4,"2":6,"3":6,"4":6,"5":1,"6":1,"7":5,"8":5,"9":1,"10":2,"11":2,"12":1,"13":1,"14":3,"15":2,"16":2,"17":1,"18":1,"19":1,"20":2,"21":2,"22":1,"23":1,"24":1,"25":1},"f":{"0":6,"1":1,"2":2,"3":3,"4":2,"5":2,"6":1},"b":{"0":[1,1],"1":[1,1],"2":[1,1]}}
,"C:\\Users\\pc\\Desktop\\Famers-digital-Market\\src\\services\\userServices.ts": {"path":"C:\\Users\\pc\\Desktop\\Famers-digital-Market\\src\\services\\userServices.ts","statementMap":{"0":{"start":{"line":1,"column":0},"end":{"line":1,"column":62}},"1":{"start":{"line":2,"column":0},"end":{"line":2,"column":28}},"2":{"start":{"line":3,"column":0},"end":{"line":3,"column":31}},"3":{"start":{"line":5,"column":13},"end":{"line":54,"column":2}},"4":{"start":{"line":6,"column":27},"end":{"line":6,"column":56}},"5":{"start":{"line":9,"column":17},"end":{"line":9,"column":49}},"6":{"start":{"line":10,"column":4},"end":{"line":10,"column":49}},"7":{"start":{"line":10,"column":15},"end":{"line":10,"column":49}},"8":{"start":{"line":11,"column":4},"end":{"line":11,"column":16}},"9":{"start":{"line":15,"column":21},"end":{"line":15,"column":64}},"10":{"start":{"line":16,"column":4},"end":{"line":16,"column":62}},"11":{"start":{"line":16,"column":18},"end":{"line":16,"column":62}},"12":{"start":{"line":18,"column":4},"end":{"line":18,"column":90}},"13":{"start":{"line":18,"column":48},"end":{"line":18,"column":90}},"14":{"start":{"line":20,"column":19},"end":{"line":20,"column":55}},"15":{"start":{"line":22,"column":17},"end":{"line":25,"column":6}},"16":{"start":{"line":30,"column":4},"end":{"line":37,"column":6}},"17":{"start":{"line":41,"column":17},"end":{"line":41,"column":55}},"18":{"start":{"line":42,"column":4},"end":{"line":42,"column":54}},"19":{"start":{"line":42,"column":15},"end":{"line":42,"column":54}},"20":{"start":{"line":44,"column":18},"end":{"line":44,"column":68}},"21":{"start":{"line":45,"column":4},"end":{"line":45,"column":55}},"22":{"start":{"line":45,"column":16},"end":{"line":45,"column":55}},"23":{"start":{"line":47,"column":18},"end":{"line":47,"column":116}},"24":{"start":{"line":49,"column":4},"end":{"line":49,"column":27}},"25":{"start":{"line":52,"column":47},"end":{"line":52,"column":84}},"26":{"start":{"line":53,"column":36},"end":{"line":53,"column":67}}},"fnMap":{"0":{"name":"(anonymous_1)","decl":{"start":{"line":6,"column":15},"end":{"line":6,"column":20}},"loc":{"start":{"line":6,"column":27},"end":{"line":6,"column":56}}},"1":{"name":"(anonymous_2)","decl":{"start":{"line":8,"column":15},"end":{"line":8,"column":20}},"loc":{"start":{"line":8,"column":36},"end":{"line":12,"column":3}}},"2":{"name":"(anonymous_3)","decl":{"start":{"line":14,"column":16},"end":{"line":14,"column":21}},"loc":{"start":{"line":14,"column":36},"end":{"line":38,"column":3}}},"3":{"name":"(anonymous_4)","decl":{"start":{"line":40,"column":13},"end":{"line":40,"column":18}},"loc":{"start":{"line":40,"column":55},"end":{"line":50,"column":3}}},"4":{"name":"(anonymous_5)","decl":{"start":{"line":52,"column":14},"end":{"line":52,"column":19}},"loc":{"start":{"line":52,"column":47},"end":{"line":52,"column":84}}},"5":{"name":"(anonymous_6)","decl":{"start":{"line":53,"column":14},"end":{"line":53,"column":19}},"loc":{"start":{"line":53,"column":36},"end":{"line":53,"column":67}}}},"branchMap":{"0":{"loc":{"start":{"line":10,"column":4},"end":{"line":10,"column":49}},"type":"if","locations":[{"start":{"line":10,"column":4},"end":{"line":10,"column":49}},{"start":{},"end":{}}]},"1":{"loc":{"start":{"line":16,"column":4},"end":{"line":16,"column":62}},"type":"if","locations":[{"start":{"line":16,"column":4},"end":{"line":16,"column":62}},{"start":{},"end":{}}]},"2":{"loc":{"start":{"line":18,"column":4},"end":{"line":18,"column":90}},"type":"if","locations":[{"start":{"line":18,"column":4},"end":{"line":18,"column":90}},{"start":{},"end":{}}]},"3":{"loc":{"start":{"line":42,"column":4},"end":{"line":42,"column":54}},"type":"if","locations":[{"start":{"line":42,"column":4},"end":{"line":42,"column":54}},{"start":{},"end":{}}]},"4":{"loc":{"start":{"line":45,"column":4},"end":{"line":45,"column":55}},"type":"if","locations":[{"start":{"line":45,"column":4},"end":{"line":45,"column":55}},{"start":{},"end":{}}]}},"s":{"0":2,"1":2,"2":2,"3":2,"4":1,"5":2,"6":2,"7":1,"8":1,"9":3,"10":3,"11":2,"12":1,"13":0,"14":1,"15":1,"16":1,"17":1,"18":1,"19":1,"20":0,"21":0,"22":0,"23":0,"24":0,"25":1,"26":1},"f":{"0":1,"1":2,"2":3,"3":1,"4":1,"5":1},"b":{"0":[1,1],"1":[2,1],"2":[0,1],"3":[1,0],"4":[0,0]}}
,"C:\\Users\\pc\\Desktop\\Famers-digital-Market\\src\\utils\\email.ts": {"path":"C:\\Users\\pc\\Desktop\\Famers-digital-Market\\src\\utils\\email.ts","statementMap":{"0":{"start":{"line":1,"column":0},"end":{"line":1,"column":36}},"1":{"start":{"line":7,"column":2},"end":{"line":7,"column":52}},"2":{"start":{"line":9,"column":2},"end":{"line":17,"column":5}},"3":{"start":{"line":18,"column":2},"end":{"line":18,"column":54}},"4":{"start":{"line":21,"column":0},"end":{"line":21,"column":20}},"5":{"start":{"line":23,"column":25},"end":{"line":37,"column":1}},"6":{"start":{"line":24,"column":2},"end":{"line":36,"column":3}},"7":{"start":{"line":25,"column":4},"end":{"line":25,"column":72}},"8":{"start":{"line":26,"column":4},"end":{"line":31,"column":7}},"9":{"start":{"line":32,"column":4},"end":{"line":32,"column":39}},"10":{"start":{"line":34,"column":4},"end":{"line":34,"column":50}},"11":{"start":{"line":35,"column":4},"end":{"line":35,"column":44}},"12":{"start":{"line":23,"column":13},"end":{"line":23,"column":25}}},"fnMap":{"0":{"name":"createTransporter","decl":{"start":{"line":6,"column":15},"end":{"line":6,"column":32}},"loc":{"start":{"line":6,"column":32},"end":{"line":19,"column":1}}},"1":{"name":"(anonymous_2)","decl":{"start":{"line":23,"column":25},"end":{"line":23,"column":30}},"loc":{"start":{"line":23,"column":77},"end":{"line":37,"column":1}}}},"branchMap":{},"s":{"0":3,"1":3,"2":3,"3":3,"4":3,"5":3,"6":0,"7":0,"8":0,"9":0,"10":0,"11":0,"12":3},"f":{"0":3,"1":0},"b":{}}
}
