{"C:\\Users\\pc\\Desktop\\Famers-digital-Market\\src\\index.ts": {"path":"C:\\Users\\pc\\Desktop\\Famers-digital-Market\\src\\index.ts","statementMap":{"0":{"start":{"line":1,"column":0},"end":{"line":1,"column":66}},"1":{"start":{"line":2,"column":0},"end":{"line":2,"column":28}},"2":{"start":{"line":3,"column":0},"end":{"line":3,"column":51}},"3":{"start":{"line":4,"column":0},"end":{"line":4,"column":36}},"4":{"start":{"line":5,"column":0},"end":{"line":5,"column":24}},"5":{"start":{"line":6,"column":0},"end":{"line":6,"column":45}},"6":{"start":{"line":7,"column":0},"end":{"line":7,"column":50}},"7":{"start":{"line":8,"column":0},"end":{"line":8,"column":48}},"8":{"start":{"line":9,"column":0},"end":{"line":9,"column":48}},"9":{"start":{"line":12,"column":0},"end":{"line":12,"column":16}},"10":{"start":{"line":14,"column":25},"end":{"line":14,"column":34}},"11":{"start":{"line":15,"column":13},"end":{"line":15,"column":37}},"12":{"start":{"line":16,"column":0},"end":{"line":24,"column":null}},"13":{"start":{"line":29,"column":0},"end":{"line":29,"column":24}},"14":{"start":{"line":32,"column":0},"end":{"line":32,"column":40}},"15":{"start":{"line":33,"column":0},"end":{"line":33,"column":null}},"16":{"start":{"line":34,"column":0},"end":{"line":34,"column":null}},"17":{"start":{"line":35,"column":0},"end":{"line":35,"column":null}},"18":{"start":{"line":36,"column":0},"end":{"line":36,"column":null}},"19":{"start":{"line":40,"column":0},"end":{"line":42,"column":3}},"20":{"start":{"line":41,"column":2},"end":{"line":41,"column":58}},"21":{"start":{"line":45,"column":0},"end":{"line":52,"column":3}},"22":{"start":{"line":46,"column":2},"end":{"line":51,"column":3}},"23":{"start":{"line":47,"column":4},"end":{"line":47,"column":22}},"24":{"start":{"line":48,"column":4},"end":{"line":48,"column":62}},"25":{"start":{"line":50,"column":4},"end":{"line":50,"column":52}}},"fnMap":{"0":{"name":"(anonymous_1)","decl":{"start":{"line":40,"column":13},"end":{"line":40,"column":14}},"loc":{"start":{"line":40,"column":45},"end":{"line":42,"column":1}}},"1":{"name":"(anonymous_2)","decl":{"start":{"line":45,"column":17},"end":{"line":45,"column":22}},"loc":{"start":{"line":45,"column":28},"end":{"line":52,"column":1}}}},"branchMap":{"0":{"loc":{"start":{"line":15,"column":13},"end":{"line":15,"column":37}},"type":"binary-expr","locations":[{"start":{"line":15,"column":13},"end":{"line":15,"column":29}},{"start":{"line":15,"column":33},"end":{"line":15,"column":37}}]}},"s":{"0":0,"1":0,"2":0,"3":0,"4":0,"5":0,"6":0,"7":0,"8":0,"9":0,"10":0,"11":0,"12":0,"13":0,"14":0,"15":0,"16":0,"17":0,"18":0,"19":0,"20":0,"21":0,"22":0,"23":0,"24":0,"25":0},"f":{"0":0,"1":0},"b":{"0":[0,0]}}
,"C:\\Users\\pc\\Desktop\\Famers-digital-Market\\src\\controllers\\farmerController.ts": {"path":"C:\\Users\\pc\\Desktop\\Famers-digital-Market\\src\\controllers\\farmerController.ts","statementMap":{"0":{"start":{"line":2,"column":0},"end":{"line":2,"column":66}},"1":{"start":{"line":4,"column":19},"end":{"line":4,"column":41}},"2":{"start":{"line":6,"column":29},"end":{"line":14,"column":1}},"3":{"start":{"line":7,"column":2},"end":{"line":13,"column":3}},"4":{"start":{"line":8,"column":20},"end":{"line":8,"column":52}},"5":{"start":{"line":9,"column":4},"end":{"line":9,"column":22}},"6":{"start":{"line":11,"column":4},"end":{"line":11,"column":23}},"7":{"start":{"line":12,"column":4},"end":{"line":12,"column":64}},"8":{"start":{"line":6,"column":13},"end":{"line":6,"column":29}},"9":{"start":{"line":16,"column":25},"end":{"line":24,"column":1}},"10":{"start":{"line":17,"column":2},"end":{"line":23,"column":3}},"11":{"start":{"line":18,"column":4},"end":{"line":18,"column":41}},"12":{"start":{"line":19,"column":4},"end":{"line":19,"column":54}},"13":{"start":{"line":21,"column":4},"end":{"line":21,"column":23}},"14":{"start":{"line":22,"column":4},"end":{"line":22,"column":48}},"15":{"start":{"line":16,"column":13},"end":{"line":16,"column":25}},"16":{"start":{"line":26,"column":29},"end":{"line":35,"column":1}},"17":{"start":{"line":27,"column":2},"end":{"line":34,"column":3}},"18":{"start":{"line":28,"column":19},"end":{"line":28,"column":74}},"19":{"start":{"line":29,"column":4},"end":{"line":29,"column":65}},"20":{"start":{"line":29,"column":17},"end":{"line":29,"column":65}},"21":{"start":{"line":30,"column":4},"end":{"line":30,"column":21}},"22":{"start":{"line":32,"column":4},"end":{"line":32,"column":23}},"23":{"start":{"line":33,"column":4},"end":{"line":33,"column":50}},"24":{"start":{"line":26,"column":13},"end":{"line":26,"column":29}},"25":{"start":{"line":37,"column":28},"end":{"line":45,"column":1}},"26":{"start":{"line":38,"column":2},"end":{"line":44,"column":3}},"27":{"start":{"line":39,"column":4},"end":{"line":39,"column":69}},"28":{"start":{"line":40,"column":4},"end":{"line":40,"column":44}},"29":{"start":{"line":42,"column":4},"end":{"line":42,"column":23}},"30":{"start":{"line":43,"column":4},"end":{"line":43,"column":50}},"31":{"start":{"line":37,"column":13},"end":{"line":37,"column":28}},"32":{"start":{"line":47,"column":28},"end":{"line":55,"column":1}},"33":{"start":{"line":48,"column":2},"end":{"line":54,"column":3}},"34":{"start":{"line":49,"column":4},"end":{"line":49,"column":59}},"35":{"start":{"line":50,"column":4},"end":{"line":50,"column":44}},"36":{"start":{"line":52,"column":4},"end":{"line":52,"column":23}},"37":{"start":{"line":53,"column":4},"end":{"line":53,"column":50}},"38":{"start":{"line":47,"column":13},"end":{"line":47,"column":28}}},"fnMap":{"0":{"name":"(anonymous_0)","decl":{"start":{"line":6,"column":29},"end":{"line":6,"column":34}},"loc":{"start":{"line":6,"column":67},"end":{"line":14,"column":1}}},"1":{"name":"(anonymous_1)","decl":{"start":{"line":16,"column":25},"end":{"line":16,"column":30}},"loc":{"start":{"line":16,"column":63},"end":{"line":24,"column":1}}},"2":{"name":"(anonymous_2)","decl":{"start":{"line":26,"column":29},"end":{"line":26,"column":34}},"loc":{"start":{"line":26,"column":67},"end":{"line":35,"column":1}}},"3":{"name":"(anonymous_3)","decl":{"start":{"line":37,"column":28},"end":{"line":37,"column":33}},"loc":{"start":{"line":37,"column":66},"end":{"line":45,"column":1}}},"4":{"name":"(anonymous_4)","decl":{"start":{"line":47,"column":28},"end":{"line":47,"column":33}},"loc":{"start":{"line":47,"column":66},"end":{"line":55,"column":1}}}},"branchMap":{"0":{"loc":{"start":{"line":29,"column":4},"end":{"line":29,"column":65}},"type":"if","locations":[{"start":{"line":29,"column":4},"end":{"line":29,"column":65}},{"start":{},"end":{}}]}},"s":{"0":1,"1":1,"2":1,"3":1,"4":1,"5":1,"6":0,"7":0,"8":1,"9":1,"10":1,"11":1,"12":1,"13":0,"14":0,"15":1,"16":1,"17":2,"18":2,"19":2,"20":2,"21":0,"22":0,"23":0,"24":1,"25":1,"26":1,"27":1,"28":1,"29":0,"30":0,"31":1,"32":1,"33":1,"34":1,"35":1,"36":0,"37":0,"38":1},"f":{"0":1,"1":1,"2":2,"3":1,"4":1},"b":{"0":[2,0]}}
,"C:\\Users\\pc\\Desktop\\Famers-digital-Market\\src\\controllers\\logisticsController.ts": {"path":"C:\\Users\\pc\\Desktop\\Famers-digital-Market\\src\\controllers\\logisticsController.ts","statementMap":{"0":{"start":{"line":2,"column":0},"end":{"line":2,"column":65}},"1":{"start":{"line":4,"column":13},"end":{"line":55,"column":2}},"2":{"start":{"line":6,"column":4},"end":{"line":11,"column":5}},"3":{"start":{"line":7,"column":24},"end":{"line":7,"column":64}},"4":{"start":{"line":8,"column":6},"end":{"line":8,"column":38}},"5":{"start":{"line":10,"column":6},"end":{"line":10,"column":53}},"6":{"start":{"line":15,"column":4},"end":{"line":22,"column":5}},"7":{"start":{"line":16,"column":17},"end":{"line":16,"column":40}},"8":{"start":{"line":17,"column":21},"end":{"line":17,"column":64}},"9":{"start":{"line":18,"column":6},"end":{"line":18,"column":83}},"10":{"start":{"line":18,"column":19},"end":{"line":18,"column":83}},"11":{"start":{"line":19,"column":6},"end":{"line":19,"column":35}},"12":{"start":{"line":21,"column":6},"end":{"line":21,"column":53}},"13":{"start":{"line":26,"column":4},"end":{"line":32,"column":5}},"14":{"start":{"line":27,"column":21},"end":{"line":27,"column":29}},"15":{"start":{"line":28,"column":21},"end":{"line":28,"column":67}},"16":{"start":{"line":29,"column":6},"end":{"line":29,"column":35}},"17":{"start":{"line":31,"column":6},"end":{"line":31,"column":53}},"18":{"start":{"line":36,"column":4},"end":{"line":43,"column":5}},"19":{"start":{"line":37,"column":17},"end":{"line":37,"column":40}},"20":{"start":{"line":38,"column":21},"end":{"line":38,"column":29}},"21":{"start":{"line":39,"column":21},"end":{"line":39,"column":71}},"22":{"start":{"line":40,"column":6},"end":{"line":40,"column":35}},"23":{"start":{"line":42,"column":6},"end":{"line":42,"column":53}},"24":{"start":{"line":47,"column":4},"end":{"line":53,"column":5}},"25":{"start":{"line":48,"column":17},"end":{"line":48,"column":40}},"26":{"start":{"line":49,"column":21},"end":{"line":49,"column":63}},"27":{"start":{"line":50,"column":6},"end":{"line":50,"column":35}},"28":{"start":{"line":52,"column":6},"end":{"line":52,"column":53}}},"fnMap":{"0":{"name":"(anonymous_0)","decl":{"start":{"line":5,"column":2},"end":{"line":5,"column":7}},"loc":{"start":{"line":5,"column":42},"end":{"line":12,"column":3}}},"1":{"name":"(anonymous_1)","decl":{"start":{"line":14,"column":2},"end":{"line":14,"column":7}},"loc":{"start":{"line":14,"column":43},"end":{"line":23,"column":3}}},"2":{"name":"(anonymous_2)","decl":{"start":{"line":25,"column":2},"end":{"line":25,"column":7}},"loc":{"start":{"line":25,"column":42},"end":{"line":33,"column":3}}},"3":{"name":"(anonymous_3)","decl":{"start":{"line":35,"column":2},"end":{"line":35,"column":7}},"loc":{"start":{"line":35,"column":42},"end":{"line":44,"column":3}}},"4":{"name":"(anonymous_4)","decl":{"start":{"line":46,"column":2},"end":{"line":46,"column":7}},"loc":{"start":{"line":46,"column":42},"end":{"line":54,"column":3}}}},"branchMap":{"0":{"loc":{"start":{"line":18,"column":6},"end":{"line":18,"column":83}},"type":"if","locations":[{"start":{"line":18,"column":6},"end":{"line":18,"column":83}},{"start":{},"end":{}}]}},"s":{"0":1,"1":1,"2":2,"3":2,"4":1,"5":1,"6":2,"7":2,"8":2,"9":2,"10":1,"11":1,"12":0,"13":2,"14":2,"15":2,"16":1,"17":1,"18":2,"19":2,"20":2,"21":2,"22":1,"23":1,"24":2,"25":2,"26":2,"27":1,"28":1},"f":{"0":2,"1":2,"2":2,"3":2,"4":2},"b":{"0":[1,1]}}
,"C:\\Users\\pc\\Desktop\\Famers-digital-Market\\src\\controllers\\marketController.ts": {"path":"C:\\Users\\pc\\Desktop\\Famers-digital-Market\\src\\controllers\\marketController.ts","statementMap":{"0":{"start":{"line":2,"column":0},"end":{"line":2,"column":60}},"1":{"start":{"line":4,"column":26},"end":{"line":11,"column":1}},"2":{"start":{"line":5,"column":2},"end":{"line":10,"column":3}},"3":{"start":{"line":6,"column":20},"end":{"line":6,"column":54}},"4":{"start":{"line":7,"column":4},"end":{"line":7,"column":35}},"5":{"start":{"line":9,"column":4},"end":{"line":9,"column":52}},"6":{"start":{"line":4,"column":13},"end":{"line":4,"column":26}}},"fnMap":{"0":{"name":"(anonymous_9)","decl":{"start":{"line":4,"column":26},"end":{"line":4,"column":31}},"loc":{"start":{"line":4,"column":79},"end":{"line":11,"column":1}}}},"branchMap":{},"s":{"0":1,"1":1,"2":2,"3":2,"4":1,"5":1,"6":1},"f":{"0":2},"b":{}}
,"C:\\Users\\pc\\Desktop\\Famers-digital-Market\\src\\controllers\\orderController.ts": {"path":"C:\\Users\\pc\\Desktop\\Famers-digital-Market\\src\\controllers\\orderController.ts","statementMap":{"0":{"start":{"line":2,"column":0},"end":{"line":2,"column":58}},"1":{"start":{"line":5,"column":27},"end":{"line":12,"column":1}},"2":{"start":{"line":6,"column":2},"end":{"line":11,"column":3}},"3":{"start":{"line":7,"column":19},"end":{"line":7,"column":59}},"4":{"start":{"line":8,"column":4},"end":{"line":8,"column":33}},"5":{"start":{"line":10,"column":4},"end":{"line":10,"column":51}},"6":{"start":{"line":5,"column":13},"end":{"line":5,"column":27}},"7":{"start":{"line":15,"column":25},"end":{"line":22,"column":1}},"8":{"start":{"line":16,"column":2},"end":{"line":21,"column":3}},"9":{"start":{"line":17,"column":19},"end":{"line":17,"column":49}},"10":{"start":{"line":18,"column":4},"end":{"line":18,"column":33}},"11":{"start":{"line":20,"column":4},"end":{"line":20,"column":51}},"12":{"start":{"line":15,"column":13},"end":{"line":15,"column":25}},"13":{"start":{"line":25,"column":28},"end":{"line":34,"column":1}},"14":{"start":{"line":26,"column":2},"end":{"line":33,"column":3}},"15":{"start":{"line":27,"column":15},"end":{"line":27,"column":38}},"16":{"start":{"line":28,"column":18},"end":{"line":28,"column":53}},"17":{"start":{"line":29,"column":4},"end":{"line":29,"column":76}},"18":{"start":{"line":29,"column":16},"end":{"line":29,"column":76}},"19":{"start":{"line":30,"column":4},"end":{"line":30,"column":32}},"20":{"start":{"line":32,"column":4},"end":{"line":32,"column":51}},"21":{"start":{"line":25,"column":13},"end":{"line":25,"column":28}},"22":{"start":{"line":37,"column":27},"end":{"line":45,"column":1}},"23":{"start":{"line":38,"column":2},"end":{"line":44,"column":3}},"24":{"start":{"line":39,"column":15},"end":{"line":39,"column":38}},"25":{"start":{"line":40,"column":19},"end":{"line":40,"column":63}},"26":{"start":{"line":41,"column":4},"end":{"line":41,"column":33}},"27":{"start":{"line":43,"column":4},"end":{"line":43,"column":51}},"28":{"start":{"line":37,"column":13},"end":{"line":37,"column":27}},"29":{"start":{"line":48,"column":27},"end":{"line":56,"column":1}},"30":{"start":{"line":49,"column":2},"end":{"line":55,"column":3}},"31":{"start":{"line":50,"column":15},"end":{"line":50,"column":38}},"32":{"start":{"line":51,"column":19},"end":{"line":51,"column":53}},"33":{"start":{"line":52,"column":4},"end":{"line":52,"column":33}},"34":{"start":{"line":54,"column":4},"end":{"line":54,"column":51}},"35":{"start":{"line":48,"column":13},"end":{"line":48,"column":27}}},"fnMap":{"0":{"name":"(anonymous_9)","decl":{"start":{"line":5,"column":27},"end":{"line":5,"column":32}},"loc":{"start":{"line":5,"column":65},"end":{"line":12,"column":1}}},"1":{"name":"(anonymous_10)","decl":{"start":{"line":15,"column":25},"end":{"line":15,"column":30}},"loc":{"start":{"line":15,"column":63},"end":{"line":22,"column":1}}},"2":{"name":"(anonymous_11)","decl":{"start":{"line":25,"column":28},"end":{"line":25,"column":33}},"loc":{"start":{"line":25,"column":66},"end":{"line":34,"column":1}}},"3":{"name":"(anonymous_12)","decl":{"start":{"line":37,"column":27},"end":{"line":37,"column":32}},"loc":{"start":{"line":37,"column":65},"end":{"line":45,"column":1}}},"4":{"name":"(anonymous_13)","decl":{"start":{"line":48,"column":27},"end":{"line":48,"column":32}},"loc":{"start":{"line":48,"column":65},"end":{"line":56,"column":1}}}},"branchMap":{"0":{"loc":{"start":{"line":29,"column":4},"end":{"line":29,"column":76}},"type":"if","locations":[{"start":{"line":29,"column":4},"end":{"line":29,"column":76}},{"start":{},"end":{}}]}},"s":{"0":0,"1":0,"2":0,"3":0,"4":0,"5":0,"6":0,"7":0,"8":0,"9":0,"10":0,"11":0,"12":0,"13":0,"14":0,"15":0,"16":0,"17":0,"18":0,"19":0,"20":0,"21":0,"22":0,"23":0,"24":0,"25":0,"26":0,"27":0,"28":0,"29":0,"30":0,"31":0,"32":0,"33":0,"34":0,"35":0},"f":{"0":0,"1":0,"2":0,"3":0,"4":0},"b":{"0":[0,0]}}
,"C:\\Users\\pc\\Desktop\\Famers-digital-Market\\src\\controllers\\paymentController.ts": {"path":"C:\\Users\\pc\\Desktop\\Famers-digital-Market\\src\\controllers\\paymentController.ts","statementMap":{"0":{"start":{"line":2,"column":0},"end":{"line":2,"column":61}},"1":{"start":{"line":4,"column":13},"end":{"line":29,"column":2}},"2":{"start":{"line":6,"column":21},"end":{"line":6,"column":50}},"3":{"start":{"line":7,"column":4},"end":{"line":7,"column":23}},"4":{"start":{"line":11,"column":20},"end":{"line":11,"column":71}},"5":{"start":{"line":12,"column":4},"end":{"line":12,"column":76}},"6":{"start":{"line":16,"column":4},"end":{"line":16,"column":42}},"7":{"start":{"line":17,"column":4},"end":{"line":17,"column":44}},"8":{"start":{"line":21,"column":4},"end":{"line":21,"column":65}},"9":{"start":{"line":22,"column":4},"end":{"line":22,"column":32}},"10":{"start":{"line":26,"column":4},"end":{"line":26,"column":55}},"11":{"start":{"line":27,"column":4},"end":{"line":27,"column":32}}},"fnMap":{"0":{"name":"(anonymous_0)","decl":{"start":{"line":5,"column":2},"end":{"line":5,"column":7}},"loc":{"start":{"line":5,"column":42},"end":{"line":8,"column":3}}},"1":{"name":"(anonymous_1)","decl":{"start":{"line":10,"column":2},"end":{"line":10,"column":7}},"loc":{"start":{"line":10,"column":43},"end":{"line":13,"column":3}}},"2":{"name":"(anonymous_2)","decl":{"start":{"line":15,"column":2},"end":{"line":15,"column":7}},"loc":{"start":{"line":15,"column":42},"end":{"line":18,"column":3}}},"3":{"name":"(anonymous_3)","decl":{"start":{"line":20,"column":2},"end":{"line":20,"column":7}},"loc":{"start":{"line":20,"column":42},"end":{"line":23,"column":3}}},"4":{"name":"(anonymous_4)","decl":{"start":{"line":25,"column":2},"end":{"line":25,"column":7}},"loc":{"start":{"line":25,"column":42},"end":{"line":28,"column":3}}}},"branchMap":{"0":{"loc":{"start":{"line":12,"column":4},"end":{"line":12,"column":75}},"type":"cond-expr","locations":[{"start":{"line":12,"column":14},"end":{"line":12,"column":31}},{"start":{"line":12,"column":34},"end":{"line":12,"column":75}}]}},"s":{"0":0,"1":0,"2":0,"3":0,"4":0,"5":0,"6":0,"7":0,"8":0,"9":0,"10":0,"11":0},"f":{"0":0,"1":0,"2":0,"3":0,"4":0},"b":{"0":[0,0]}}
,"C:\\Users\\pc\\Desktop\\Famers-digital-Market\\src\\controllers\\productController.ts": {"path":"C:\\Users\\pc\\Desktop\\Famers-digital-Market\\src\\controllers\\productController.ts","statementMap":{"0":{"start":{"line":2,"column":0},"end":{"line":2,"column":62}},"1":{"start":{"line":5,"column":29},"end":{"line":16,"column":1}},"2":{"start":{"line":6,"column":2},"end":{"line":15,"column":3}},"3":{"start":{"line":7,"column":19},"end":{"line":7,"column":60}},"4":{"start":{"line":8,"column":4},"end":{"line":8,"column":33}},"5":{"start":{"line":10,"column":4},"end":{"line":10,"column":50}},"6":{"start":{"line":11,"column":4},"end":{"line":14,"column":7}},"7":{"start":{"line":5,"column":13},"end":{"line":5,"column":29}},"8":{"start":{"line":19,"column":30},"end":{"line":30,"column":1}},"9":{"start":{"line":20,"column":2},"end":{"line":29,"column":3}},"10":{"start":{"line":21,"column":21},"end":{"line":21,"column":58}},"11":{"start":{"line":22,"column":4},"end":{"line":22,"column":35}},"12":{"start":{"line":24,"column":4},"end":{"line":24,"column":53}},"13":{"start":{"line":25,"column":4},"end":{"line":28,"column":7}},"14":{"start":{"line":19,"column":13},"end":{"line":19,"column":30}},"15":{"start":{"line":34,"column":26},"end":{"line":53,"column":1}},"16":{"start":{"line":36,"column":2},"end":{"line":52,"column":3}},"17":{"start":{"line":37,"column":19},"end":{"line":37,"column":29}},"18":{"start":{"line":39,"column":22},"end":{"line":39,"column":38}},"19":{"start":{"line":41,"column":4},"end":{"line":43,"column":5}},"20":{"start":{"line":42,"column":6},"end":{"line":42,"column":88}},"21":{"start":{"line":44,"column":20},"end":{"line":44,"column":66}},"22":{"start":{"line":45,"column":4},"end":{"line":47,"column":5}},"23":{"start":{"line":46,"column":6},"end":{"line":46,"column":68}},"24":{"start":{"line":48,"column":4},"end":{"line":48,"column":34}},"25":{"start":{"line":50,"column":4},"end":{"line":50,"column":52}},"26":{"start":{"line":51,"column":4},"end":{"line":51,"column":86}},"27":{"start":{"line":34,"column":13},"end":{"line":34,"column":26}},"28":{"start":{"line":54,"column":29},"end":{"line":68,"column":1}},"29":{"start":{"line":55,"column":2},"end":{"line":67,"column":3}},"30":{"start":{"line":56,"column":15},"end":{"line":56,"column":36}},"31":{"start":{"line":57,"column":24},"end":{"line":57,"column":32}},"32":{"start":{"line":59,"column":19},"end":{"line":59,"column":70}},"33":{"start":{"line":60,"column":4},"end":{"line":60,"column":33}},"34":{"start":{"line":62,"column":4},"end":{"line":62,"column":52}},"35":{"start":{"line":63,"column":4},"end":{"line":66,"column":7}},"36":{"start":{"line":54,"column":13},"end":{"line":54,"column":29}},"37":{"start":{"line":69,"column":29},"end":{"line":89,"column":1}},"38":{"start":{"line":70,"column":2},"end":{"line":88,"column":3}},"39":{"start":{"line":71,"column":19},"end":{"line":71,"column":29}},"40":{"start":{"line":72,"column":22},"end":{"line":72,"column":38}},"41":{"start":{"line":74,"column":4},"end":{"line":76,"column":5}},"42":{"start":{"line":75,"column":6},"end":{"line":75,"column":88}},"43":{"start":{"line":78,"column":19},"end":{"line":78,"column":64}},"44":{"start":{"line":80,"column":4},"end":{"line":82,"column":5}},"45":{"start":{"line":81,"column":6},"end":{"line":81,"column":68}},"46":{"start":{"line":84,"column":4},"end":{"line":84,"column":70}},"47":{"start":{"line":86,"column":4},"end":{"line":86,"column":52}},"48":{"start":{"line":87,"column":4},"end":{"line":87,"column":88}},"49":{"start":{"line":69,"column":13},"end":{"line":69,"column":29}}},"fnMap":{"0":{"name":"(anonymous_9)","decl":{"start":{"line":5,"column":29},"end":{"line":5,"column":34}},"loc":{"start":{"line":5,"column":67},"end":{"line":16,"column":1}}},"1":{"name":"(anonymous_10)","decl":{"start":{"line":19,"column":30},"end":{"line":19,"column":35}},"loc":{"start":{"line":19,"column":68},"end":{"line":30,"column":1}}},"2":{"name":"(anonymous_11)","decl":{"start":{"line":34,"column":26},"end":{"line":34,"column":31}},"loc":{"start":{"line":34,"column":64},"end":{"line":53,"column":1}}},"3":{"name":"(anonymous_12)","decl":{"start":{"line":54,"column":29},"end":{"line":54,"column":34}},"loc":{"start":{"line":54,"column":67},"end":{"line":68,"column":1}}},"4":{"name":"(anonymous_13)","decl":{"start":{"line":69,"column":29},"end":{"line":69,"column":34}},"loc":{"start":{"line":69,"column":67},"end":{"line":89,"column":1}}}},"branchMap":{"0":{"loc":{"start":{"line":41,"column":4},"end":{"line":43,"column":5}},"type":"if","locations":[{"start":{"line":41,"column":4},"end":{"line":43,"column":5}},{"start":{},"end":{}}]},"1":{"loc":{"start":{"line":41,"column":8},"end":{"line":41,"column":31}},"type":"binary-expr","locations":[{"start":{"line":41,"column":8},"end":{"line":41,"column":11}},{"start":{"line":41,"column":15},"end":{"line":41,"column":31}}]},"2":{"loc":{"start":{"line":45,"column":4},"end":{"line":47,"column":5}},"type":"if","locations":[{"start":{"line":45,"column":4},"end":{"line":47,"column":5}},{"start":{},"end":{}}]},"3":{"loc":{"start":{"line":74,"column":4},"end":{"line":76,"column":5}},"type":"if","locations":[{"start":{"line":74,"column":4},"end":{"line":76,"column":5}},{"start":{},"end":{}}]},"4":{"loc":{"start":{"line":74,"column":8},"end":{"line":74,"column":31}},"type":"binary-expr","locations":[{"start":{"line":74,"column":8},"end":{"line":74,"column":11}},{"start":{"line":74,"column":15},"end":{"line":74,"column":31}}]},"5":{"loc":{"start":{"line":80,"column":4},"end":{"line":82,"column":5}},"type":"if","locations":[{"start":{"line":80,"column":4},"end":{"line":82,"column":5}},{"start":{},"end":{}}]}},"s":{"0":1,"1":1,"2":2,"3":2,"4":1,"5":1,"6":1,"7":1,"8":1,"9":1,"10":1,"11":1,"12":0,"13":0,"14":1,"15":1,"16":3,"17":3,"18":3,"19":3,"20":1,"21":2,"22":2,"23":1,"24":1,"25":0,"26":0,"27":1,"28":1,"29":1,"30":1,"31":1,"32":1,"33":1,"34":0,"35":0,"36":1,"37":1,"38":3,"39":3,"40":3,"41":3,"42":1,"43":2,"44":2,"45":1,"46":1,"47":0,"48":0,"49":1},"f":{"0":2,"1":1,"2":3,"3":1,"4":3},"b":{"0":[1,2],"1":[3,3],"2":[1,1],"3":[1,2],"4":[3,3],"5":[1,1]}}
,"C:\\Users\\pc\\Desktop\\Famers-digital-Market\\src\\db\\config.ts": {"path":"C:\\Users\\pc\\Desktop\\Famers-digital-Market\\src\\db\\config.ts","statementMap":{"0":{"start":{"line":2,"column":0},"end":{"line":2,"column":28}},"1":{"start":{"line":3,"column":0},"end":{"line":3,"column":28}},"2":{"start":{"line":4,"column":0},"end":{"line":4,"column":24}},"3":{"start":{"line":6,"column":0},"end":{"line":6,"column":16}},"4":{"start":{"line":8,"column":50},"end":{"line":8,"column":61}},"5":{"start":{"line":11,"column":0},"end":{"line":11,"column":45}},"6":{"start":{"line":12,"column":0},"end":{"line":12,"column":41}},"7":{"start":{"line":13,"column":0},"end":{"line":13,"column":39}},"8":{"start":{"line":14,"column":0},"end":{"line":14,"column":37}},"9":{"start":{"line":16,"column":30},"end":{"line":31,"column":2}},"10":{"start":{"line":46,"column":9},"end":{"line":46,"column":18}},"11":{"start":{"line":34,"column":23},"end":{"line":43,"column":1}},"12":{"start":{"line":35,"column":2},"end":{"line":42,"column":3}},"13":{"start":{"line":36,"column":17},"end":{"line":36,"column":45}},"14":{"start":{"line":37,"column":4},"end":{"line":37,"column":44}},"15":{"start":{"line":38,"column":4},"end":{"line":38,"column":16}},"16":{"start":{"line":40,"column":4},"end":{"line":40,"column":51}},"17":{"start":{"line":41,"column":4},"end":{"line":41,"column":16}},"18":{"start":{"line":34,"column":13},"end":{"line":34,"column":23}},"19":{"start":{"line":45,"column":0},"end":{"line":45,"column":19}}},"fnMap":{"0":{"name":"(anonymous_1)","decl":{"start":{"line":34,"column":23},"end":{"line":34,"column":28}},"loc":{"start":{"line":34,"column":63},"end":{"line":43,"column":1}}}},"branchMap":{},"s":{"0":10,"1":10,"2":10,"3":10,"4":10,"5":10,"6":10,"7":10,"8":10,"9":10,"10":10,"11":10,"12":0,"13":0,"14":0,"15":0,"16":0,"17":0,"18":10,"19":10},"f":{"0":0},"b":{}}
,"C:\\Users\\pc\\Desktop\\Famers-digital-Market\\src\\middleware\\authMiddleware.ts": {"path":"C:\\Users\\pc\\Desktop\\Famers-digital-Market\\src\\middleware\\authMiddleware.ts","statementMap":{"0":{"start":{"line":1,"column":0},"end":{"line":1,"column":31}},"1":{"start":{"line":5,"column":31},"end":{"line":26,"column":1}},"2":{"start":{"line":6,"column":23},"end":{"line":6,"column":48}},"3":{"start":{"line":7,"column":4},"end":{"line":10,"column":5}},"4":{"start":{"line":8,"column":8},"end":{"line":8,"column":64}},"5":{"start":{"line":11,"column":18},"end":{"line":11,"column":43}},"6":{"start":{"line":12,"column":4},"end":{"line":14,"column":5}},"7":{"start":{"line":13,"column":8},"end":{"line":13,"column":66}},"8":{"start":{"line":15,"column":4},"end":{"line":23,"column":5}},"9":{"start":{"line":16,"column":22},"end":{"line":16,"column":73}},"10":{"start":{"line":17,"column":9},"end":{"line":17,"column":35}},"11":{"start":{"line":18,"column":8},"end":{"line":18,"column":15}},"12":{"start":{"line":21,"column":8},"end":{"line":21,"column":56}},"13":{"start":{"line":5,"column":13},"end":{"line":5,"column":31}},"14":{"start":{"line":27,"column":27},"end":{"line":46,"column":1}},"15":{"start":{"line":29,"column":17},"end":{"line":29,"column":42}},"16":{"start":{"line":31,"column":2},"end":{"line":33,"column":3}},"17":{"start":{"line":32,"column":4},"end":{"line":32,"column":82}},"18":{"start":{"line":35,"column":16},"end":{"line":35,"column":36}},"19":{"start":{"line":37,"column":2},"end":{"line":44,"column":3}},"20":{"start":{"line":38,"column":20},"end":{"line":38,"column":62}},"21":{"start":{"line":39,"column":5},"end":{"line":39,"column":33}},"22":{"start":{"line":40,"column":4},"end":{"line":40,"column":11}},"23":{"start":{"line":42,"column":4},"end":{"line":42,"column":43}},"24":{"start":{"line":43,"column":4},"end":{"line":43,"column":66}},"25":{"start":{"line":27,"column":13},"end":{"line":27,"column":27}}},"fnMap":{"0":{"name":"(anonymous_1)","decl":{"start":{"line":5,"column":31},"end":{"line":5,"column":32}},"loc":{"start":{"line":5,"column":81},"end":{"line":26,"column":1}}},"1":{"name":"(anonymous_2)","decl":{"start":{"line":27,"column":27},"end":{"line":27,"column":28}},"loc":{"start":{"line":27,"column":79},"end":{"line":46,"column":1}}}},"branchMap":{"0":{"loc":{"start":{"line":7,"column":4},"end":{"line":10,"column":5}},"type":"if","locations":[{"start":{"line":7,"column":4},"end":{"line":10,"column":5}},{"start":{},"end":{}}]},"1":{"loc":{"start":{"line":7,"column":8},"end":{"line":7,"column":55}},"type":"binary-expr","locations":[{"start":{"line":7,"column":8},"end":{"line":7,"column":19}},{"start":{"line":7,"column":23},"end":{"line":7,"column":55}}]},"2":{"loc":{"start":{"line":12,"column":4},"end":{"line":14,"column":5}},"type":"if","locations":[{"start":{"line":12,"column":4},"end":{"line":14,"column":5}},{"start":{},"end":{}}]},"3":{"loc":{"start":{"line":31,"column":2},"end":{"line":33,"column":3}},"type":"if","locations":[{"start":{"line":31,"column":2},"end":{"line":33,"column":3}},{"start":{},"end":{}}]},"4":{"loc":{"start":{"line":31,"column":6},"end":{"line":31,"column":46}},"type":"binary-expr","locations":[{"start":{"line":31,"column":6},"end":{"line":31,"column":13}},{"start":{"line":31,"column":17},"end":{"line":31,"column":46}}]}},"s":{"0":0,"1":0,"2":0,"3":0,"4":0,"5":0,"6":0,"7":0,"8":0,"9":0,"10":0,"11":0,"12":0,"13":0,"14":0,"15":0,"16":0,"17":0,"18":0,"19":0,"20":0,"21":0,"22":0,"23":0,"24":0,"25":0},"f":{"0":0,"1":0},"b":{"0":[0,0],"1":[0,0],"2":[0,0],"3":[0,0],"4":[0,0]}}
,"C:\\Users\\pc\\Desktop\\Famers-digital-Market\\src\\repository\\farmerRepository.ts": {"path":"C:\\Users\\pc\\Desktop\\Famers-digital-Market\\src\\repository\\farmerRepository.ts","statementMap":{"0":{"start":{"line":1,"column":0},"end":{"line":1,"column":24}},"1":{"start":{"line":2,"column":0},"end":{"line":2,"column":49}},"2":{"start":{"line":13,"column":44},"end":{"line":13,"column":48}},"3":{"start":{"line":21,"column":4},"end":{"line":24,"column":5}},"4":{"start":{"line":22,"column":6},"end":{"line":22,"column":68}},"5":{"start":{"line":23,"column":6},"end":{"line":23,"column":39}},"6":{"start":{"line":29,"column":4},"end":{"line":33,"column":5}},"7":{"start":{"line":30,"column":6},"end":{"line":30,"column":30}},"8":{"start":{"line":31,"column":6},"end":{"line":31,"column":23}},"9":{"start":{"line":32,"column":6},"end":{"line":32,"column":47}},"10":{"start":{"line":38,"column":4},"end":{"line":38,"column":25}},"11":{"start":{"line":39,"column":19},"end":{"line":39,"column":76}},"12":{"start":{"line":40,"column":4},"end":{"line":46,"column":8}},"13":{"start":{"line":40,"column":40},"end":{"line":46,"column":6}},"14":{"start":{"line":51,"column":4},"end":{"line":51,"column":25}},"15":{"start":{"line":52,"column":19},"end":{"line":54,"column":64}},"16":{"start":{"line":55,"column":4},"end":{"line":55,"column":42}},"17":{"start":{"line":55,"column":30},"end":{"line":55,"column":42}},"18":{"start":{"line":56,"column":16},"end":{"line":56,"column":35}},"19":{"start":{"line":57,"column":4},"end":{"line":63,"column":6}},"20":{"start":{"line":68,"column":4},"end":{"line":68,"column":25}},"21":{"start":{"line":69,"column":4},"end":{"line":77,"column":9}},"22":{"start":{"line":82,"column":4},"end":{"line":82,"column":25}},"23":{"start":{"line":83,"column":4},"end":{"line":96,"column":9}},"24":{"start":{"line":101,"column":4},"end":{"line":101,"column":25}},"25":{"start":{"line":102,"column":4},"end":{"line":104,"column":63}},"26":{"start":{"line":12,"column":0},"end":{"line":12,"column":13}}},"fnMap":{"0":{"name":"(anonymous_1)","decl":{"start":{"line":15,"column":2},"end":{"line":15,"column":null}},"loc":{"start":{"line":15,"column":2},"end":{"line":17,"column":3}}},"1":{"name":"(anonymous_2)","decl":{"start":{"line":20,"column":2},"end":{"line":20,"column":7}},"loc":{"start":{"line":20,"column":15},"end":{"line":25,"column":3}}},"2":{"name":"(anonymous_3)","decl":{"start":{"line":28,"column":2},"end":{"line":28,"column":7}},"loc":{"start":{"line":28,"column":13},"end":{"line":34,"column":3}}},"3":{"name":"(anonymous_4)","decl":{"start":{"line":37,"column":2},"end":{"line":37,"column":7}},"loc":{"start":{"line":37,"column":21},"end":{"line":47,"column":3}}},"4":{"name":"(anonymous_5)","decl":{"start":{"line":40,"column":32},"end":{"line":40,"column":35}},"loc":{"start":{"line":40,"column":40},"end":{"line":46,"column":6}}},"5":{"name":"(anonymous_6)","decl":{"start":{"line":50,"column":2},"end":{"line":50,"column":7}},"loc":{"start":{"line":50,"column":32},"end":{"line":64,"column":3}}},"6":{"name":"(anonymous_7)","decl":{"start":{"line":67,"column":2},"end":{"line":67,"column":7}},"loc":{"start":{"line":67,"column":32},"end":{"line":78,"column":3}}},"7":{"name":"(anonymous_8)","decl":{"start":{"line":81,"column":2},"end":{"line":81,"column":7}},"loc":{"start":{"line":81,"column":47},"end":{"line":97,"column":3}}},"8":{"name":"(anonymous_9)","decl":{"start":{"line":100,"column":2},"end":{"line":100,"column":7}},"loc":{"start":{"line":100,"column":31},"end":{"line":105,"column":3}}}},"branchMap":{"0":{"loc":{"start":{"line":21,"column":4},"end":{"line":24,"column":5}},"type":"if","locations":[{"start":{"line":21,"column":4},"end":{"line":24,"column":5}},{"start":{},"end":{}}]},"1":{"loc":{"start":{"line":29,"column":4},"end":{"line":33,"column":5}},"type":"if","locations":[{"start":{"line":29,"column":4},"end":{"line":33,"column":5}},{"start":{},"end":{}}]},"2":{"loc":{"start":{"line":55,"column":4},"end":{"line":55,"column":42}},"type":"if","locations":[{"start":{"line":55,"column":4},"end":{"line":55,"column":42}},{"start":{},"end":{}}]}},"s":{"0":1,"1":1,"2":0,"3":0,"4":0,"5":0,"6":0,"7":0,"8":0,"9":0,"10":0,"11":0,"12":0,"13":0,"14":0,"15":0,"16":0,"17":0,"18":0,"19":0,"20":0,"21":0,"22":0,"23":0,"24":0,"25":0,"26":1},"f":{"0":0,"1":0,"2":0,"3":0,"4":0,"5":0,"6":0,"7":0,"8":0},"b":{"0":[0,0],"1":[0,0],"2":[0,0]}}
,"C:\\Users\\pc\\Desktop\\Famers-digital-Market\\src\\repository\\logisticsRepository.ts": {"path":"C:\\Users\\pc\\Desktop\\Famers-digital-Market\\src\\repository\\logisticsRepository.ts","statementMap":{"0":{"start":{"line":1,"column":0},"end":{"line":1,"column":39}},"1":{"start":{"line":12,"column":13},"end":{"line":74,"column":2}},"2":{"start":{"line":14,"column":17},"end":{"line":14,"column":32}},"3":{"start":{"line":15,"column":19},"end":{"line":15,"column":72}},"4":{"start":{"line":16,"column":4},"end":{"line":16,"column":28}},"5":{"start":{"line":20,"column":17},"end":{"line":20,"column":32}},"6":{"start":{"line":21,"column":19},"end":{"line":24,"column":74}},"7":{"start":{"line":25,"column":4},"end":{"line":25,"column":31}},"8":{"start":{"line":29,"column":17},"end":{"line":29,"column":32}},"9":{"start":{"line":30,"column":4},"end":{"line":40,"column":9}},"10":{"start":{"line":41,"column":4},"end":{"line":41,"column":64}},"11":{"start":{"line":45,"column":17},"end":{"line":45,"column":32}},"12":{"start":{"line":46,"column":4},"end":{"line":62,"column":9}},"13":{"start":{"line":63,"column":4},"end":{"line":63,"column":64}},"14":{"start":{"line":67,"column":17},"end":{"line":67,"column":32}},"15":{"start":{"line":68,"column":4},"end":{"line":71,"column":73}},"16":{"start":{"line":72,"column":4},"end":{"line":72,"column":64}}},"fnMap":{"0":{"name":"(anonymous_0)","decl":{"start":{"line":13,"column":2},"end":{"line":13,"column":7}},"loc":{"start":{"line":13,"column":23},"end":{"line":17,"column":3}}},"1":{"name":"(anonymous_1)","decl":{"start":{"line":19,"column":2},"end":{"line":19,"column":7}},"loc":{"start":{"line":19,"column":35},"end":{"line":26,"column":3}}},"2":{"name":"(anonymous_2)","decl":{"start":{"line":28,"column":2},"end":{"line":28,"column":7}},"loc":{"start":{"line":28,"column":44},"end":{"line":42,"column":3}}},"3":{"name":"(anonymous_3)","decl":{"start":{"line":44,"column":2},"end":{"line":44,"column":7}},"loc":{"start":{"line":44,"column":56},"end":{"line":64,"column":3}}},"4":{"name":"(anonymous_4)","decl":{"start":{"line":66,"column":2},"end":{"line":66,"column":7}},"loc":{"start":{"line":66,"column":34},"end":{"line":73,"column":3}}}},"branchMap":{},"s":{"0":2,"1":2,"2":0,"3":0,"4":0,"5":0,"6":0,"7":0,"8":0,"9":0,"10":0,"11":0,"12":0,"13":0,"14":0,"15":0,"16":0},"f":{"0":0,"1":0,"2":0,"3":0,"4":0},"b":{}}
,"C:\\Users\\pc\\Desktop\\Famers-digital-Market\\src\\repository\\marketRepository.ts": {"path":"C:\\Users\\pc\\Desktop\\Famers-digital-Market\\src\\repository\\marketRepository.ts","statementMap":{"0":{"start":{"line":1,"column":0},"end":{"line":1,"column":23}},"1":{"start":{"line":2,"column":0},"end":{"line":2,"column":37}},"2":{"start":{"line":4,"column":27},"end":{"line":6,"column":28}},"3":{"start":{"line":4,"column":51},"end":{"line":4,"column":66}},"4":{"start":{"line":5,"column":19},"end":{"line":5,"column":68}},"5":{"start":{"line":6,"column":4},"end":{"line":6,"column":28}},"6":{"start":{"line":4,"column":13},"end":{"line":4,"column":27}},"7":{"start":{"line":8,"column":33},"end":{"line":13,"column":5}},"8":{"start":{"line":8,"column":66},"end":{"line":8,"column":81}},"9":{"start":{"line":9,"column":23},"end":{"line":11,"column":53}},"10":{"start":{"line":12,"column":8},"end":{"line":12,"column":35}},"11":{"start":{"line":8,"column":17},"end":{"line":8,"column":33}}},"fnMap":{"0":{"name":"(anonymous_1)","decl":{"start":{"line":4,"column":27},"end":{"line":4,"column":32}},"loc":{"start":{"line":4,"column":37},"end":{"line":6,"column":28}}},"1":{"name":"(anonymous_2)","decl":{"start":{"line":8,"column":33},"end":{"line":8,"column":38}},"loc":{"start":{"line":8,"column":51},"end":{"line":13,"column":5}}}},"branchMap":{},"s":{"0":2,"1":2,"2":2,"3":0,"4":0,"5":0,"6":2,"7":2,"8":0,"9":0,"10":0,"11":2},"f":{"0":0,"1":0},"b":{}}
,"C:\\Users\\pc\\Desktop\\Famers-digital-Market\\src\\repository\\orderRepository.ts": {"path":"C:\\Users\\pc\\Desktop\\Famers-digital-Market\\src\\repository\\orderRepository.ts","statementMap":{"0":{"start":{"line":1,"column":0},"end":{"line":1,"column":39}},"1":{"start":{"line":14,"column":27},"end":{"line":30,"column":1}},"2":{"start":{"line":15,"column":15},"end":{"line":15,"column":30}},"3":{"start":{"line":16,"column":2},"end":{"line":28,"column":7}},"4":{"start":{"line":29,"column":2},"end":{"line":29,"column":51}},"5":{"start":{"line":14,"column":13},"end":{"line":14,"column":27}},"6":{"start":{"line":33,"column":25},"end":{"line":37,"column":1}},"7":{"start":{"line":34,"column":15},"end":{"line":34,"column":30}},"8":{"start":{"line":35,"column":17},"end":{"line":35,"column":71}},"9":{"start":{"line":36,"column":2},"end":{"line":36,"column":26}},"10":{"start":{"line":33,"column":13},"end":{"line":33,"column":25}},"11":{"start":{"line":40,"column":28},"end":{"line":47,"column":1}},"12":{"start":{"line":41,"column":15},"end":{"line":41,"column":30}},"13":{"start":{"line":42,"column":17},"end":{"line":45,"column":59}},"14":{"start":{"line":46,"column":2},"end":{"line":46,"column":29}},"15":{"start":{"line":40,"column":13},"end":{"line":40,"column":28}},"16":{"start":{"line":50,"column":27},"end":{"line":64,"column":1}},"17":{"start":{"line":51,"column":15},"end":{"line":51,"column":30}},"18":{"start":{"line":52,"column":2},"end":{"line":62,"column":7}},"19":{"start":{"line":63,"column":2},"end":{"line":63,"column":51}},"20":{"start":{"line":50,"column":13},"end":{"line":50,"column":27}},"21":{"start":{"line":67,"column":27},"end":{"line":71,"column":1}},"22":{"start":{"line":68,"column":15},"end":{"line":68,"column":30}},"23":{"start":{"line":69,"column":2},"end":{"line":69,"column":92}},"24":{"start":{"line":70,"column":2},"end":{"line":70,"column":51}},"25":{"start":{"line":67,"column":13},"end":{"line":67,"column":27}}},"fnMap":{"0":{"name":"(anonymous_0)","decl":{"start":{"line":14,"column":27},"end":{"line":14,"column":32}},"loc":{"start":{"line":14,"column":53},"end":{"line":30,"column":1}}},"1":{"name":"(anonymous_1)","decl":{"start":{"line":33,"column":25},"end":{"line":33,"column":30}},"loc":{"start":{"line":33,"column":36},"end":{"line":37,"column":1}}},"2":{"name":"(anonymous_2)","decl":{"start":{"line":40,"column":28},"end":{"line":40,"column":33}},"loc":{"start":{"line":40,"column":49},"end":{"line":47,"column":1}}},"3":{"name":"(anonymous_3)","decl":{"start":{"line":50,"column":27},"end":{"line":50,"column":32}},"loc":{"start":{"line":50,"column":74},"end":{"line":64,"column":1}}},"4":{"name":"(anonymous_4)","decl":{"start":{"line":67,"column":27},"end":{"line":67,"column":32}},"loc":{"start":{"line":67,"column":48},"end":{"line":71,"column":1}}}},"branchMap":{},"s":{"0":1,"1":1,"2":0,"3":0,"4":0,"5":1,"6":1,"7":0,"8":0,"9":0,"10":1,"11":1,"12":0,"13":0,"14":0,"15":1,"16":1,"17":0,"18":0,"19":0,"20":1,"21":1,"22":0,"23":0,"24":0,"25":1},"f":{"0":0,"1":0,"2":0,"3":0,"4":0},"b":{}}
,"C:\\Users\\pc\\Desktop\\Famers-digital-Market\\src\\repository\\paymentRepository.ts": {"path":"C:\\Users\\pc\\Desktop\\Famers-digital-Market\\src\\repository\\paymentRepository.ts","statementMap":{"0":{"start":{"line":1,"column":0},"end":{"line":1,"column":39}},"1":{"start":{"line":3,"column":0},"end":{"line":3,"column":23}},"2":{"start":{"line":5,"column":13},"end":{"line":58,"column":2}},"3":{"start":{"line":7,"column":17},"end":{"line":7,"column":32}},"4":{"start":{"line":8,"column":19},"end":{"line":8,"column":70}},"5":{"start":{"line":9,"column":4},"end":{"line":9,"column":28}},"6":{"start":{"line":13,"column":17},"end":{"line":13,"column":32}},"7":{"start":{"line":14,"column":19},"end":{"line":16,"column":60}},"8":{"start":{"line":17,"column":4},"end":{"line":17,"column":39}},"9":{"start":{"line":21,"column":17},"end":{"line":21,"column":32}},"10":{"start":{"line":22,"column":4},"end":{"line":31,"column":9}},"11":{"start":{"line":35,"column":17},"end":{"line":35,"column":32}},"12":{"start":{"line":36,"column":4},"end":{"line":49,"column":9}},"13":{"start":{"line":53,"column":17},"end":{"line":53,"column":32}},"14":{"start":{"line":54,"column":4},"end":{"line":56,"column":59}}},"fnMap":{"0":{"name":"(anonymous_1)","decl":{"start":{"line":6,"column":2},"end":{"line":6,"column":7}},"loc":{"start":{"line":6,"column":14},"end":{"line":10,"column":3}}},"1":{"name":"(anonymous_2)","decl":{"start":{"line":12,"column":2},"end":{"line":12,"column":7}},"loc":{"start":{"line":12,"column":26},"end":{"line":18,"column":3}}},"2":{"name":"(anonymous_3)","decl":{"start":{"line":20,"column":2},"end":{"line":20,"column":7}},"loc":{"start":{"line":20,"column":51},"end":{"line":32,"column":3}}},"3":{"name":"(anonymous_4)","decl":{"start":{"line":34,"column":2},"end":{"line":34,"column":7}},"loc":{"start":{"line":34,"column":52},"end":{"line":50,"column":3}}},"4":{"name":"(anonymous_5)","decl":{"start":{"line":52,"column":2},"end":{"line":52,"column":7}},"loc":{"start":{"line":52,"column":25},"end":{"line":57,"column":3}}}},"branchMap":{"0":{"loc":{"start":{"line":17,"column":11},"end":{"line":17,"column":38}},"type":"binary-expr","locations":[{"start":{"line":17,"column":11},"end":{"line":17,"column":30}},{"start":{"line":17,"column":34},"end":{"line":17,"column":38}}]},"1":{"loc":{"start":{"line":38,"column":44},"end":{"line":38,"column":74}},"type":"binary-expr","locations":[{"start":{"line":38,"column":44},"end":{"line":38,"column":66}},{"start":{"line":38,"column":70},"end":{"line":38,"column":74}}]},"2":{"loc":{"start":{"line":39,"column":39},"end":{"line":39,"column":64}},"type":"binary-expr","locations":[{"start":{"line":39,"column":39},"end":{"line":39,"column":56}},{"start":{"line":39,"column":60},"end":{"line":39,"column":64}}]},"3":{"loc":{"start":{"line":40,"column":43},"end":{"line":40,"column":71}},"type":"binary-expr","locations":[{"start":{"line":40,"column":43},"end":{"line":40,"column":63}},{"start":{"line":40,"column":67},"end":{"line":40,"column":71}}]},"4":{"loc":{"start":{"line":41,"column":44},"end":{"line":41,"column":74}},"type":"binary-expr","locations":[{"start":{"line":41,"column":44},"end":{"line":41,"column":66}},{"start":{"line":41,"column":70},"end":{"line":41,"column":74}}]}},"s":{"0":2,"1":2,"2":2,"3":1,"4":1,"5":1,"6":2,"7":2,"8":2,"9":1,"10":1,"11":1,"12":1,"13":1,"14":1},"f":{"0":1,"1":2,"2":1,"3":1,"4":1},"b":{"0":[2,1],"1":[1,1],"2":[1,1],"3":[1,1],"4":[1,0]}}
,"C:\\Users\\pc\\Desktop\\Famers-digital-Market\\src\\repository\\productRepository.ts": {"path":"C:\\Users\\pc\\Desktop\\Famers-digital-Market\\src\\repository\\productRepository.ts","statementMap":{"0":{"start":{"line":1,"column":0},"end":{"line":1,"column":31}},"1":{"start":{"line":11,"column":30},"end":{"line":14,"column":1}},"2":{"start":{"line":12,"column":17},"end":{"line":12,"column":71}},"3":{"start":{"line":13,"column":2},"end":{"line":13,"column":26}},"4":{"start":{"line":11,"column":13},"end":{"line":11,"column":30}},"5":{"start":{"line":16,"column":26},"end":{"line":25,"column":1}},"6":{"start":{"line":17,"column":2},"end":{"line":19,"column":3}},"7":{"start":{"line":18,"column":4},"end":{"line":18,"column":65}},"8":{"start":{"line":21,"column":18},"end":{"line":21,"column":35}},"9":{"start":{"line":22,"column":2},"end":{"line":22,"column":35}},"10":{"start":{"line":23,"column":17},"end":{"line":23,"column":84}},"11":{"start":{"line":24,"column":2},"end":{"line":24,"column":37}},"12":{"start":{"line":16,"column":13},"end":{"line":16,"column":26}},"13":{"start":{"line":27,"column":29},"end":{"line":44,"column":1}},"14":{"start":{"line":28,"column":18},"end":{"line":28,"column":35}},"15":{"start":{"line":29,"column":2},"end":{"line":29,"column":57}},"16":{"start":{"line":30,"column":2},"end":{"line":30,"column":73}},"17":{"start":{"line":31,"column":2},"end":{"line":31,"column":73}},"18":{"start":{"line":32,"column":2},"end":{"line":32,"column":67}},"19":{"start":{"line":33,"column":2},"end":{"line":33,"column":60}},"20":{"start":{"line":34,"column":2},"end":{"line":34,"column":80}},"21":{"start":{"line":36,"column":22},"end":{"line":40,"column":4}},"22":{"start":{"line":42,"column":17},"end":{"line":42,"column":49}},"23":{"start":{"line":43,"column":2},"end":{"line":43,"column":29}},"24":{"start":{"line":27,"column":13},"end":{"line":27,"column":29}},"25":{"start":{"line":46,"column":29},"end":{"line":69,"column":1}},"26":{"start":{"line":47,"column":18},"end":{"line":47,"column":35}},"27":{"start":{"line":48,"column":2},"end":{"line":48,"column":35}},"28":{"start":{"line":49,"column":2},"end":{"line":49,"column":81}},"29":{"start":{"line":50,"column":2},"end":{"line":50,"column":73}},"30":{"start":{"line":51,"column":2},"end":{"line":51,"column":75}},"31":{"start":{"line":52,"column":2},"end":{"line":52,"column":68}},"32":{"start":{"line":53,"column":2},"end":{"line":53,"column":80}},"33":{"start":{"line":55,"column":22},"end":{"line":65,"column":4}},"34":{"start":{"line":67,"column":17},"end":{"line":67,"column":49}},"35":{"start":{"line":68,"column":2},"end":{"line":68,"column":37}},"36":{"start":{"line":46,"column":13},"end":{"line":46,"column":29}},"37":{"start":{"line":71,"column":29},"end":{"line":76,"column":1}},"38":{"start":{"line":72,"column":18},"end":{"line":72,"column":35}},"39":{"start":{"line":73,"column":2},"end":{"line":73,"column":35}},"40":{"start":{"line":74,"column":17},"end":{"line":74,"column":82}},"41":{"start":{"line":75,"column":2},"end":{"line":75,"column":36}},"42":{"start":{"line":71,"column":13},"end":{"line":71,"column":29}}},"fnMap":{"0":{"name":"(anonymous_1)","decl":{"start":{"line":11,"column":30},"end":{"line":11,"column":35}},"loc":{"start":{"line":11,"column":61},"end":{"line":14,"column":1}}},"1":{"name":"(anonymous_2)","decl":{"start":{"line":16,"column":26},"end":{"line":16,"column":31}},"loc":{"start":{"line":16,"column":72},"end":{"line":25,"column":1}}},"2":{"name":"(anonymous_3)","decl":{"start":{"line":27,"column":29},"end":{"line":27,"column":34}},"loc":{"start":{"line":27,"column":74},"end":{"line":44,"column":1}}},"3":{"name":"(anonymous_4)","decl":{"start":{"line":46,"column":29},"end":{"line":46,"column":34}},"loc":{"start":{"line":46,"column":102},"end":{"line":69,"column":1}}},"4":{"name":"(anonymous_5)","decl":{"start":{"line":71,"column":29},"end":{"line":71,"column":34}},"loc":{"start":{"line":71,"column":68},"end":{"line":76,"column":1}}}},"branchMap":{"0":{"loc":{"start":{"line":17,"column":2},"end":{"line":19,"column":3}},"type":"if","locations":[{"start":{"line":17,"column":2},"end":{"line":19,"column":3}},{"start":{},"end":{}}]},"1":{"loc":{"start":{"line":17,"column":6},"end":{"line":17,"column":53}},"type":"binary-expr","locations":[{"start":{"line":17,"column":6},"end":{"line":17,"column":28}},{"start":{"line":17,"column":32},"end":{"line":17,"column":53}}]},"2":{"loc":{"start":{"line":24,"column":9},"end":{"line":24,"column":36}},"type":"binary-expr","locations":[{"start":{"line":24,"column":9},"end":{"line":24,"column":28}},{"start":{"line":24,"column":32},"end":{"line":24,"column":36}}]},"3":{"loc":{"start":{"line":31,"column":47},"end":{"line":31,"column":71}},"type":"binary-expr","locations":[{"start":{"line":31,"column":47},"end":{"line":31,"column":63}},{"start":{"line":31,"column":67},"end":{"line":31,"column":71}}]},"4":{"loc":{"start":{"line":34,"column":51},"end":{"line":34,"column":78}},"type":"binary-expr","locations":[{"start":{"line":34,"column":51},"end":{"line":34,"column":70}},{"start":{"line":34,"column":74},"end":{"line":34,"column":78}}]},"5":{"loc":{"start":{"line":49,"column":51},"end":{"line":49,"column":79}},"type":"binary-expr","locations":[{"start":{"line":49,"column":51},"end":{"line":49,"column":71}},{"start":{"line":49,"column":75},"end":{"line":49,"column":79}}]},"6":{"loc":{"start":{"line":50,"column":47},"end":{"line":50,"column":71}},"type":"binary-expr","locations":[{"start":{"line":50,"column":47},"end":{"line":50,"column":63}},{"start":{"line":50,"column":67},"end":{"line":50,"column":71}}]},"7":{"loc":{"start":{"line":51,"column":43},"end":{"line":51,"column":73}},"type":"binary-expr","locations":[{"start":{"line":51,"column":43},"end":{"line":51,"column":65}},{"start":{"line":51,"column":69},"end":{"line":51,"column":73}}]},"8":{"loc":{"start":{"line":52,"column":45},"end":{"line":52,"column":66}},"type":"binary-expr","locations":[{"start":{"line":52,"column":45},"end":{"line":52,"column":58}},{"start":{"line":52,"column":62},"end":{"line":52,"column":66}}]},"9":{"loc":{"start":{"line":53,"column":51},"end":{"line":53,"column":78}},"type":"binary-expr","locations":[{"start":{"line":53,"column":51},"end":{"line":53,"column":70}},{"start":{"line":53,"column":74},"end":{"line":53,"column":78}}]},"10":{"loc":{"start":{"line":68,"column":9},"end":{"line":68,"column":36}},"type":"binary-expr","locations":[{"start":{"line":68,"column":9},"end":{"line":68,"column":28}},{"start":{"line":68,"column":32},"end":{"line":68,"column":36}}]}},"s":{"0":2,"1":2,"2":0,"3":0,"4":2,"5":2,"6":0,"7":0,"8":0,"9":0,"10":0,"11":0,"12":2,"13":2,"14":0,"15":0,"16":0,"17":0,"18":0,"19":0,"20":0,"21":0,"22":0,"23":0,"24":2,"25":2,"26":0,"27":0,"28":0,"29":0,"30":0,"31":0,"32":0,"33":0,"34":0,"35":0,"36":2,"37":2,"38":0,"39":0,"40":0,"41":0,"42":2},"f":{"0":0,"1":0,"2":0,"3":0,"4":0},"b":{"0":[0,0],"1":[0,0],"2":[0,0],"3":[0,0],"4":[0,0],"5":[0,0],"6":[0,0],"7":[0,0],"8":[0,0],"9":[0,0],"10":[0,0]}}
,"C:\\Users\\pc\\Desktop\\Famers-digital-Market\\src\\routes\\authRoutes.ts": {"path":"C:\\Users\\pc\\Desktop\\Famers-digital-Market\\src\\routes\\authRoutes.ts","statementMap":{"0":{"start":{"line":1,"column":0},"end":{"line":1,"column":30}},"1":{"start":{"line":2,"column":0},"end":{"line":2,"column":28}},"2":{"start":{"line":3,"column":0},"end":{"line":3,"column":31}},"3":{"start":{"line":4,"column":0},"end":{"line":4,"column":24}},"4":{"start":{"line":5,"column":0},"end":{"line":5,"column":39}},"5":{"start":{"line":7,"column":15},"end":{"line":7,"column":31}},"6":{"start":{"line":10,"column":0},"end":{"line":34,"column":3}},"7":{"start":{"line":11,"column":51},"end":{"line":11,"column":59}},"8":{"start":{"line":13,"column":2},"end":{"line":33,"column":3}},"9":{"start":{"line":14,"column":27},"end":{"line":14,"column":58}},"10":{"start":{"line":15,"column":17},"end":{"line":15,"column":32}},"11":{"start":{"line":17,"column":4},"end":{"line":26,"column":8}},"12":{"start":{"line":29,"column":4},"end":{"line":29,"column":71}},"13":{"start":{"line":31,"column":4},"end":{"line":31,"column":48}},"14":{"start":{"line":32,"column":4},"end":{"line":32,"column":54}},"15":{"start":{"line":37,"column":0},"end":{"line":67,"column":3}},"16":{"start":{"line":38,"column":30},"end":{"line":38,"column":38}},"17":{"start":{"line":40,"column":2},"end":{"line":66,"column":3}},"18":{"start":{"line":41,"column":17},"end":{"line":41,"column":32}},"19":{"start":{"line":42,"column":19},"end":{"line":45,"column":62}},"20":{"start":{"line":47,"column":4},"end":{"line":48,"column":65}},"21":{"start":{"line":48,"column":6},"end":{"line":48,"column":65}},"22":{"start":{"line":50,"column":17},"end":{"line":50,"column":36}},"23":{"start":{"line":51,"column":20},"end":{"line":51,"column":70}},"24":{"start":{"line":53,"column":4},"end":{"line":54,"column":70}},"25":{"start":{"line":54,"column":6},"end":{"line":54,"column":70}},"26":{"start":{"line":56,"column":18},"end":{"line":59,"column":null}},"27":{"start":{"line":62,"column":4},"end":{"line":62,"column":53}},"28":{"start":{"line":64,"column":4},"end":{"line":64,"column":41}},"29":{"start":{"line":65,"column":4},"end":{"line":65,"column":54}},"30":{"start":{"line":69,"column":0},"end":{"line":69,"column":22}}},"fnMap":{"0":{"name":"(anonymous_1)","decl":{"start":{"line":10,"column":25},"end":{"line":10,"column":30}},"loc":{"start":{"line":10,"column":44},"end":{"line":34,"column":1}}},"1":{"name":"(anonymous_2)","decl":{"start":{"line":37,"column":22},"end":{"line":37,"column":27}},"loc":{"start":{"line":37,"column":41},"end":{"line":67,"column":1}}}},"branchMap":{"0":{"loc":{"start":{"line":47,"column":4},"end":{"line":48,"column":65}},"type":"if","locations":[{"start":{"line":47,"column":4},"end":{"line":48,"column":65}},{"start":{},"end":{}}]},"1":{"loc":{"start":{"line":53,"column":4},"end":{"line":54,"column":70}},"type":"if","locations":[{"start":{"line":53,"column":4},"end":{"line":54,"column":70}},{"start":{},"end":{}}]}},"s":{"0":0,"1":0,"2":0,"3":0,"4":0,"5":0,"6":0,"7":0,"8":0,"9":0,"10":0,"11":0,"12":0,"13":0,"14":0,"15":0,"16":0,"17":0,"18":0,"19":0,"20":0,"21":0,"22":0,"23":0,"24":0,"25":0,"26":0,"27":0,"28":0,"29":0,"30":0},"f":{"0":0,"1":0},"b":{"0":[0,0],"1":[0,0]}}
,"C:\\Users\\pc\\Desktop\\Famers-digital-Market\\src\\routes\\farmerRoutes.ts": {"path":"C:\\Users\\pc\\Desktop\\Famers-digital-Market\\src\\routes\\farmerRoutes.ts","statementMap":{"0":{"start":{"line":1,"column":0},"end":{"line":1,"column":30}},"1":{"start":{"line":2,"column":0},"end":{"line":2,"column":null}},"2":{"start":{"line":10,"column":15},"end":{"line":10,"column":31}},"3":{"start":{"line":12,"column":0},"end":{"line":12,"column":31}},"4":{"start":{"line":13,"column":0},"end":{"line":13,"column":34}},"5":{"start":{"line":14,"column":0},"end":{"line":14,"column":28}},"6":{"start":{"line":15,"column":0},"end":{"line":15,"column":33}},"7":{"start":{"line":16,"column":0},"end":{"line":16,"column":36}},"8":{"start":{"line":18,"column":0},"end":{"line":18,"column":22}}},"fnMap":{},"branchMap":{},"s":{"0":0,"1":0,"2":0,"3":0,"4":0,"5":0,"6":0,"7":0,"8":0},"f":{},"b":{}}
,"C:\\Users\\pc\\Desktop\\Famers-digital-Market\\src\\routes\\logisticsRoutes.ts": {"path":"C:\\Users\\pc\\Desktop\\Famers-digital-Market\\src\\routes\\logisticsRoutes.ts","statementMap":{"0":{"start":{"line":1,"column":0},"end":{"line":1,"column":30}},"1":{"start":{"line":2,"column":0},"end":{"line":2,"column":73}},"2":{"start":{"line":4,"column":15},"end":{"line":4,"column":31}},"3":{"start":{"line":6,"column":31},"end":{"line":13,"column":1}},"4":{"start":{"line":7,"column":0},"end":{"line":7,"column":50}},"5":{"start":{"line":8,"column":0},"end":{"line":8,"column":55}},"6":{"start":{"line":9,"column":0},"end":{"line":9,"column":51}},"7":{"start":{"line":10,"column":0},"end":{"line":10,"column":54}},"8":{"start":{"line":11,"column":0},"end":{"line":11,"column":57}},"9":{"start":{"line":6,"column":13},"end":{"line":6,"column":31}}},"fnMap":{"0":{"name":"(anonymous_1)","decl":{"start":{"line":6,"column":31},"end":{"line":6,"column":32}},"loc":{"start":{"line":6,"column":43},"end":{"line":13,"column":1}}}},"branchMap":{},"s":{"0":0,"1":0,"2":0,"3":0,"4":0,"5":0,"6":0,"7":0,"8":0,"9":0},"f":{"0":0},"b":{}}
,"C:\\Users\\pc\\Desktop\\Famers-digital-Market\\src\\routes\\marketRoutes.ts": {"path":"C:\\Users\\pc\\Desktop\\Famers-digital-Market\\src\\routes\\marketRoutes.ts","statementMap":{"0":{"start":{"line":1,"column":0},"end":{"line":1,"column":29}},"1":{"start":{"line":2,"column":1},"end":{"line":2,"column":60}},"2":{"start":{"line":4,"column":16},"end":{"line":4,"column":32}},"3":{"start":{"line":6,"column":1},"end":{"line":6,"column":28}},"4":{"start":{"line":7,"column":1},"end":{"line":7,"column":31}},"5":{"start":{"line":9,"column":1},"end":{"line":9,"column":23}}},"fnMap":{},"branchMap":{},"s":{"0":0,"1":0,"2":0,"3":0,"4":0,"5":0},"f":{},"b":{}}
,"C:\\Users\\pc\\Desktop\\Famers-digital-Market\\src\\routes\\orderRoutes.ts": {"path":"C:\\Users\\pc\\Desktop\\Famers-digital-Market\\src\\routes\\orderRoutes.ts","statementMap":{"0":{"start":{"line":2,"column":0},"end":{"line":2,"column":66}},"1":{"start":{"line":6,"column":26},"end":{"line":12,"column":1}},"2":{"start":{"line":7,"column":0},"end":{"line":7,"column":49}},"3":{"start":{"line":8,"column":0},"end":{"line":8,"column":46}},"4":{"start":{"line":9,"column":0},"end":{"line":9,"column":53}},"5":{"start":{"line":10,"column":0},"end":{"line":10,"column":52}},"6":{"start":{"line":11,"column":0},"end":{"line":11,"column":55}},"7":{"start":{"line":6,"column":13},"end":{"line":6,"column":26}}},"fnMap":{"0":{"name":"(anonymous_9)","decl":{"start":{"line":6,"column":26},"end":{"line":6,"column":27}},"loc":{"start":{"line":6,"column":37},"end":{"line":12,"column":1}}}},"branchMap":{},"s":{"0":0,"1":0,"2":0,"3":0,"4":0,"5":0,"6":0,"7":0},"f":{"0":0},"b":{}}
,"C:\\Users\\pc\\Desktop\\Famers-digital-Market\\src\\routes\\paymentRoutes.ts": {"path":"C:\\Users\\pc\\Desktop\\Famers-digital-Market\\src\\routes\\paymentRoutes.ts","statementMap":{"0":{"start":{"line":1,"column":0},"end":{"line":1,"column":33}},"1":{"start":{"line":2,"column":0},"end":{"line":2,"column":69}},"2":{"start":{"line":3,"column":0},"end":{"line":3,"column":56}},"3":{"start":{"line":5,"column":15},"end":{"line":5,"column":23}},"4":{"start":{"line":7,"column":0},"end":{"line":7,"column":54}},"5":{"start":{"line":8,"column":0},"end":{"line":8,"column":58}},"6":{"start":{"line":9,"column":0},"end":{"line":9,"column":55}},"7":{"start":{"line":10,"column":0},"end":{"line":10,"column":57}},"8":{"start":{"line":11,"column":0},"end":{"line":11,"column":60}},"9":{"start":{"line":13,"column":0},"end":{"line":13,"column":22}}},"fnMap":{},"branchMap":{},"s":{"0":0,"1":0,"2":0,"3":0,"4":0,"5":0,"6":0,"7":0,"8":0,"9":0},"f":{},"b":{}}
,"C:\\Users\\pc\\Desktop\\Famers-digital-Market\\src\\routes\\productRoutes.ts": {"path":"C:\\Users\\pc\\Desktop\\Famers-digital-Market\\src\\routes\\productRoutes.ts","statementMap":{"0":{"start":{"line":1,"column":0},"end":{"line":1,"column":30}},"1":{"start":{"line":2,"column":0},"end":{"line":2,"column":77}},"2":{"start":{"line":3,"column":0},"end":{"line":3,"column":56}},"3":{"start":{"line":4,"column":0},"end":{"line":4,"column":95}},"4":{"start":{"line":6,"column":15},"end":{"line":6,"column":31}},"5":{"start":{"line":9,"column":0},"end":{"line":9,"column":44}},"6":{"start":{"line":10,"column":0},"end":{"line":10,"column":46}},"7":{"start":{"line":11,"column":0},"end":{"line":11,"column":50}},"8":{"start":{"line":12,"column":0},"end":{"line":12,"column":45}},"9":{"start":{"line":13,"column":0},"end":{"line":13,"column":null}},"10":{"start":{"line":14,"column":0},"end":{"line":14,"column":22}}},"fnMap":{},"branchMap":{},"s":{"0":0,"1":0,"2":0,"3":0,"4":0,"5":0,"6":0,"7":0,"8":0,"9":0,"10":0},"f":{},"b":{}}
,"C:\\Users\\pc\\Desktop\\Famers-digital-Market\\src\\services\\farmerServices.ts": {"path":"C:\\Users\\pc\\Desktop\\Famers-digital-Market\\src\\services\\farmerServices.ts","statementMap":{"0":{"start":{"line":2,"column":0},"end":{"line":2,"column":31}},"1":{"start":{"line":5,"column":25},"end":{"line":19,"column":1}},"2":{"start":{"line":6,"column":16},"end":{"line":9,"column":4}},"3":{"start":{"line":11,"column":18},"end":{"line":11,"column":35}},"4":{"start":{"line":12,"column":2},"end":{"line":12,"column":45}},"5":{"start":{"line":13,"column":2},"end":{"line":13,"column":51}},"6":{"start":{"line":14,"column":2},"end":{"line":14,"column":45}},"7":{"start":{"line":15,"column":2},"end":{"line":15,"column":45}},"8":{"start":{"line":17,"column":2},"end":{"line":17,"column":29}},"9":{"start":{"line":18,"column":2},"end":{"line":18,"column":50}},"10":{"start":{"line":5,"column":13},"end":{"line":5,"column":25}},"11":{"start":{"line":22,"column":29},"end":{"line":25,"column":1}},"12":{"start":{"line":23,"column":17},"end":{"line":23,"column":71}},"13":{"start":{"line":24,"column":2},"end":{"line":24,"column":26}},"14":{"start":{"line":22,"column":13},"end":{"line":22,"column":29}},"15":{"start":{"line":28,"column":29},"end":{"line":33,"column":1}},"16":{"start":{"line":29,"column":18},"end":{"line":29,"column":35}},"17":{"start":{"line":30,"column":2},"end":{"line":30,"column":32}},"18":{"start":{"line":31,"column":17},"end":{"line":31,"column":88}},"19":{"start":{"line":32,"column":2},"end":{"line":32,"column":37}},"20":{"start":{"line":28,"column":13},"end":{"line":28,"column":29}},"21":{"start":{"line":36,"column":28},"end":{"line":54,"column":1}},"22":{"start":{"line":37,"column":16},"end":{"line":44,"column":4}},"23":{"start":{"line":45,"column":18},"end":{"line":45,"column":35}},"24":{"start":{"line":46,"column":2},"end":{"line":46,"column":32}},"25":{"start":{"line":47,"column":2},"end":{"line":47,"column":45}},"26":{"start":{"line":48,"column":2},"end":{"line":48,"column":51}},"27":{"start":{"line":49,"column":2},"end":{"line":49,"column":45}},"28":{"start":{"line":50,"column":2},"end":{"line":50,"column":45}},"29":{"start":{"line":52,"column":2},"end":{"line":52,"column":29}},"30":{"start":{"line":53,"column":2},"end":{"line":53,"column":52}},"31":{"start":{"line":36,"column":13},"end":{"line":36,"column":28}},"32":{"start":{"line":57,"column":28},"end":{"line":62,"column":1}},"33":{"start":{"line":58,"column":18},"end":{"line":58,"column":35}},"34":{"start":{"line":59,"column":2},"end":{"line":59,"column":32}},"35":{"start":{"line":60,"column":2},"end":{"line":60,"column":72}},"36":{"start":{"line":61,"column":2},"end":{"line":61,"column":52}},"37":{"start":{"line":57,"column":13},"end":{"line":57,"column":28}}},"fnMap":{"0":{"name":"(anonymous_1)","decl":{"start":{"line":5,"column":25},"end":{"line":5,"column":30}},"loc":{"start":{"line":5,"column":47},"end":{"line":19,"column":1}}},"1":{"name":"(anonymous_2)","decl":{"start":{"line":22,"column":29},"end":{"line":22,"column":34}},"loc":{"start":{"line":22,"column":40},"end":{"line":25,"column":1}}},"2":{"name":"(anonymous_3)","decl":{"start":{"line":28,"column":29},"end":{"line":28,"column":34}},"loc":{"start":{"line":28,"column":50},"end":{"line":33,"column":1}}},"3":{"name":"(anonymous_4)","decl":{"start":{"line":36,"column":28},"end":{"line":36,"column":33}},"loc":{"start":{"line":36,"column":62},"end":{"line":54,"column":1}}},"4":{"name":"(anonymous_5)","decl":{"start":{"line":57,"column":28},"end":{"line":57,"column":33}},"loc":{"start":{"line":57,"column":49},"end":{"line":62,"column":1}}}},"branchMap":{"0":{"loc":{"start":{"line":32,"column":9},"end":{"line":32,"column":36}},"type":"binary-expr","locations":[{"start":{"line":32,"column":9},"end":{"line":32,"column":28}},{"start":{"line":32,"column":32},"end":{"line":32,"column":36}}]}},"s":{"0":1,"1":1,"2":1,"3":1,"4":1,"5":1,"6":1,"7":1,"8":1,"9":1,"10":1,"11":1,"12":1,"13":1,"14":1,"15":1,"16":1,"17":1,"18":1,"19":1,"20":1,"21":1,"22":1,"23":1,"24":1,"25":1,"26":1,"27":1,"28":1,"29":1,"30":1,"31":1,"32":1,"33":1,"34":1,"35":1,"36":1,"37":1},"f":{"0":1,"1":1,"2":1,"3":1,"4":1},"b":{"0":[1,0]}}
,"C:\\Users\\pc\\Desktop\\Famers-digital-Market\\src\\services\\logisticsServices.ts": {"path":"C:\\Users\\pc\\Desktop\\Famers-digital-Market\\src\\services\\logisticsServices.ts","statementMap":{"0":{"start":{"line":1,"column":0},"end":{"line":1,"column":83}},"1":{"start":{"line":3,"column":13},"end":{"line":30,"column":2}},"2":{"start":{"line":5,"column":4},"end":{"line":5,"column":55}},"3":{"start":{"line":9,"column":4},"end":{"line":9,"column":58}},"4":{"start":{"line":13,"column":4},"end":{"line":15,"column":5}},"5":{"start":{"line":14,"column":6},"end":{"line":14,"column":59}},"6":{"start":{"line":16,"column":4},"end":{"line":16,"column":64}},"7":{"start":{"line":20,"column":21},"end":{"line":20,"column":67}},"8":{"start":{"line":21,"column":4},"end":{"line":21,"column":65}},"9":{"start":{"line":21,"column":19},"end":{"line":21,"column":65}},"10":{"start":{"line":22,"column":4},"end":{"line":22,"column":68}},"11":{"start":{"line":26,"column":21},"end":{"line":26,"column":67}},"12":{"start":{"line":27,"column":4},"end":{"line":27,"column":65}},"13":{"start":{"line":27,"column":19},"end":{"line":27,"column":65}},"14":{"start":{"line":28,"column":4},"end":{"line":28,"column":57}}},"fnMap":{"0":{"name":"(anonymous_0)","decl":{"start":{"line":4,"column":2},"end":{"line":4,"column":7}},"loc":{"start":{"line":4,"column":23},"end":{"line":6,"column":3}}},"1":{"name":"(anonymous_1)","decl":{"start":{"line":8,"column":2},"end":{"line":8,"column":7}},"loc":{"start":{"line":8,"column":35},"end":{"line":10,"column":3}}},"2":{"name":"(anonymous_2)","decl":{"start":{"line":12,"column":2},"end":{"line":12,"column":7}},"loc":{"start":{"line":12,"column":44},"end":{"line":17,"column":3}}},"3":{"name":"(anonymous_3)","decl":{"start":{"line":19,"column":2},"end":{"line":19,"column":7}},"loc":{"start":{"line":19,"column":56},"end":{"line":23,"column":3}}},"4":{"name":"(anonymous_4)","decl":{"start":{"line":25,"column":2},"end":{"line":25,"column":7}},"loc":{"start":{"line":25,"column":34},"end":{"line":29,"column":3}}}},"branchMap":{"0":{"loc":{"start":{"line":13,"column":4},"end":{"line":15,"column":5}},"type":"if","locations":[{"start":{"line":13,"column":4},"end":{"line":15,"column":5}},{"start":{},"end":{}}]},"1":{"loc":{"start":{"line":13,"column":8},"end":{"line":13,"column":74}},"type":"binary-expr","locations":[{"start":{"line":13,"column":8},"end":{"line":13,"column":27}},{"start":{"line":13,"column":31},"end":{"line":13,"column":53}},{"start":{"line":13,"column":57},"end":{"line":13,"column":74}}]},"2":{"loc":{"start":{"line":21,"column":4},"end":{"line":21,"column":65}},"type":"if","locations":[{"start":{"line":21,"column":4},"end":{"line":21,"column":65}},{"start":{},"end":{}}]},"3":{"loc":{"start":{"line":27,"column":4},"end":{"line":27,"column":65}},"type":"if","locations":[{"start":{"line":27,"column":4},"end":{"line":27,"column":65}},{"start":{},"end":{}}]}},"s":{"0":2,"1":2,"2":1,"3":1,"4":2,"5":1,"6":1,"7":2,"8":2,"9":1,"10":1,"11":2,"12":2,"13":1,"14":1},"f":{"0":1,"1":1,"2":2,"3":2,"4":2},"b":{"0":[1,1],"1":[2,1,1],"2":[1,1],"3":[1,1]}}
,"C:\\Users\\pc\\Desktop\\Famers-digital-Market\\src\\services\\marketServices.ts": {"path":"C:\\Users\\pc\\Desktop\\Famers-digital-Market\\src\\services\\marketServices.ts","statementMap":{"0":{"start":{"line":19,"column":0},"end":{"line":19,"column":7}},"1":{"start":{"line":1,"column":0},"end":{"line":1,"column":61}},"2":{"start":{"line":9,"column":31},"end":{"line":11,"column":1}},"3":{"start":{"line":10,"column":2},"end":{"line":10,"column":42}},"4":{"start":{"line":9,"column":13},"end":{"line":9,"column":31}},"5":{"start":{"line":13,"column":31},"end":{"line":17,"column":1}},"6":{"start":{"line":14,"column":17},"end":{"line":14,"column":51}},"7":{"start":{"line":15,"column":2},"end":{"line":15,"column":51}},"8":{"start":{"line":15,"column":15},"end":{"line":15,"column":51}},"9":{"start":{"line":16,"column":2},"end":{"line":16,"column":16}},"10":{"start":{"line":13,"column":13},"end":{"line":13,"column":31}},"11":{"start":{"line":20,"column":2},"end":{"line":20,"column":42}}},"fnMap":{"0":{"name":"(anonymous_9)","decl":{"start":{"line":9,"column":31},"end":{"line":9,"column":36}},"loc":{"start":{"line":9,"column":61},"end":{"line":11,"column":1}}},"1":{"name":"(anonymous_10)","decl":{"start":{"line":13,"column":31},"end":{"line":13,"column":36}},"loc":{"start":{"line":13,"column":69},"end":{"line":17,"column":1}}},"2":{"name":"getallMarket","decl":{"start":{"line":19,"column":22},"end":{"line":19,"column":34}},"loc":{"start":{"line":19,"column":34},"end":{"line":21,"column":1}}}},"branchMap":{"0":{"loc":{"start":{"line":15,"column":2},"end":{"line":15,"column":51}},"type":"if","locations":[{"start":{"line":15,"column":2},"end":{"line":15,"column":51}},{"start":{},"end":{}}]}},"s":{"0":2,"1":2,"2":2,"3":1,"4":2,"5":2,"6":2,"7":2,"8":1,"9":1,"10":2,"11":0},"f":{"0":1,"1":2,"2":0},"b":{"0":[1,1]}}
,"C:\\Users\\pc\\Desktop\\Famers-digital-Market\\src\\services\\orderServices.ts": {"path":"C:\\Users\\pc\\Desktop\\Famers-digital-Market\\src\\services\\orderServices.ts","statementMap":{"0":{"start":{"line":1,"column":0},"end":{"line":1,"column":65}},"1":{"start":{"line":3,"column":27},"end":{"line":5,"column":1}},"2":{"start":{"line":4,"column":2},"end":{"line":4,"column":50}},"3":{"start":{"line":3,"column":13},"end":{"line":3,"column":27}},"4":{"start":{"line":7,"column":25},"end":{"line":9,"column":1}},"5":{"start":{"line":8,"column":2},"end":{"line":8,"column":43}},"6":{"start":{"line":7,"column":13},"end":{"line":7,"column":25}},"7":{"start":{"line":11,"column":28},"end":{"line":13,"column":1}},"8":{"start":{"line":12,"column":2},"end":{"line":12,"column":48}},"9":{"start":{"line":11,"column":13},"end":{"line":11,"column":28}},"10":{"start":{"line":15,"column":27},"end":{"line":17,"column":1}},"11":{"start":{"line":16,"column":2},"end":{"line":16,"column":54}},"12":{"start":{"line":15,"column":13},"end":{"line":15,"column":27}},"13":{"start":{"line":19,"column":27},"end":{"line":21,"column":1}},"14":{"start":{"line":20,"column":2},"end":{"line":20,"column":47}},"15":{"start":{"line":19,"column":13},"end":{"line":19,"column":27}}},"fnMap":{"0":{"name":"(anonymous_9)","decl":{"start":{"line":3,"column":27},"end":{"line":3,"column":32}},"loc":{"start":{"line":3,"column":69},"end":{"line":5,"column":1}}},"1":{"name":"(anonymous_10)","decl":{"start":{"line":7,"column":25},"end":{"line":7,"column":30}},"loc":{"start":{"line":7,"column":36},"end":{"line":9,"column":1}}},"2":{"name":"(anonymous_11)","decl":{"start":{"line":11,"column":28},"end":{"line":11,"column":33}},"loc":{"start":{"line":11,"column":49},"end":{"line":13,"column":1}}},"3":{"name":"(anonymous_12)","decl":{"start":{"line":15,"column":27},"end":{"line":15,"column":32}},"loc":{"start":{"line":15,"column":90},"end":{"line":17,"column":1}}},"4":{"name":"(anonymous_13)","decl":{"start":{"line":19,"column":27},"end":{"line":19,"column":32}},"loc":{"start":{"line":19,"column":48},"end":{"line":21,"column":1}}}},"branchMap":{},"s":{"0":1,"1":1,"2":1,"3":1,"4":1,"5":1,"6":1,"7":1,"8":1,"9":1,"10":1,"11":1,"12":1,"13":1,"14":1,"15":1},"f":{"0":1,"1":1,"2":1,"3":1,"4":1},"b":{}}
,"C:\\Users\\pc\\Desktop\\Famers-digital-Market\\src\\services\\paymentServices.ts": {"path":"C:\\Users\\pc\\Desktop\\Famers-digital-Market\\src\\services\\paymentServices.ts","statementMap":{"0":{"start":{"line":1,"column":0},"end":{"line":1,"column":68}},"1":{"start":{"line":4,"column":13},"end":{"line":10,"column":2}},"2":{"start":{"line":5,"column":16},"end":{"line":5,"column":42}},"3":{"start":{"line":6,"column":27},"end":{"line":6,"column":56}},"4":{"start":{"line":7,"column":52},"end":{"line":7,"column":85}},"5":{"start":{"line":8,"column":53},"end":{"line":8,"column":90}},"6":{"start":{"line":9,"column":26},"end":{"line":9,"column":54}}},"fnMap":{"0":{"name":"(anonymous_0)","decl":{"start":{"line":5,"column":10},"end":{"line":5,"column":13}},"loc":{"start":{"line":5,"column":16},"end":{"line":5,"column":42}}},"1":{"name":"(anonymous_1)","decl":{"start":{"line":6,"column":11},"end":{"line":6,"column":12}},"loc":{"start":{"line":6,"column":27},"end":{"line":6,"column":56}}},"2":{"name":"(anonymous_2)","decl":{"start":{"line":7,"column":10},"end":{"line":7,"column":11}},"loc":{"start":{"line":7,"column":52},"end":{"line":7,"column":85}}},"3":{"name":"(anonymous_3)","decl":{"start":{"line":8,"column":10},"end":{"line":8,"column":11}},"loc":{"start":{"line":8,"column":53},"end":{"line":8,"column":90}}},"4":{"name":"(anonymous_4)","decl":{"start":{"line":9,"column":10},"end":{"line":9,"column":11}},"loc":{"start":{"line":9,"column":26},"end":{"line":9,"column":54}}}},"branchMap":{},"s":{"0":1,"1":1,"2":1,"3":1,"4":1,"5":1,"6":1},"f":{"0":1,"1":1,"2":1,"3":1,"4":1},"b":{}}
,"C:\\Users\\pc\\Desktop\\Famers-digital-Market\\src\\services\\productServices.ts": {"path":"C:\\Users\\pc\\Desktop\\Famers-digital-Market\\src\\services\\productServices.ts","statementMap":{"0":{"start":{"line":1,"column":0},"end":{"line":1,"column":63}},"1":{"start":{"line":3,"column":26},"end":{"line":10,"column":1}},"2":{"start":{"line":4,"column":2},"end":{"line":6,"column":3}},"3":{"start":{"line":5,"column":4},"end":{"line":5,"column":60}},"4":{"start":{"line":8,"column":2},"end":{"line":8,"column":43}},"5":{"start":{"line":9,"column":2},"end":{"line":9,"column":51}},"6":{"start":{"line":3,"column":13},"end":{"line":3,"column":26}},"7":{"start":{"line":12,"column":30},"end":{"line":14,"column":1}},"8":{"start":{"line":13,"column":2},"end":{"line":13,"column":44}},"9":{"start":{"line":12,"column":13},"end":{"line":12,"column":30}},"10":{"start":{"line":16,"column":30},"end":{"line":27,"column":1}},"11":{"start":{"line":17,"column":2},"end":{"line":19,"column":3}},"12":{"start":{"line":18,"column":4},"end":{"line":18,"column":49}},"13":{"start":{"line":21,"column":18},"end":{"line":21,"column":50}},"14":{"start":{"line":22,"column":2},"end":{"line":24,"column":3}},"15":{"start":{"line":23,"column":4},"end":{"line":23,"column":41}},"16":{"start":{"line":26,"column":2},"end":{"line":26,"column":17}},"17":{"start":{"line":16,"column":13},"end":{"line":16,"column":30}},"18":{"start":{"line":28,"column":29},"end":{"line":43,"column":1}},"19":{"start":{"line":29,"column":2},"end":{"line":31,"column":3}},"20":{"start":{"line":30,"column":4},"end":{"line":30,"column":49}},"21":{"start":{"line":33,"column":26},"end":{"line":33,"column":58}},"22":{"start":{"line":34,"column":2},"end":{"line":36,"column":3}},"23":{"start":{"line":35,"column":4},"end":{"line":35,"column":41}},"24":{"start":{"line":37,"column":2},"end":{"line":39,"column":3}},"25":{"start":{"line":38,"column":4},"end":{"line":38,"column":56}},"26":{"start":{"line":41,"column":2},"end":{"line":41,"column":51}},"27":{"start":{"line":42,"column":2},"end":{"line":42,"column":53}},"28":{"start":{"line":28,"column":13},"end":{"line":28,"column":29}},"29":{"start":{"line":44,"column":29},"end":{"line":52,"column":1}},"30":{"start":{"line":45,"column":2},"end":{"line":45,"column":62}},"31":{"start":{"line":45,"column":17},"end":{"line":45,"column":62}},"32":{"start":{"line":47,"column":26},"end":{"line":47,"column":58}},"33":{"start":{"line":48,"column":2},"end":{"line":48,"column":36}},"34":{"start":{"line":48,"column":24},"end":{"line":48,"column":36}},"35":{"start":{"line":50,"column":2},"end":{"line":50,"column":38}},"36":{"start":{"line":51,"column":2},"end":{"line":51,"column":53}},"37":{"start":{"line":44,"column":13},"end":{"line":44,"column":29}}},"fnMap":{"0":{"name":"(anonymous_9)","decl":{"start":{"line":3,"column":26},"end":{"line":3,"column":31}},"loc":{"start":{"line":3,"column":49},"end":{"line":10,"column":1}}},"1":{"name":"(anonymous_10)","decl":{"start":{"line":12,"column":30},"end":{"line":12,"column":35}},"loc":{"start":{"line":12,"column":41},"end":{"line":14,"column":1}}},"2":{"name":"(anonymous_11)","decl":{"start":{"line":16,"column":30},"end":{"line":16,"column":35}},"loc":{"start":{"line":16,"column":51},"end":{"line":27,"column":1}}},"3":{"name":"(anonymous_12)","decl":{"start":{"line":28,"column":29},"end":{"line":28,"column":34}},"loc":{"start":{"line":28,"column":68},"end":{"line":43,"column":1}}},"4":{"name":"(anonymous_13)","decl":{"start":{"line":44,"column":29},"end":{"line":44,"column":34}},"loc":{"start":{"line":44,"column":50},"end":{"line":52,"column":1}}}},"branchMap":{"0":{"loc":{"start":{"line":4,"column":2},"end":{"line":6,"column":3}},"type":"if","locations":[{"start":{"line":4,"column":2},"end":{"line":6,"column":3}},{"start":{},"end":{}}]},"1":{"loc":{"start":{"line":4,"column":6},"end":{"line":4,"column":45}},"type":"binary-expr","locations":[{"start":{"line":4,"column":6},"end":{"line":4,"column":27}},{"start":{"line":4,"column":31},"end":{"line":4,"column":45}}]},"2":{"loc":{"start":{"line":17,"column":2},"end":{"line":19,"column":3}},"type":"if","locations":[{"start":{"line":17,"column":2},"end":{"line":19,"column":3}},{"start":{},"end":{}}]},"3":{"loc":{"start":{"line":22,"column":2},"end":{"line":24,"column":3}},"type":"if","locations":[{"start":{"line":22,"column":2},"end":{"line":24,"column":3}},{"start":{},"end":{}}]},"4":{"loc":{"start":{"line":29,"column":2},"end":{"line":31,"column":3}},"type":"if","locations":[{"start":{"line":29,"column":2},"end":{"line":31,"column":3}},{"start":{},"end":{}}]},"5":{"loc":{"start":{"line":34,"column":2},"end":{"line":36,"column":3}},"type":"if","locations":[{"start":{"line":34,"column":2},"end":{"line":36,"column":3}},{"start":{},"end":{}}]},"6":{"loc":{"start":{"line":37,"column":2},"end":{"line":39,"column":3}},"type":"if","locations":[{"start":{"line":37,"column":2},"end":{"line":39,"column":3}},{"start":{},"end":{}}]},"7":{"loc":{"start":{"line":37,"column":6},"end":{"line":37,"column":49}},"type":"binary-expr","locations":[{"start":{"line":37,"column":6},"end":{"line":37,"column":23}},{"start":{"line":37,"column":27},"end":{"line":37,"column":49}}]},"8":{"loc":{"start":{"line":45,"column":2},"end":{"line":45,"column":62}},"type":"if","locations":[{"start":{"line":45,"column":2},"end":{"line":45,"column":62}},{"start":{},"end":{}}]},"9":{"loc":{"start":{"line":48,"column":2},"end":{"line":48,"column":36}},"type":"if","locations":[{"start":{"line":48,"column":2},"end":{"line":48,"column":36}},{"start":{},"end":{}}]}},"s":{"0":2,"1":2,"2":2,"3":1,"4":1,"5":1,"6":2,"7":2,"8":1,"9":2,"10":2,"11":3,"12":1,"13":2,"14":2,"15":1,"16":1,"17":2,"18":2,"19":4,"20":1,"21":3,"22":3,"23":2,"24":1,"25":0,"26":1,"27":1,"28":2,"29":2,"30":3,"31":1,"32":2,"33":2,"34":1,"35":1,"36":1,"37":2},"f":{"0":2,"1":1,"2":3,"3":4,"4":3},"b":{"0":[1,1],"1":[2,1],"2":[1,2],"3":[1,1],"4":[1,3],"5":[2,1],"6":[0,1],"7":[1,1],"8":[1,2],"9":[1,1]}}
}
