TN:
SF:src\index.ts
FN:25,(anonymous_1)
FN:61,(anonymous_2)
FNF:2
FNH:0
FNDA:0,(anonymous_1)
FNDA:0,(anonymous_2)
DA:1,0
DA:2,0
DA:3,0
DA:4,0
DA:5,0
DA:6,0
DA:7,0
DA:8,0
DA:9,0
DA:10,0
DA:11,0
DA:12,0
DA:13,0
DA:14,0
DA:15,0
DA:16,0
DA:17,0
DA:18,0
DA:19,0
DA:20,0
DA:23,0
DA:25,0
DA:26,0
DA:29,0
DA:30,0
DA:35,0
DA:36,0
DA:39,0
DA:40,0
DA:43,0
DA:44,0
DA:45,0
DA:46,0
DA:49,0
DA:50,0
DA:51,0
DA:52,0
DA:53,0
DA:54,0
DA:55,0
DA:56,0
DA:57,0
DA:58,0
DA:61,0
DA:62,0
DA:65,0
DA:68,0
DA:69,0
LF:48
LH:0
BRF:0
BRH:0
end_of_record
TN:
SF:src\server.ts
FN:12,(anonymous_1)
FN:18,(anonymous_2)
FN:19,(anonymous_3)
FNF:3
FNH:0
FNDA:0,(anonymous_1)
FNDA:0,(anonymous_2)
FNDA:0,(anonymous_3)
DA:1,0
DA:2,0
DA:3,0
DA:6,0
DA:9,0
DA:12,0
DA:13,0
DA:17,0
DA:18,0
DA:19,0
LF:10
LH:0
BRDA:9,0,0,0
BRDA:9,0,1,0
BRF:2
BRH:0
end_of_record
TN:
SF:src\controllers\authControllers.ts
FN:7,(anonymous_0)
FN:19,(anonymous_1)
FN:34,(anonymous_2)
FN:51,(anonymous_3)
FNF:4
FNH:4
FNDA:3,(anonymous_0)
FNDA:4,(anonymous_1)
FNDA:3,(anonymous_2)
FNDA:4,(anonymous_3)
DA:2,2
DA:4,2
DA:6,2
DA:8,3
DA:9,3
DA:10,3
DA:11,1
DA:12,1
DA:14,2
DA:15,2
DA:20,4
DA:21,4
DA:22,4
DA:23,2
DA:26,2
DA:27,1
DA:29,1
DA:35,3
DA:36,3
DA:38,3
DA:39,1
DA:42,2
DA:44,1
DA:46,1
DA:52,4
DA:53,4
DA:54,1
DA:58,3
DA:59,2
DA:60,1
DA:64,1
DA:74,1
DA:76,1
LF:33
LH:33
BRDA:22,0,0,2
BRDA:22,0,1,2
BRDA:22,1,0,4
BRDA:22,1,1,3
BRDA:38,2,0,1
BRDA:38,2,1,2
BRDA:53,3,0,1
BRDA:53,3,1,3
BRDA:59,4,0,1
BRDA:59,4,1,1
BRF:10
BRH:10
end_of_record
TN:
SF:src\controllers\buyerControllers.ts
FN:6,(anonymous_0)
FN:15,(anonymous_1)
FN:24,(anonymous_2)
FN:33,(anonymous_3)
FNF:4
FNH:4
FNDA:2,(anonymous_0)
FNDA:2,(anonymous_1)
FNDA:2,(anonymous_2)
FNDA:2,(anonymous_3)
DA:3,2
DA:5,2
DA:7,2
DA:8,2
DA:9,1
DA:11,1
DA:16,2
DA:17,2
DA:18,1
DA:20,1
DA:25,2
DA:26,2
DA:27,1
DA:29,1
DA:34,2
DA:35,2
DA:36,1
DA:38,1
LF:18
LH:18
BRF:0
BRH:0
end_of_record
TN:
SF:src\controllers\cartController.ts
FN:8,(anonymous_0)
FN:48,(anonymous_1)
FN:65,(anonymous_2)
FN:88,(anonymous_3)
FN:107,(anonymous_4)
FN:124,(anonymous_5)
FNF:6
FNH:6
FNDA:6,(anonymous_0)
FNDA:3,(anonymous_1)
FNDA:3,(anonymous_2)
FNDA:2,(anonymous_3)
FNDA:2,(anonymous_4)
FNDA:2,(anonymous_5)
DA:3,2
DA:4,2
DA:6,2
DA:9,6
DA:10,6
DA:11,6
DA:14,6
DA:15,6
DA:17,6
DA:18,2
DA:20,2
DA:21,2
DA:22,2
DA:25,6
DA:26,1
DA:27,1
DA:30,5
DA:31,5
DA:33,5
DA:35,5
DA:36,2
DA:39,3
DA:40,2
DA:42,1
DA:43,1
DA:49,3
DA:50,3
DA:51,3
DA:53,3
DA:54,1
DA:57,2
DA:58,1
DA:60,1
DA:66,3
DA:67,3
DA:68,3
DA:70,3
DA:71,0
DA:74,3
DA:76,3
DA:77,2
DA:80,1
DA:81,1
DA:83,0
DA:89,2
DA:90,2
DA:91,2
DA:93,2
DA:94,1
DA:97,1
DA:99,1
DA:100,1
DA:102,0
DA:108,2
DA:109,2
DA:110,2
DA:112,2
DA:113,1
DA:116,1
DA:117,1
DA:119,0
DA:125,2
DA:126,2
DA:127,2
DA:129,2
DA:130,1
DA:133,1
DA:134,1
DA:136,0
LF:69
LH:64
BRDA:17,0,0,2
BRDA:17,0,1,4
BRDA:25,1,0,1
BRDA:25,1,1,5
BRDA:35,2,0,2
BRDA:35,2,1,3
BRDA:35,3,0,5
BRDA:35,3,1,4
BRDA:35,3,2,3
BRDA:53,4,0,1
BRDA:53,4,1,2
BRDA:70,5,0,0
BRDA:70,5,1,3
BRDA:76,6,0,2
BRDA:76,6,1,1
BRDA:76,7,0,3
BRDA:76,7,1,2
BRDA:93,8,0,1
BRDA:93,8,1,1
BRDA:112,9,0,1
BRDA:112,9,1,1
BRDA:129,10,0,1
BRDA:129,10,1,1
BRF:23
BRH:22
end_of_record
TN:
SF:src\controllers\farmersController.ts
FN:6,(anonymous_0)
FN:15,(anonymous_1)
FN:24,(anonymous_2)
FN:39,(anonymous_3)
FNF:4
FNH:4
FNDA:3,(anonymous_0)
FNDA:4,(anonymous_1)
FNDA:8,(anonymous_2)
FNDA:3,(anonymous_3)
DA:3,3
DA:5,3
DA:7,3
DA:8,3
DA:9,2
DA:11,1
DA:16,4
DA:17,4
DA:18,2
DA:20,2
DA:25,8
DA:26,8
DA:28,8
DA:29,3
DA:32,5
DA:33,4
DA:35,1
DA:40,3
DA:41,3
DA:42,2
DA:44,1
LF:21
LH:21
BRDA:28,0,0,3
BRDA:28,0,1,5
BRDA:28,1,0,8
BRDA:28,1,1,4
BRF:4
BRH:4
end_of_record
TN:
SF:src\controllers\logisticsController.ts
FN:6,(anonymous_0)
FN:15,(anonymous_1)
FN:24,(anonymous_2)
FN:33,(anonymous_3)
FN:42,(anonymous_4)
FN:58,(anonymous_5)
FN:67,(anonymous_6)
FN:76,(anonymous_7)
FNF:8
FNH:8
FNDA:2,(anonymous_0)
FNDA:2,(anonymous_1)
FNDA:2,(anonymous_2)
FNDA:2,(anonymous_3)
FNDA:3,(anonymous_4)
FNDA:2,(anonymous_5)
FNDA:2,(anonymous_6)
FNDA:2,(anonymous_7)
DA:3,2
DA:5,2
DA:7,2
DA:8,2
DA:9,1
DA:11,1
DA:16,2
DA:17,2
DA:18,1
DA:20,1
DA:25,2
DA:26,2
DA:27,1
DA:29,1
DA:34,2
DA:35,2
DA:36,1
DA:38,1
DA:43,3
DA:44,3
DA:45,3
DA:46,3
DA:47,1
DA:49,2
DA:50,1
DA:51,1
DA:53,1
DA:54,1
DA:59,2
DA:60,2
DA:61,1
DA:63,1
DA:68,2
DA:69,2
DA:70,1
DA:72,1
DA:77,2
DA:78,2
DA:79,1
DA:81,1
LF:40
LH:40
BRDA:46,0,0,1
BRDA:46,0,1,2
BRF:2
BRH:2
end_of_record
TN:
SF:src\controllers\orderController.ts
FN:8,(anonymous_0)
FN:34,(anonymous_1)
FN:43,(anonymous_2)
FN:52,(anonymous_3)
FN:81,(anonymous_4)
FN:90,(anonymous_5)
FNF:6
FNH:0
FNDA:0,(anonymous_0)
FNDA:0,(anonymous_1)
FNDA:0,(anonymous_2)
FNDA:0,(anonymous_3)
FNDA:0,(anonymous_4)
FNDA:0,(anonymous_5)
DA:3,1
DA:4,1
DA:5,1
DA:7,1
DA:9,0
DA:10,0
DA:11,0
DA:14,0
DA:15,0
DA:17,0
DA:18,0
DA:19,0
DA:22,0
DA:23,0
DA:25,0
DA:26,0
DA:27,0
DA:29,0
DA:30,0
DA:35,0
DA:36,0
DA:37,0
DA:39,0
DA:44,0
DA:45,0
DA:46,0
DA:48,0
DA:53,0
DA:54,0
DA:57,0
DA:59,0
DA:60,0
DA:61,0
DA:63,0
DA:64,0
DA:66,0
DA:67,0
DA:68,0
DA:70,0
DA:72,0
DA:75,0
DA:77,0
DA:82,0
DA:83,0
DA:84,0
DA:86,0
DA:91,0
DA:92,0
DA:93,0
DA:95,0
LF:50
LH:4
BRDA:17,0,0,0
BRDA:17,0,1,0
BRDA:57,1,0,0
BRDA:57,1,1,0
BRDA:60,2,0,0
BRDA:60,2,1,0
BRDA:64,3,0,0
BRDA:64,3,1,0
BRDA:67,4,0,0
BRDA:67,4,1,0
BRF:10
BRH:0
end_of_record
TN:
SF:src\controllers\paymentController.ts
FN:6,(anonymous_0)
FN:15,(anonymous_1)
FN:24,(anonymous_2)
FN:33,(anonymous_3)
FN:42,(anonymous_4)
FN:52,(anonymous_5)
FN:62,(anonymous_6)
FNF:7
FNH:0
FNDA:0,(anonymous_0)
FNDA:0,(anonymous_1)
FNDA:0,(anonymous_2)
FNDA:0,(anonymous_3)
FNDA:0,(anonymous_4)
FNDA:0,(anonymous_5)
FNDA:0,(anonymous_6)
DA:3,1
DA:5,1
DA:7,0
DA:8,0
DA:9,0
DA:11,0
DA:16,0
DA:17,0
DA:18,0
DA:20,0
DA:25,0
DA:26,0
DA:27,0
DA:29,0
DA:34,0
DA:35,0
DA:36,0
DA:38,0
DA:43,0
DA:44,0
DA:45,0
DA:46,0
DA:48,0
DA:53,0
DA:54,0
DA:55,0
DA:56,0
DA:58,0
DA:63,0
DA:64,0
DA:65,0
DA:67,0
LF:32
LH:2
BRF:0
BRH:0
end_of_record
TN:
SF:src\controllers\productController.ts
FN:7,(anonymous_0)
FN:63,(anonymous_1)
FN:72,(anonymous_2)
FN:81,(anonymous_3)
FN:91,(anonymous_4)
FN:100,(anonymous_5)
FN:109,(anonymous_6)
FNF:7
FNH:7
FNDA:5,(anonymous_0)
FNDA:2,(anonymous_1)
FNDA:2,(anonymous_2)
FNDA:2,(anonymous_3)
FNDA:2,(anonymous_4)
FNDA:2,(anonymous_5)
FNDA:3,(anonymous_6)
DA:3,2
DA:4,2
DA:6,2
DA:8,5
DA:9,5
DA:10,5
DA:11,5
DA:13,5
DA:14,4
DA:16,4
DA:17,0
DA:18,0
DA:22,4
DA:23,4
DA:25,4
DA:26,2
DA:28,2
DA:29,2
DA:30,2
DA:33,4
DA:34,1
DA:35,1
DA:38,3
DA:39,3
DA:42,3
DA:52,3
DA:54,3
DA:55,2
DA:56,2
DA:58,2
DA:59,2
DA:64,2
DA:65,2
DA:66,1
DA:68,1
DA:73,2
DA:74,2
DA:75,1
DA:77,1
DA:82,2
DA:83,2
DA:84,2
DA:85,1
DA:87,1
DA:92,2
DA:93,2
DA:94,1
DA:96,1
DA:101,2
DA:102,2
DA:103,1
DA:105,1
DA:110,3
DA:111,3
DA:112,3
DA:116,2
DA:118,1
LF:57
LH:55
BRDA:16,0,0,0
BRDA:16,0,1,4
BRDA:25,1,0,2
BRDA:25,1,1,2
BRDA:33,2,0,1
BRDA:33,2,1,3
BRF:6
BRH:5
end_of_record
TN:
SF:src\controllers\uploadController.ts
FN:9,(anonymous_1)
FN:17,(anonymous_2)
FN:26,(anonymous_3)
FN:51,(anonymous_4)
FN:72,(anonymous_5)
FNF:5
FNH:0
FNDA:0,(anonymous_1)
FNDA:0,(anonymous_2)
FNDA:0,(anonymous_3)
FNDA:0,(anonymous_4)
FNDA:0,(anonymous_5)
DA:3,1
DA:4,1
DA:5,1
DA:8,1
DA:10,0
DA:12,0
DA:13,0
DA:15,0
DA:19,0
DA:20,0
DA:21,0
DA:26,1
DA:27,0
DA:28,0
DA:29,0
DA:31,0
DA:32,0
DA:34,0
DA:39,1
DA:47,1
DA:52,0
DA:53,0
DA:54,0
DA:58,0
DA:60,0
DA:66,0
DA:73,0
DA:74,0
DA:75,0
DA:77,0
DA:78,0
DA:79,0
DA:81,0
DA:84,0
LF:34
LH:7
BRDA:12,0,0,0
BRDA:12,0,1,0
BRDA:31,1,0,0
BRDA:31,1,1,0
BRDA:31,2,0,0
BRDA:31,2,1,0
BRDA:53,3,0,0
BRDA:53,3,1,0
BRDA:77,4,0,0
BRDA:77,4,1,0
BRF:10
BRH:0
end_of_record
TN:
SF:src\controllers\userControllers.ts
FN:6,(anonymous_0)
FN:15,(anonymous_1)
FN:29,(anonymous_2)
FN:38,(anonymous_3)
FN:47,(anonymous_4)
FN:61,(anonymous_5)
FNF:6
FNH:6
FNDA:2,(anonymous_0)
FNDA:4,(anonymous_1)
FNDA:2,(anonymous_2)
FNDA:2,(anonymous_3)
FNDA:4,(anonymous_4)
FNDA:2,(anonymous_5)
DA:2,2
DA:5,2
DA:7,2
DA:8,2
DA:9,1
DA:11,1
DA:16,4
DA:18,4
DA:19,1
DA:22,3
DA:23,2
DA:25,1
DA:30,2
DA:31,2
DA:32,1
DA:34,1
DA:39,2
DA:40,2
DA:41,1
DA:43,1
DA:48,4
DA:50,4
DA:51,1
DA:54,3
DA:55,2
DA:57,1
DA:62,2
DA:63,2
DA:64,1
DA:66,1
LF:30
LH:30
BRDA:18,0,0,1
BRDA:18,0,1,3
BRDA:18,1,0,4
BRDA:18,1,1,2
BRDA:50,2,0,1
BRDA:50,2,1,3
BRDA:50,3,0,4
BRDA:50,3,1,3
BRF:8
BRH:8
end_of_record
TN:
SF:src\db\config.ts
FN:37,(anonymous_1)
FNF:1
FNH:1
FNDA:74,(anonymous_1)
DA:2,34
DA:3,34
DA:4,34
DA:6,34
DA:9,34
DA:12,34
DA:13,34
DA:14,34
DA:15,34
DA:16,34
DA:19,34
DA:37,34
DA:38,74
DA:39,74
DA:40,74
DA:41,74
DA:43,0
DA:44,0
DA:49,34
DA:55,34
DA:56,34
LF:21
LH:19
BRDA:24,0,0,34
BRDA:24,0,1,0
BRDA:52,1,0,34
BRDA:52,1,1,0
BRF:4
BRH:2
end_of_record
TN:
SF:src\middleware\authMiddleware.ts
FN:9,(anonymous_1)
FN:36,(anonymous_2)
FN:37,(anonymous_3)
FNF:3
FNH:1
FNDA:0,(anonymous_1)
FNDA:4,(anonymous_2)
FNDA:0,(anonymous_3)
DA:2,10
DA:9,10
DA:10,0
DA:11,0
DA:13,0
DA:14,0
DA:15,0
DA:18,0
DA:19,0
DA:21,0
DA:22,0
DA:25,0
DA:30,0
DA:32,0
DA:36,10
DA:37,4
DA:38,0
DA:39,0
DA:42,0
DA:43,0
DA:46,0
LF:21
LH:4
BRDA:11,0,0,0
BRDA:11,0,1,0
BRDA:14,1,0,0
BRDA:14,1,1,0
BRDA:14,2,0,0
BRDA:14,2,1,0
BRDA:21,3,0,0
BRDA:21,3,1,0
BRDA:21,4,0,0
BRDA:21,4,1,0
BRDA:38,5,0,0
BRDA:38,5,1,0
BRDA:42,6,0,0
BRDA:42,6,1,0
BRF:14
BRH:0
end_of_record
TN:
SF:src\middleware\logger.ts
FN:3,(anonymous_0)
FN:8,(anonymous_1)
FNF:2
FNH:0
FNDA:0,(anonymous_0)
FNDA:0,(anonymous_1)
DA:3,0
DA:4,0
DA:5,0
DA:8,0
DA:9,0
DA:10,0
DA:13,0
LF:7
LH:0
BRF:0
BRH:0
end_of_record
TN:
SF:src\middleware\rateLimiter.ts
FN:9,(anonymous_0)
FNF:1
FNH:0
FNDA:0,(anonymous_0)
DA:1,0
DA:4,0
DA:9,0
DA:10,0
DA:11,0
DA:12,0
DA:14,0
LF:7
LH:0
BRDA:11,0,0,0
BRDA:11,0,1,0
BRF:2
BRH:0
end_of_record
TN:
SF:src\repository\authRepository.ts
FN:8,(anonymous_0)
FN:17,(anonymous_1)
FN:26,(anonymous_2)
FN:35,(anonymous_3)
FN:62,(anonymous_4)
FN:64,(anonymous_5)
FN:69,(anonymous_6)
FN:76,(anonymous_7)
FN:83,(anonymous_8)
FN:90,(anonymous_9)
FN:102,(anonymous_10)
FN:115,(anonymous_11)
FN:131,(anonymous_12)
FNF:13
FNH:13
FNDA:10,(anonymous_0)
FNDA:1,(anonymous_1)
FNDA:3,(anonymous_2)
FNDA:8,(anonymous_3)
FNDA:2,(anonymous_4)
FNDA:6,(anonymous_5)
FNDA:6,(anonymous_6)
FNDA:5,(anonymous_7)
FNDA:3,(anonymous_8)
FNDA:1,(anonymous_9)
FNDA:9,(anonymous_10)
FNDA:1,(anonymous_11)
FNDA:1,(anonymous_12)
DA:1,4
DA:3,4
DA:9,10
DA:10,10
DA:14,10
DA:18,1
DA:19,1
DA:23,1
DA:27,3
DA:28,3
DA:32,3
DA:43,8
DA:44,8
DA:45,8
DA:59,8
DA:63,2
DA:64,2
DA:65,6
DA:66,6
DA:69,6
DA:71,2
DA:77,5
DA:78,5
DA:84,3
DA:85,3
DA:91,1
DA:92,1
DA:103,9
DA:104,9
DA:116,1
DA:117,1
DA:127,1
DA:132,1
DA:133,1
LF:34
LH:34
BRDA:49,0,0,8
BRDA:49,0,1,5
BRF:2
BRH:2
end_of_record
TN:
SF:src\repository\buyerRepository.ts
FN:5,(anonymous_0)
FN:11,(anonymous_1)
FN:20,(anonymous_2)
FN:29,(anonymous_3)
FN:43,(anonymous_4)
FN:64,(anonymous_5)
FNF:6
FNH:6
FNDA:1,(anonymous_0)
FNDA:1,(anonymous_1)
FNDA:1,(anonymous_2)
FNDA:1,(anonymous_3)
FNDA:1,(anonymous_4)
FNDA:1,(anonymous_5)
DA:2,5
DA:4,5
DA:6,1
DA:7,1
DA:8,1
DA:12,1
DA:13,1
DA:17,1
DA:21,1
DA:22,1
DA:26,1
DA:30,1
DA:31,1
DA:40,1
DA:44,1
DA:46,1
DA:47,1
DA:65,1
DA:66,1
LF:19
LH:19
BRDA:34,0,0,1
BRDA:34,0,1,0
BRF:2
BRH:1
end_of_record
TN:
SF:src\repository\farmersRepository.ts
FN:16,(anonymous_0)
FN:22,(anonymous_1)
FN:31,(anonymous_2)
FN:40,(anonymous_3)
FN:55,(anonymous_4)
FN:69,(anonymous_5)
FNF:6
FNH:6
FNDA:1,(anonymous_0)
FNDA:1,(anonymous_1)
FNDA:1,(anonymous_2)
FNDA:1,(anonymous_3)
FNDA:1,(anonymous_4)
FNDA:1,(anonymous_5)
DA:2,7
DA:15,7
DA:17,1
DA:18,1
DA:19,1
DA:23,1
DA:24,1
DA:28,1
DA:32,1
DA:33,1
DA:37,1
DA:41,1
DA:42,1
DA:52,1
DA:56,1
DA:57,1
DA:70,1
DA:71,1
LF:18
LH:18
BRF:0
BRH:0
end_of_record
TN:
SF:src\repository\logisticsRepository.ts
FN:5,(anonymous_0)
FN:26,(anonymous_1)
FN:38,(anonymous_2)
FN:54,(anonymous_3)
FN:64,(anonymous_4)
FN:82,(anonymous_5)
FN:135,(anonymous_6)
FNF:7
FNH:7
FNDA:1,(anonymous_0)
FNDA:1,(anonymous_1)
FNDA:1,(anonymous_2)
FNDA:1,(anonymous_3)
FNDA:2,(anonymous_4)
FNDA:2,(anonymous_5)
FNDA:1,(anonymous_6)
DA:2,4
DA:4,4
DA:6,1
DA:7,1
DA:23,1
DA:27,1
DA:28,1
DA:35,1
DA:39,1
DA:40,1
DA:51,1
DA:55,1
DA:56,1
DA:61,1
DA:65,2
DA:66,2
DA:67,2
DA:78,2
DA:79,2
DA:83,2
DA:84,2
DA:86,2
DA:87,2
DA:89,2
DA:90,0
DA:91,0
DA:93,2
DA:94,0
DA:95,0
DA:97,2
DA:98,1
DA:99,1
DA:101,2
DA:102,0
DA:103,0
DA:105,2
DA:106,0
DA:107,0
DA:109,2
DA:110,0
DA:111,0
DA:113,2
DA:114,0
DA:115,0
DA:117,2
DA:118,1
DA:119,1
DA:122,2
DA:124,2
DA:126,1
DA:132,1
DA:136,1
DA:137,1
LF:53
LH:41
BRDA:9,0,0,1
BRDA:9,0,1,0
BRDA:13,1,0,1
BRDA:13,1,1,1
BRDA:14,2,0,1
BRDA:14,2,1,1
BRDA:15,3,0,1
BRDA:15,3,1,1
BRDA:16,4,0,1
BRDA:16,4,1,1
BRDA:17,5,0,1
BRDA:17,5,1,1
BRDA:89,6,0,0
BRDA:89,6,1,2
BRDA:93,7,0,0
BRDA:93,7,1,2
BRDA:97,8,0,1
BRDA:97,8,1,1
BRDA:101,9,0,0
BRDA:101,9,1,2
BRDA:105,10,0,0
BRDA:105,10,1,2
BRDA:109,11,0,0
BRDA:109,11,1,2
BRDA:113,12,0,0
BRDA:113,12,1,2
BRDA:117,13,0,1
BRDA:117,13,1,1
BRDA:124,14,0,1
BRDA:124,14,1,1
BRF:30
BRH:23
end_of_record
TN:
SF:src\repository\orderRepository.ts
FN:5,(anonymous_0)
FN:24,(anonymous_1)
FN:41,(anonymous_2)
FN:54,(anonymous_3)
FN:74,(anonymous_4)
FN:89,(anonymous_5)
FN:105,(anonymous_6)
FN:118,(anonymous_7)
FNF:8
FNH:8
FNDA:1,(anonymous_0)
FNDA:1,(anonymous_1)
FNDA:1,(anonymous_2)
FNDA:5,(anonymous_3)
FNDA:1,(anonymous_4)
FNDA:1,(anonymous_5)
FNDA:1,(anonymous_6)
FNDA:1,(anonymous_7)
DA:2,9
DA:4,9
DA:6,1
DA:7,1
DA:21,1
DA:25,1
DA:26,1
DA:27,1
DA:42,1
DA:43,1
DA:51,1
DA:55,5
DA:56,5
DA:71,5
DA:75,1
DA:76,1
DA:86,1
DA:90,1
DA:91,1
DA:102,1
DA:106,1
DA:107,1
DA:119,1
DA:120,1
DA:130,1
LF:25
LH:25
BRF:0
BRH:0
end_of_record
TN:
SF:src\repository\paymentRepository.ts
FN:5,(anonymous_0)
FN:21,(anonymous_1)
FN:34,(anonymous_2)
FN:50,(anonymous_3)
FN:59,(anonymous_4)
FN:80,(anonymous_5)
FNF:6
FNH:6
FNDA:1,(anonymous_0)
FNDA:1,(anonymous_1)
FNDA:1,(anonymous_2)
FNDA:1,(anonymous_3)
FNDA:2,(anonymous_4)
FNDA:1,(anonymous_5)
DA:2,3
DA:4,3
DA:6,1
DA:7,1
DA:18,1
DA:22,1
DA:23,1
DA:31,1
DA:35,1
DA:36,1
DA:47,1
DA:51,1
DA:52,1
DA:56,1
DA:60,2
DA:61,2
DA:65,2
DA:67,2
DA:68,1
DA:69,1
DA:71,2
DA:72,1
DA:73,1
DA:76,2
DA:77,2
DA:81,1
DA:82,1
DA:91,1
LF:28
LH:28
BRDA:67,0,0,1
BRDA:67,0,1,1
BRDA:71,1,0,1
BRDA:71,1,1,1
BRF:4
BRH:4
end_of_record
TN:
SF:src\repository\productRepository.ts
FN:5,(anonymous_0)
FN:37,(anonymous_1)
FN:50,(anonymous_2)
FN:65,(anonymous_3)
FN:81,(anonymous_4)
FN:130,(anonymous_5)
FN:139,(anonymous_6)
FNF:7
FNH:7
FNDA:6,(anonymous_0)
FNDA:1,(anonymous_1)
FNDA:1,(anonymous_2)
FNDA:3,(anonymous_3)
FNDA:2,(anonymous_4)
FNDA:1,(anonymous_5)
FNDA:2,(anonymous_6)
DA:2,5
DA:4,5
DA:6,6
DA:7,6
DA:8,6
DA:9,6
DA:11,6
DA:27,1
DA:28,1
DA:29,1
DA:30,1
DA:32,5
DA:33,5
DA:38,1
DA:39,1
DA:47,1
DA:51,1
DA:52,1
DA:62,1
DA:66,3
DA:67,3
DA:78,3
DA:82,2
DA:83,2
DA:85,2
DA:86,2
DA:88,2
DA:89,1
DA:90,1
DA:92,2
DA:93,0
DA:94,0
DA:96,2
DA:97,1
DA:98,1
DA:100,2
DA:101,0
DA:102,0
DA:104,2
DA:105,0
DA:106,0
DA:108,2
DA:109,0
DA:110,0
DA:112,2
DA:113,0
DA:114,0
DA:117,2
DA:119,2
DA:121,1
DA:127,1
DA:131,1
DA:133,1
DA:140,2
DA:141,2
DA:150,2
DA:152,2
DA:153,1
DA:154,1
DA:157,2
DA:159,2
DA:160,2
LF:62
LH:52
BRDA:15,0,0,6
BRDA:15,0,1,3
BRDA:19,1,0,6
BRDA:19,1,1,4
BRDA:20,2,0,6
BRDA:20,2,1,5
BRDA:88,3,0,1
BRDA:88,3,1,1
BRDA:92,4,0,0
BRDA:92,4,1,2
BRDA:96,5,0,1
BRDA:96,5,1,1
BRDA:100,6,0,0
BRDA:100,6,1,2
BRDA:104,7,0,0
BRDA:104,7,1,2
BRDA:108,8,0,0
BRDA:108,8,1,2
BRDA:112,9,0,0
BRDA:112,9,1,2
BRDA:119,10,0,1
BRDA:119,10,1,1
BRDA:152,11,0,1
BRDA:152,11,1,1
BRF:24
BRH:19
end_of_record
TN:
SF:src\repository\userRepository.ts
FN:4,(anonymous_0)
FN:10,(anonymous_1)
FN:18,(anonymous_2)
FN:26,(anonymous_3)
FN:43,(anonymous_4)
FN:58,(anonymous_5)
FNF:6
FNH:6
FNDA:1,(anonymous_0)
FNDA:1,(anonymous_1)
FNDA:1,(anonymous_2)
FNDA:1,(anonymous_3)
FNDA:1,(anonymous_4)
FNDA:1,(anonymous_5)
DA:1,4
DA:3,4
DA:5,1
DA:6,1
DA:7,1
DA:11,1
DA:12,1
DA:15,1
DA:19,1
DA:20,1
DA:23,1
DA:27,1
DA:28,1
DA:40,1
DA:44,1
DA:45,1
DA:55,1
DA:59,1
DA:60,1
DA:63,1
LF:20
LH:20
BRF:0
BRH:0
end_of_record
TN:
SF:src\routes\authRoutes.ts
FNF:0
FNH:0
DA:1,1
DA:2,1
DA:3,1
DA:5,1
DA:8,1
DA:9,1
DA:10,1
DA:13,1
DA:15,1
LF:9
LH:9
BRF:0
BRH:0
end_of_record
TN:
SF:src\routes\buyerRoutes.ts
FNF:0
FNH:0
DA:1,1
DA:2,1
DA:3,1
DA:5,1
DA:7,1
DA:8,1
DA:9,1
DA:10,1
DA:12,1
LF:9
LH:9
BRF:0
BRH:0
end_of_record
TN:
SF:src\routes\cartRoutes.ts
FNF:0
FNH:0
DA:2,1
DA:3,1
DA:4,1
DA:6,1
DA:9,1
DA:10,1
DA:13,1
DA:14,1
DA:15,1
DA:16,1
DA:17,1
DA:18,1
DA:20,1
LF:13
LH:13
BRF:0
BRH:0
end_of_record
TN:
SF:src\routes\farmersRoutes.ts
FNF:0
FNH:0
DA:1,1
DA:2,1
DA:3,1
DA:5,1
DA:7,1
DA:8,1
DA:9,1
DA:10,1
DA:12,1
LF:9
LH:9
BRF:0
BRH:0
end_of_record
TN:
SF:src\routes\logisticsRoutes.ts
FNF:0
FNH:0
DA:1,1
DA:2,1
DA:3,1
DA:5,1
DA:8,1
DA:11,1
DA:12,1
DA:13,1
DA:14,1
DA:15,1
DA:18,1
DA:21,1
DA:24,1
DA:26,1
LF:14
LH:14
BRF:0
BRH:0
end_of_record
TN:
SF:src\routes\orderRoutes.ts
FNF:0
FNH:0
DA:1,1
DA:2,1
DA:3,1
DA:5,1
DA:8,1
DA:11,1
DA:14,1
DA:17,1
DA:20,1
DA:23,1
DA:26,1
DA:29,1
DA:31,1
LF:13
LH:13
BRF:0
BRH:0
end_of_record
TN:
SF:src\routes\paymentRoutes.ts
FNF:0
FNH:0
DA:1,1
DA:2,1
DA:3,1
DA:5,1
DA:8,1
DA:11,1
DA:14,1
DA:17,1
DA:20,1
DA:23,1
DA:26,1
DA:29,1
DA:31,1
LF:13
LH:13
BRF:0
BRH:0
end_of_record
TN:
SF:src\routes\productRoutes.ts
FNF:0
FNH:0
DA:1,1
DA:2,1
DA:3,1
DA:5,1
DA:8,1
DA:9,1
DA:10,1
DA:13,1
DA:16,1
DA:17,1
DA:18,1
DA:19,1
DA:20,1
DA:22,1
LF:14
LH:14
BRF:0
BRH:0
end_of_record
TN:
SF:src\routes\uploadRoutes.ts
FNF:0
FNH:0
DA:1,1
DA:2,1
DA:3,1
DA:5,1
DA:8,1
DA:9,1
DA:11,1
LF:7
LH:7
BRF:0
BRH:0
end_of_record
TN:
SF:src\routes\usersRoutes.ts
FNF:0
FNH:0
DA:1,1
DA:2,1
DA:3,1
DA:5,1
DA:8,1
DA:9,1
DA:10,1
DA:11,1
DA:13,1
LF:9
LH:9
BRF:0
BRH:0
end_of_record
TN:
SF:src\services\authService.ts
FN:14,(anonymous_1)
FN:87,(anonymous_2)
FN:108,(anonymous_3)
FN:142,(anonymous_4)
FNF:4
FNH:4
FNDA:13,(anonymous_1)
FNDA:1,(anonymous_2)
FNDA:1,(anonymous_3)
FNDA:2,(anonymous_4)
DA:2,3
DA:3,3
DA:4,3
DA:5,3
DA:6,3
DA:7,3
DA:9,3
DA:23,13
DA:24,12
DA:25,12
DA:26,12
DA:27,12
DA:28,12
DA:30,3
DA:31,3
DA:34,10
DA:35,10
DA:36,10
DA:37,10
DA:38,10
DA:39,10
DA:41,10
DA:44,10
DA:45,10
DA:46,2
DA:47,1
DA:50,1
DA:51,1
DA:52,1
DA:56,8
DA:58,8
DA:68,8
DA:69,8
DA:70,8
DA:74,9
DA:77,9
DA:80,8
DA:83,8
DA:88,1
DA:92,8
DA:109,1
DA:110,1
DA:112,1
DA:113,1
DA:118,0
DA:119,0
DA:121,0
DA:127,0
DA:143,2
DA:144,2
DA:147,1
DA:150,1
DA:153,1
DA:159,1
LF:54
LH:50
BRDA:23,0,0,1
BRDA:23,0,1,12
BRDA:24,1,0,0
BRDA:24,1,1,12
BRDA:25,2,0,0
BRDA:25,2,1,12
BRDA:26,3,0,0
BRDA:26,3,1,12
BRDA:27,4,0,0
BRDA:27,4,1,12
BRDA:28,5,0,3
BRDA:28,5,1,9
BRDA:31,6,0,2
BRDA:31,6,1,1
BRDA:36,7,0,10
BRDA:36,7,1,6
BRDA:39,8,0,10
BRDA:39,8,1,0
BRDA:41,9,0,0
BRDA:41,9,1,10
BRDA:45,10,0,2
BRDA:45,10,1,8
BRDA:46,11,0,1
BRDA:46,11,1,1
BRDA:68,12,0,5
BRDA:68,12,1,3
BRDA:69,13,0,2
BRDA:69,13,1,6
BRDA:70,14,0,0
BRDA:70,14,1,8
BRDA:80,15,0,8
BRDA:80,15,1,1
BRDA:109,16,0,0
BRDA:109,16,1,1
BRDA:110,17,0,0
BRDA:110,17,1,1
BRDA:113,18,0,1
BRDA:113,18,1,0
BRDA:119,19,0,0
BRDA:119,19,1,0
BRDA:144,20,0,1
BRDA:144,20,1,1
BRF:42
BRH:30
end_of_record
TN:
SF:src\services\buyerServices.ts
FN:5,(anonymous_0)
FN:7,(anonymous_1)
FN:13,(anonymous_2)
FN:28,(anonymous_3)
FNF:4
FNH:4
FNDA:1,(anonymous_0)
FNDA:2,(anonymous_1)
FNDA:2,(anonymous_2)
FNDA:2,(anonymous_3)
DA:2,2
DA:4,2
DA:5,1
DA:8,2
DA:9,2
DA:10,1
DA:14,2
DA:15,2
DA:17,1
DA:24,1
DA:25,1
DA:29,2
DA:30,2
DA:32,1
DA:33,1
LF:15
LH:15
BRDA:9,0,0,1
BRDA:9,0,1,1
BRDA:15,1,0,1
BRDA:15,1,1,1
BRDA:18,2,0,1
BRDA:18,2,1,0
BRDA:19,3,0,1
BRDA:19,3,1,1
BRDA:20,4,0,1
BRDA:20,4,1,0
BRDA:21,5,0,1
BRDA:21,5,1,1
BRDA:30,6,0,1
BRDA:30,6,1,1
BRF:14
BRH:12
end_of_record
TN:
SF:src\services\cartServices.ts
FN:6,(anonymous_0)
FN:40,(anonymous_1)
FN:71,(anonymous_2)
FN:97,(anonymous_3)
FN:109,(anonymous_4)
FN:120,(anonymous_5)
FNF:6
FNH:6
FNDA:6,(anonymous_0)
FNDA:2,(anonymous_1)
FNDA:4,(anonymous_2)
FNDA:2,(anonymous_3)
FNDA:2,(anonymous_4)
FNDA:3,(anonymous_5)
DA:2,3
DA:4,3
DA:7,6
DA:10,6
DA:16,6
DA:18,1
DA:25,1
DA:28,5
DA:35,1
DA:41,2
DA:42,2
DA:67,2
DA:72,4
DA:74,4
DA:76,2
DA:82,2
DA:85,2
DA:92,2
DA:98,2
DA:99,2
DA:105,2
DA:110,2
DA:111,2
DA:116,2
DA:121,3
DA:122,3
DA:132,3
LF:27
LH:27
BRDA:16,0,0,1
BRDA:16,0,1,5
BRDA:74,1,0,2
BRDA:74,1,1,2
BRDA:132,2,0,3
BRDA:132,2,1,2
BRF:6
BRH:6
end_of_record
TN:
SF:src\services\farmersServices.ts
FN:5,(anonymous_0)
FN:7,(anonymous_1)
FN:13,(anonymous_2)
FN:26,(anonymous_3)
FNF:4
FNH:4
FNDA:1,(anonymous_0)
FNDA:2,(anonymous_1)
FNDA:3,(anonymous_2)
FNDA:2,(anonymous_3)
DA:2,4
DA:4,4
DA:5,1
DA:8,2
DA:9,2
DA:10,1
DA:14,3
DA:15,3
DA:17,2
DA:22,2
DA:23,2
DA:27,2
DA:28,2
DA:30,1
DA:31,1
LF:15
LH:15
BRDA:9,0,0,1
BRDA:9,0,1,1
BRDA:15,1,0,1
BRDA:15,1,1,2
BRDA:18,2,0,2
BRDA:18,2,1,0
BRDA:19,3,0,1
BRDA:19,3,1,1
BRDA:28,4,0,1
BRDA:28,4,1,1
BRF:10
BRH:9
end_of_record
TN:
SF:src\services\logisticsServices.ts
FN:6,(anonymous_0)
FN:8,(anonymous_1)
FN:14,(anonymous_2)
FN:19,(anonymous_3)
FN:59,(anonymous_4)
FN:66,(anonymous_5)
FN:84,(anonymous_6)
FN:103,(anonymous_7)
FNF:8
FNH:8
FNDA:1,(anonymous_0)
FNDA:2,(anonymous_1)
FNDA:1,(anonymous_2)
FNDA:7,(anonymous_3)
FNDA:2,(anonymous_4)
FNDA:2,(anonymous_5)
FNDA:1,(anonymous_6)
FNDA:2,(anonymous_7)
DA:2,3
DA:3,3
DA:5,3
DA:6,1
DA:9,2
DA:10,2
DA:11,1
DA:15,1
DA:16,1
DA:21,7
DA:22,7
DA:23,4
DA:24,4
DA:25,1
DA:26,1
DA:28,3
DA:29,3
DA:30,0
DA:31,0
DA:35,3
DA:36,3
DA:37,1
DA:40,2
DA:51,2
DA:54,2
DA:56,2
DA:60,2
DA:61,2
DA:62,2
DA:63,2
DA:67,2
DA:68,2
DA:70,1
DA:71,1
DA:72,1
DA:73,1
DA:75,1
DA:76,1
DA:80,1
DA:81,1
DA:85,1
DA:86,1
DA:88,1
DA:99,1
DA:100,1
DA:104,2
DA:105,2
DA:107,1
DA:108,1
LF:49
LH:47
BRDA:10,0,0,1
BRDA:10,0,1,1
BRDA:24,1,0,1
BRDA:24,1,1,3
BRDA:29,2,0,0
BRDA:29,2,1,3
BRDA:29,3,0,3
BRDA:29,3,1,2
BRDA:36,4,0,1
BRDA:36,4,1,2
BRDA:43,5,0,2
BRDA:43,5,1,2
BRDA:44,6,0,2
BRDA:44,6,1,2
BRDA:68,7,0,1
BRDA:68,7,1,1
BRDA:71,8,0,1
BRDA:71,8,1,0
BRDA:72,9,0,1
BRDA:72,9,1,0
BRDA:75,10,0,1
BRDA:75,10,1,0
BRDA:86,11,0,0
BRDA:86,11,1,1
BRDA:89,12,0,1
BRDA:89,12,1,0
BRDA:90,13,0,1
BRDA:90,13,1,1
BRDA:91,14,0,1
BRDA:91,14,1,1
BRDA:92,15,0,1
BRDA:92,15,1,1
BRDA:93,16,0,1
BRDA:93,16,1,1
BRDA:94,17,0,1
BRDA:94,17,1,1
BRDA:95,18,0,1
BRDA:95,18,1,1
BRDA:96,19,0,1
BRDA:96,19,1,1
BRDA:105,20,0,1
BRDA:105,20,1,1
BRF:42
BRH:36
end_of_record
TN:
SF:src\services\orderServices.ts
FN:6,(anonymous_0)
FN:26,(anonymous_1)
FN:38,(anonymous_2)
FN:53,(anonymous_3)
FN:74,(anonymous_4)
FN:76,(anonymous_5)
FN:82,(anonymous_6)
FN:84,(anonymous_7)
FN:86,(anonymous_8)
FN:94,(anonymous_9)
FNF:10
FNH:10
FNDA:2,(anonymous_0)
FNDA:1,(anonymous_1)
FNDA:1,(anonymous_2)
FNDA:1,(anonymous_3)
FNDA:1,(anonymous_4)
FNDA:6,(anonymous_5)
FNDA:1,(anonymous_6)
FNDA:1,(anonymous_7)
FNDA:2,(anonymous_8)
FNDA:1,(anonymous_9)
DA:2,8
DA:3,8
DA:5,8
DA:7,2
DA:10,2
DA:20,2
DA:21,1
DA:25,1
DA:26,1
DA:27,1
DA:28,1
DA:30,1
DA:33,1
DA:36,1
DA:37,1
DA:38,1
DA:40,1
DA:50,1
DA:53,1
DA:60,1
DA:62,1
DA:66,1
DA:71,1
DA:74,1
DA:77,6
DA:78,6
DA:79,1
DA:82,1
DA:84,1
DA:87,2
DA:88,2
DA:90,1
DA:91,1
DA:94,1
LF:34
LH:34
BRDA:20,0,0,1
BRDA:20,0,1,1
BRDA:27,1,0,1
BRDA:27,1,1,0
BRDA:78,2,0,5
BRDA:78,2,1,1
BRDA:78,3,0,6
BRDA:78,3,1,6
BRDA:88,4,0,1
BRDA:88,4,1,1
BRDA:88,5,0,2
BRDA:88,5,1,2
BRF:12
BRH:11
end_of_record
TN:
SF:src\services\paymentServices.ts
FN:6,(anonymous_0)
FN:15,(anonymous_1)
FN:17,(anonymous_2)
FN:23,(anonymous_3)
FN:25,(anonymous_4)
FN:41,(anonymous_5)
FN:57,(anonymous_6)
FNF:7
FNH:7
FNDA:2,(anonymous_0)
FNDA:1,(anonymous_1)
FNDA:2,(anonymous_2)
FNDA:1,(anonymous_3)
FNDA:3,(anonymous_4)
FNDA:1,(anonymous_5)
FNDA:1,(anonymous_6)
DA:2,2
DA:3,2
DA:5,2
DA:8,2
DA:9,2
DA:11,1
DA:12,1
DA:15,1
DA:18,2
DA:19,2
DA:20,1
DA:23,1
DA:26,3
DA:27,3
DA:29,2
DA:30,1
DA:33,1
DA:36,1
DA:38,1
DA:42,1
DA:43,1
DA:45,1
DA:46,0
DA:49,1
DA:52,1
DA:54,1
DA:57,1
LF:27
LH:26
BRDA:9,0,0,1
BRDA:9,0,1,1
BRDA:19,1,0,1
BRDA:19,1,1,1
BRDA:27,2,0,1
BRDA:27,2,1,2
BRDA:29,3,0,1
BRDA:29,3,1,1
BRDA:43,4,0,0
BRDA:43,4,1,1
BRDA:45,5,0,0
BRDA:45,5,1,1
BRF:12
BRH:10
end_of_record
TN:
SF:src\services\productServices.ts
FN:5,(anonymous_0)
FN:17,(anonymous_1)
FN:19,(anonymous_2)
FN:25,(anonymous_3)
FN:27,(anonymous_4)
FN:35,(anonymous_5)
FN:43,(anonymous_6)
FNF:7
FNH:7
FNDA:6,(anonymous_0)
FNDA:1,(anonymous_1)
FNDA:2,(anonymous_2)
FNDA:3,(anonymous_3)
FNDA:2,(anonymous_4)
FNDA:2,(anonymous_5)
FNDA:1,(anonymous_6)
DA:2,4
DA:4,4
DA:6,6
DA:7,6
DA:8,6
DA:9,1
DA:10,1
DA:12,5
DA:13,5
DA:17,1
DA:20,2
DA:21,2
DA:22,1
DA:25,3
DA:28,2
DA:29,2
DA:31,1
DA:32,1
DA:36,2
DA:37,2
DA:39,1
DA:40,1
DA:44,1
LF:23
LH:23
BRDA:21,0,0,1
BRDA:21,0,1,1
BRDA:29,1,0,1
BRDA:29,1,1,1
BRDA:37,2,0,1
BRDA:37,2,1,1
BRF:6
BRH:6
end_of_record
TN:
SF:src\services\userServices.ts
FN:6,(anonymous_1)
FN:8,(anonymous_2)
FN:14,(anonymous_3)
FN:40,(anonymous_4)
FN:52,(anonymous_5)
FN:53,(anonymous_6)
FNF:6
FNH:6
FNDA:1,(anonymous_1)
FNDA:2,(anonymous_2)
FNDA:3,(anonymous_3)
FNDA:1,(anonymous_4)
FNDA:1,(anonymous_5)
FNDA:1,(anonymous_6)
DA:1,2
DA:2,2
DA:3,2
DA:5,2
DA:6,1
DA:9,2
DA:10,2
DA:11,1
DA:15,3
DA:16,3
DA:18,1
DA:20,1
DA:22,1
DA:30,1
DA:41,1
DA:42,1
DA:44,0
DA:45,0
DA:47,0
DA:49,0
DA:52,1
DA:53,1
LF:22
LH:18
BRDA:10,0,0,1
BRDA:10,0,1,1
BRDA:16,1,0,2
BRDA:16,1,1,1
BRDA:18,2,0,0
BRDA:18,2,1,1
BRDA:42,3,0,1
BRDA:42,3,1,0
BRDA:45,4,0,0
BRDA:45,4,1,0
BRF:10
BRH:6
end_of_record
TN:
SF:src\utils\email.ts
FN:6,createTransporter
FN:23,(anonymous_2)
FNF:2
FNH:1
FNDA:3,createTransporter
FNDA:0,(anonymous_2)
DA:1,3
DA:7,3
DA:9,3
DA:18,3
DA:21,3
DA:23,3
DA:24,0
DA:25,0
DA:26,0
DA:32,0
DA:34,0
DA:35,0
LF:12
LH:6
BRF:0
BRH:0
end_of_record
